#
# A fatal error has been detected by the Java Runtime Environment:
#
#  EXCEPTION_ACCESS_VIOLATION (0xc0000005) at pc=0x00007fffcfbdec52, pid=6876, tid=0x0000000000002f58
#
# JRE version: Java(TM) SE Runtime Environment (8.0_202-b08) (build 1.8.0_202-b08)
# Java VM: Java HotSpot(TM) 64-Bit Server VM (25.202-b08 mixed mode windows-amd64 compressed oops)
# Problematic frame:
# C  [ig12icd64.dll+0x16ec52]
#
# Failed to write core dump. Minidumps are not enabled by default on client versions of Windows
#
# If you would like to submit a bug report, please visit:
#   http://bugreport.java.com/bugreport/crash.jsp
# The crash happened outside the Java Virtual Machine in native code.
# See problematic frame for where to report the bug.
#

---------------  T H R E A D  ---------------

Current thread (0x000000001adeb800):  JavaThread "J3D-Renderer-1" daemon [_thread_in_native, id=12120, stack(0x0000000025520000,0x0000000025620000)]

siginfo: ExceptionCode=0xc0000005, reading address 0x00007fffd0a29e90

Registers:
RAX=0x0000000000007fff, RBX=0x000000002561e200, RCX=0x000000000019ffcc, RDX=0x000000002561e410
RSP=0x000000002561def8, RBP=0x000000002561e000, RSI=0x0000000000000001, RDI=0x000000002561e200
R8 =0x000000002561e030, R9 =0x000000002561e410, R10=0x0000000000000100, R11=0x000000002561e2a0
R12=0x0000000000000000, R13=0x0000000000000001, R14=0x00007fffd0889ea0, R15=0x0000000000000000
RIP=0x00007fffcfbdec52, EFLAGS=0x0000000000010206

Top of Stack: (sp=0x000000002561def8)
0x000000002561def8:   00007fffcfbdd4b2 000000002561e410
0x000000002561df08:   000000002561e000 0000000000000000
0x000000002561df18:   0000000000000000 0000000000000000
0x000000002561df28:   000000002561e120 0000000000000000
0x000000002561df38:   0000000000000f78 0000000000000001
0x000000002561df48:   00007fffcfadfc92 0000000000000000
0x000000002561df58:   00007fffcfadfec2 001000027a000004
0x000000002561df68:   0000000000000000 0000000000000000
0x000000002561df78:   000000002561e070 000000002561e068
0x000000002561df88:   0000000024409490 0000ac80a10fed0a
0x000000002561df98:   0000000000000000 0000000000000000
0x000000002561dfa8:   000000007797f299 00000000236863c0
0x000000002561dfb8:   00007ff886ccd69a 0000000001010090
0x000000002561dfc8:   0000000000000050 0000000023663960
0x000000002561dfd8:   00000000000000c0 00000000234e8ad0
0x000000002561dfe8:   00007fffcfbdd400 0000000000000000 

Instructions: (pc=0x00007fffcfbdec52)
0x00007fffcfbdec32:   31 08 41 89 40 44 42 8b 44 31 0c 41 89 40 48 42
0x00007fffcfbdec42:   8b 44 31 10 41 89 40 4c 48 63 43 78 48 6b c8 34
0x00007fffcfbdec52:   42 8b 44 31 24 41 89 40 50 42 8b 44 31 28 41 89
0x00007fffcfbdec62:   40 54 42 8b 44 31 2c 41 89 40 58 42 8b 44 31 30 


Register to memory mapping:

RAX=0x0000000000007fff is an unknown value
RBX=0x000000002561e200 is pointing into the stack for thread: 0x000000001adeb800
RCX=0x000000000019ffcc is an unknown value
RDX=0x000000002561e410 is pointing into the stack for thread: 0x000000001adeb800
RSP=0x000000002561def8 is pointing into the stack for thread: 0x000000001adeb800
RBP=0x000000002561e000 is pointing into the stack for thread: 0x000000001adeb800
RSI=0x0000000000000001 is an unknown value
RDI=0x000000002561e200 is pointing into the stack for thread: 0x000000001adeb800
R8 =0x000000002561e030 is pointing into the stack for thread: 0x000000001adeb800
R9 =0x000000002561e410 is pointing into the stack for thread: 0x000000001adeb800
R10=0x0000000000000100 is an unknown value
R11=0x000000002561e2a0 is pointing into the stack for thread: 0x000000001adeb800
R12=0x0000000000000000 is an unknown value
R13=0x0000000000000001 is an unknown value
R14=0x00007fffd0889ea0 is an unknown value
R15=0x0000000000000000 is an unknown value


Stack: [0x0000000025520000,0x0000000025620000],  sp=0x000000002561def8,  free space=1015k
Native frames: (J=compiled Java code, j=interpreted, Vv=VM code, C=native code)
C  [ig12icd64.dll+0x16ec52]
C  [ig12icd64.dll+0x16d4b2]
C  [ig12icd64.dll+0x173049]
C  [ig12icd64.dll+0x318b75]
C  [ig12icd64.dll+0x3195d4]
C  [ig12icd64.dll+0x31cdab]
C  [ig12icd64.dll+0x9516a0]
C  [ig12icd64.dll+0xd2cc1]
C  [ig12icd64.dll+0xd4a38]
C  [ig12icd64.dll+0x337dae]
C  [jogl_desktop.dll+0x1325b]
C  0x0000000002d830a8

Java frames: (J=compiled Java code, j=interpreted, Vv=VM code)
J 2280  jogamp.opengl.gl4.GL4bcImpl.dispatch_glMultiDrawArrays1(ILjava/lang/Object;IZLjava/lang/Object;IZIJ)V (0 bytes) @ 0x0000000002d83022 [0x0000000002d82f80+0xa2]
J 2809 C2 org.jogamp.java3d.JoglPipeline.executeGeometryArrayVA(Lorg/jogamp/java3d/Context;Lorg/jogamp/java3d/GeometryArrayRetained;IZZIIIILjava/nio/FloatBuffer;Ljava/nio/DoubleBuffer;ILjava/nio/FloatBuffer;Ljava/nio/ByteBuffer;ILjava/nio/FloatBuffer;I[I[I[Ljava/nio/FloatBuffer;I[II[II[Ljava/nio/FloatBuffer;I[II[I)V (826 bytes) @ 0x00000000033b9578 [0x00000000033b90c0+0x4b8]
J 2782 C2 org.jogamp.java3d.JoglPipeline.executeVABuffer(Lorg/jogamp/java3d/Context;Lorg/jogamp/java3d/GeometryArrayRetained;IZZIIIILjava/nio/Buffer;ILjava/nio/Buffer;[F[BILjava/nio/FloatBuffer;I[I[I[Ljava/nio/FloatBuffer;I[II[II[Ljava/lang/Object;I)V (390 bytes) @ 0x0000000003371908 [0x0000000003371580+0x388]
J 2808 C2 org.jogamp.java3d.GeometryArrayRetained.execute(Lorg/jogamp/java3d/Canvas3D;Lorg/jogamp/java3d/RenderAtom;ZZFIZ)V (1965 bytes) @ 0x00000000033af0c0 [0x00000000033aed20+0x3a0]
J 2340 C2 org.jogamp.java3d.RenderMolecule.render(Lorg/jogamp/java3d/Canvas3D;II)Z (330 bytes) @ 0x0000000002ec59f8 [0x0000000002ec51c0+0x838]
J 2670 C2 org.jogamp.java3d.TextureBin.renderList(Lorg/jogamp/java3d/Canvas3D;ILorg/jogamp/java3d/RenderMolecule;)V (97 bytes) @ 0x0000000003089d3c [0x0000000003089ce0+0x5c]
J 2712 C1 org.jogamp.java3d.ShaderBin.render(Lorg/jogamp/java3d/Canvas3D;)V (30 bytes) @ 0x000000000330d40c [0x000000000330cf80+0x48c]
j  org.jogamp.java3d.AttributeBin.render(Lorg/jogamp/java3d/Canvas3D;)V+82
j  org.jogamp.java3d.EnvironmentSet.render(Lorg/jogamp/java3d/Canvas3D;)V+17
J 2046 C1 org.jogamp.java3d.Renderer.doWork(J)V (6541 bytes) @ 0x000000000324f904 [0x0000000003239e80+0x15a84]
j  org.jogamp.java3d.J3dThread.run()V+19
v  ~StubRoutines::call_stub

---------------  P R O C E S S  ---------------

Java Threads: ( => current thread )
  0x0000000027df9000 JavaThread "Thread-0" daemon [_thread_in_native, id=4160, stack(0x000000002e9f0000,0x000000002eaf0000)]
  0x0000000026054800 JavaThread "J3D-InputDeviceScheduler-1" daemon [_thread_blocked, id=4344, stack(0x0000000029d90000,0x0000000029e90000)]
  0x0000000026055800 JavaThread "J3D-SoundSchedulerUpdateThread-1" daemon [_thread_blocked, id=15048, stack(0x0000000029c90000,0x0000000029d90000)]
  0x0000000026052800 JavaThread "J3D-RenderStructureUpdateThread-1" daemon [_thread_blocked, id=10316, stack(0x0000000029b90000,0x0000000029c90000)]
  0x0000000026054000 JavaThread "J3D-BehaviorScheduler-1" daemon [_thread_blocked, id=13680, stack(0x0000000029a90000,0x0000000029b90000)]
  0x0000000026057000 JavaThread "J3D-TransformStructureUpdateThread-1" daemon [_thread_blocked, id=10232, stack(0x0000000029990000,0x0000000029a90000)]
  0x0000000026051800 JavaThread "J3D-RenderingEnvironmentStructureUpdateThread-1" daemon [_thread_blocked, id=10228, stack(0x0000000029890000,0x0000000029990000)]
  0x0000000026057800 JavaThread "J3D-SoundStructureUpdateThread-1" daemon [_thread_blocked, id=16340, stack(0x0000000029790000,0x0000000029890000)]
  0x0000000026056000 JavaThread "J3D-GeometryStructureUpdateThread-1" daemon [_thread_blocked, id=14200, stack(0x0000000029690000,0x0000000029790000)]
  0x0000000026051000 JavaThread "J3D-BehaviorStructureUpdateThread-1" daemon [_thread_blocked, id=15596, stack(0x0000000029590000,0x0000000029690000)]
  0x0000000026053000 JavaThread "DestroyJavaVM" [_thread_blocked, id=15052, stack(0x0000000002730000,0x0000000002830000)]
  0x000000001d2fc000 JavaThread "AWT-EventQueue-0" [_thread_blocked, id=15588, stack(0x0000000028c90000,0x0000000028d90000)]
  0x000000001aa3a000 JavaThread "AWT-Shutdown" [_thread_blocked, id=6028, stack(0x000000001c900000,0x000000001ca00000)]
  0x000000001dabe800 JavaThread "Thread-5" [_thread_blocked, id=6948, stack(0x000000001af90000,0x000000001b090000)]
=>0x000000001adeb800 JavaThread "J3D-Renderer-1" daemon [_thread_in_native, id=12120, stack(0x0000000025520000,0x0000000025620000)]
  0x000000001aa2a800 JavaThread "J3D-MasterControl-1" daemon [_thread_blocked, id=8776, stack(0x0000000025420000,0x0000000025520000)]
  0x000000001aa29800 JavaThread "J3D-NotificationThread" daemon [_thread_blocked, id=7472, stack(0x0000000025320000,0x0000000025420000)]
  0x000000001adeb000 JavaThread "J3D-TimerThread" daemon [_thread_blocked, id=7156, stack(0x0000000025220000,0x0000000025320000)]
  0x000000001adea000 JavaThread "J3D-RenderingAttributesStructureUpdateThread" daemon [_thread_blocked, id=7628, stack(0x0000000025120000,0x0000000025220000)]
  0x000000001a719800 JavaThread "AWT-Windows" daemon [_thread_in_native, id=2472, stack(0x000000001b090000,0x000000001b190000)]
  0x000000001a716800 JavaThread "Java2D Disposer" daemon [_thread_blocked, id=3524, stack(0x000000001ae90000,0x000000001af90000)]
  0x00000000197a7800 JavaThread "Service Thread" daemon [_thread_blocked, id=12752, stack(0x000000001a2e0000,0x000000001a3e0000)]
  0x000000001971d000 JavaThread "C1 CompilerThread3" daemon [_thread_blocked, id=1008, stack(0x000000001a1e0000,0x000000001a2e0000)]
  0x0000000019715000 JavaThread "C2 CompilerThread2" daemon [_thread_blocked, id=652, stack(0x000000001a0e0000,0x000000001a1e0000)]
  0x000000001970c800 JavaThread "C2 CompilerThread1" daemon [_thread_blocked, id=7292, stack(0x0000000019fe0000,0x000000001a0e0000)]
  0x0000000019709800 JavaThread "C2 CompilerThread0" daemon [_thread_blocked, id=6512, stack(0x0000000019ee0000,0x0000000019fe0000)]
  0x0000000019707800 JavaThread "Attach Listener" daemon [_thread_blocked, id=5644, stack(0x0000000019de0000,0x0000000019ee0000)]
  0x000000001780e000 JavaThread "Signal Dispatcher" daemon [_thread_blocked, id=10096, stack(0x0000000019ce0000,0x0000000019de0000)]
  0x000000000292e800 JavaThread "Finalizer" daemon [_thread_blocked, id=3556, stack(0x0000000019ae0000,0x0000000019be0000)]
  0x0000000002927000 JavaThread "Reference Handler" daemon [_thread_blocked, id=7128, stack(0x00000000195e0000,0x00000000196e0000)]

Other Threads:
  0x00000000177fa000 VMThread [stack: 0x00000000194e0000,0x00000000195e0000] [id=5896]
  0x00000000197b9000 WatcherThread [stack: 0x000000001a3e0000,0x000000001a4e0000] [id=14000]

VM state:not at safepoint (normal execution)

VM Mutex/Monitor currently owned by a thread: None

heap address: 0x0000000083200000, size: 1998 MB, Compressed Oops mode: 32-bit
Narrow klass base: 0x0000000000000000, Narrow klass shift: 3
Compressed class space size: 1073741824 Address: 0x0000000100000000

Heap:
 PSYoungGen      total 412672K, used 41481K [0x00000000d6600000, 0x00000000f6c80000, 0x0000000100000000)
  eden space 404480K, 10% used [0x00000000d6600000,0x00000000d8e82448,0x00000000ef100000)
  from space 8192K, 0% used [0x00000000f6480000,0x00000000f6480000,0x00000000f6c80000)
  to   space 31232K, 0% used [0x00000000f2f80000,0x00000000f2f80000,0x00000000f4e00000)
 ParOldGen       total 142336K, used 73600K [0x0000000083200000, 0x000000008bd00000, 0x00000000d6600000)
  object space 142336K, 51% used [0x0000000083200000,0x00000000879e0388,0x000000008bd00000)
 Metaspace       used 22186K, capacity 22360K, committed 22576K, reserved 1069056K
  class space    used 2061K, capacity 2153K, committed 2176K, reserved 1048576K

Card table byte_map: [0x0000000011cf0000,0x00000000120e0000] byte_map_base: 0x00000000118d7000

Marking Bits: (ParMarkBitMap*) 0x0000000058315ce0
 Begin Bits: [0x0000000012b80000, 0x0000000014ab8000)
 End Bits:   [0x0000000014ab8000, 0x00000000169f0000)

Polling page: 0x0000000000ab0000

CodeCache: size=245760Kb used=11448Kb max_used=11453Kb free=234311Kb
 bounds [0x0000000002930000, 0x0000000003470000, 0x0000000011930000]
 total_blobs=3489 nmethods=2560 adapters=841
 compilation: enabled

Compilation events (10 events):
Event: 15.673 Thread 0x000000001971d000 2993       3       org.jogamp.java3d.JoglPipeline::resetTransparency (88 bytes)
Event: 15.673 Thread 0x000000001971d000 nmethod 2993 0x0000000003463310 code [0x00000000034634e0, 0x0000000003463d88]
Event: 15.703 Thread 0x000000001970c800 2994       4       jogamp.opengl.gl4.GL4bcImpl::glShadeModel (44 bytes)
Event: 15.703 Thread 0x000000001970c800 nmethod 2994 0x0000000003461cd0 code [0x0000000003461e20, 0x0000000003461ee8]
Event: 15.717 Thread 0x000000001971d000 2995       3       java.util.logging.LogManager$LoggerContext::ensureDefaultLogger (70 bytes)
Event: 15.717 Thread 0x000000001971d000 nmethod 2995 0x0000000003468490 code [0x0000000003468640, 0x0000000003468ec8]
Event: 15.717 Thread 0x000000001971d000 2997       3       java.util.Hashtable$Enumerator::hasMoreElements (53 bytes)
Event: 15.717 Thread 0x000000001971d000 nmethod 2997 0x000000000345ed10 code [0x000000000345ee80, 0x000000000345f150]
Event: 15.717 Thread 0x000000001971d000 2996  s    3       java.util.Hashtable::containsKey (65 bytes)
Event: 15.718 Thread 0x000000001971d000 nmethod 2996 0x0000000003467a50 code [0x0000000003467be0, 0x0000000003468218]

GC Heap History (10 events):
Event: 5.784 GC heap before
{Heap before GC invocations=17 (full 0):
 PSYoungGen      total 489984K, used 489725K [0x00000000d6600000, 0x00000000f7580000, 0x0000000100000000)
  eden space 488448K, 100% used [0x00000000d6600000,0x00000000f4300000,0x00000000f4300000)
  from space 1536K, 83% used [0x00000000f7400000,0x00000000f753f770,0x00000000f7580000)
  to   space 9216K, 0% used [0x00000000f6380000,0x00000000f6380000,0x00000000f6c80000)
 ParOldGen       total 86016K, used 12445K [0x0000000083200000, 0x0000000088600000, 0x00000000d6600000)
  object space 86016K, 14% used [0x0000000083200000,0x0000000083e27490,0x0000000088600000)
 Metaspace       used 19514K, capacity 19712K, committed 19968K, reserved 1067008K
  class space    used 1900K, capacity 1959K, committed 2048K, reserved 1048576K
Event: 5.787 GC heap after
Heap after GC invocations=17 (full 0):
 PSYoungGen      total 467456K, used 1533K [0x00000000d6600000, 0x00000000f7480000, 0x0000000100000000)
  eden space 465920K, 0% used [0x00000000d6600000,0x00000000d6600000,0x00000000f2d00000)
  from space 1536K, 99% used [0x00000000f6380000,0x00000000f64ff498,0x00000000f6500000)
  to   space 8704K, 0% used [0x00000000f6c00000,0x00000000f6c00000,0x00000000f7480000)
 ParOldGen       total 86016K, used 12757K [0x0000000083200000, 0x0000000088600000, 0x00000000d6600000)
  object space 86016K, 14% used [0x0000000083200000,0x0000000083e75490,0x0000000088600000)
 Metaspace       used 19514K, capacity 19712K, committed 19968K, reserved 1067008K
  class space    used 1900K, capacity 1959K, committed 2048K, reserved 1048576K
}
Event: 6.221 GC heap before
{Heap before GC invocations=18 (full 0):
 PSYoungGen      total 467456K, used 467453K [0x00000000d6600000, 0x00000000f7480000, 0x0000000100000000)
  eden space 465920K, 100% used [0x00000000d6600000,0x00000000f2d00000,0x00000000f2d00000)
  from space 1536K, 99% used [0x00000000f6380000,0x00000000f64ff498,0x00000000f6500000)
  to   space 8704K, 0% used [0x00000000f6c00000,0x00000000f6c00000,0x00000000f7480000)
 ParOldGen       total 86016K, used 12757K [0x0000000083200000, 0x0000000088600000, 0x00000000d6600000)
  object space 86016K, 14% used [0x0000000083200000,0x0000000083e75490,0x0000000088600000)
 Metaspace       used 19539K, capacity 19712K, committed 19968K, reserved 1067008K
  class space    used 1900K, capacity 1959K, committed 2048K, reserved 1048576K
Event: 6.224 GC heap after
Heap after GC invocations=18 (full 0):
 PSYoungGen      total 447488K, used 3053K [0x00000000d6600000, 0x00000000f6f00000, 0x0000000100000000)
  eden space 444416K, 0% used [0x00000000d6600000,0x00000000d6600000,0x00000000f1800000)
  from space 3072K, 99% used [0x00000000f6c00000,0x00000000f6efb628,0x00000000f6f00000)
  to   space 8192K, 0% used [0x00000000f5f00000,0x00000000f5f00000,0x00000000f6700000)
 ParOldGen       total 86016K, used 13061K [0x0000000083200000, 0x0000000088600000, 0x00000000d6600000)
  object space 86016K, 15% used [0x0000000083200000,0x0000000083ec1490,0x0000000088600000)
 Metaspace       used 19539K, capacity 19712K, committed 19968K, reserved 1067008K
  class space    used 1900K, capacity 1959K, committed 2048K, reserved 1048576K
}
Event: 6.612 GC heap before
{Heap before GC invocations=19 (full 0):
 PSYoungGen      total 447488K, used 447469K [0x00000000d6600000, 0x00000000f6f00000, 0x0000000100000000)
  eden space 444416K, 100% used [0x00000000d6600000,0x00000000f1800000,0x00000000f1800000)
  from space 3072K, 99% used [0x00000000f6c00000,0x00000000f6efb628,0x00000000f6f00000)
  to   space 8192K, 0% used [0x00000000f5f00000,0x00000000f5f00000,0x00000000f6700000)
 ParOldGen       total 86016K, used 13061K [0x0000000083200000, 0x0000000088600000, 0x00000000d6600000)
  object space 86016K, 15% used [0x0000000083200000,0x0000000083ec1490,0x0000000088600000)
 Metaspace       used 19571K, capacity 19712K, committed 19968K, reserved 1067008K
  class space    used 1904K, capacity 1959K, committed 2048K, reserved 1048576K
Event: 6.614 GC heap after
Heap after GC invocations=19 (full 0):
 PSYoungGen      total 425472K, used 1535K [0x00000000d6600000, 0x00000000f6c80000, 0x0000000100000000)
  eden space 423936K, 0% used [0x00000000d6600000,0x00000000d6600000,0x00000000f0400000)
  from space 1536K, 99% used [0x00000000f5f00000,0x00000000f607fc80,0x00000000f6080000)
  to   space 8192K, 0% used [0x00000000f6480000,0x00000000f6480000,0x00000000f6c80000)
 ParOldGen       total 86016K, used 13496K [0x0000000083200000, 0x0000000088600000, 0x00000000d6600000)
  object space 86016K, 15% used [0x0000000083200000,0x0000000083f2e350,0x0000000088600000)
 Metaspace       used 19571K, capacity 19712K, committed 19968K, reserved 1067008K
  class space    used 1904K, capacity 1959K, committed 2048K, reserved 1048576K
}
Event: 7.285 GC heap before
{Heap before GC invocations=20 (full 0):
 PSYoungGen      total 425472K, used 417194K [0x00000000d6600000, 0x00000000f6c80000, 0x0000000100000000)
  eden space 423936K, 98% used [0x00000000d6600000,0x00000000efbeac48,0x00000000f0400000)
  from space 1536K, 99% used [0x00000000f5f00000,0x00000000f607fc80,0x00000000f6080000)
  to   space 8192K, 0% used [0x00000000f6480000,0x00000000f6480000,0x00000000f6c80000)
 ParOldGen       total 86016K, used 13496K [0x0000000083200000, 0x0000000088600000, 0x00000000d6600000)
  object space 86016K, 15% used [0x0000000083200000,0x0000000083f2e350,0x0000000088600000)
 Metaspace       used 20836K, capacity 20992K, committed 21296K, reserved 1069056K
  class space    used 2023K, capacity 2087K, committed 2176K, reserved 1048576K
Event: 7.298 GC heap after
Heap after GC invocations=20 (full 0):
 PSYoungGen      total 412672K, used 8160K [0x00000000d6600000, 0x00000000f6c80000, 0x0000000100000000)
  eden space 404480K, 0% used [0x00000000d6600000,0x00000000d6600000,0x00000000ef100000)
  from space 8192K, 99% used [0x00000000f6480000,0x00000000f6c78110,0x00000000f6c80000)
  to   space 31232K, 0% used [0x00000000f2f80000,0x00000000f2f80000,0x00000000f4e00000)
 ParOldGen       total 86016K, used 71510K [0x0000000083200000, 0x0000000088600000, 0x00000000d6600000)
  object space 86016K, 83% used [0x0000000083200000,0x00000000877d5970,0x0000000088600000)
 Metaspace       used 20836K, capacity 20992K, committed 21296K, reserved 1069056K
  class space    used 2023K, capacity 2087K, committed 2176K, reserved 1048576K
}
Event: 7.298 GC heap before
{Heap before GC invocations=21 (full 1):
 PSYoungGen      total 412672K, used 8160K [0x00000000d6600000, 0x00000000f6c80000, 0x0000000100000000)
  eden space 404480K, 0% used [0x00000000d6600000,0x00000000d6600000,0x00000000ef100000)
  from space 8192K, 99% used [0x00000000f6480000,0x00000000f6c78110,0x00000000f6c80000)
  to   space 31232K, 0% used [0x00000000f2f80000,0x00000000f2f80000,0x00000000f4e00000)
 ParOldGen       total 86016K, used 71510K [0x0000000083200000, 0x0000000088600000, 0x00000000d6600000)
  object space 86016K, 83% used [0x0000000083200000,0x00000000877d5970,0x0000000088600000)
 Metaspace       used 20836K, capacity 20992K, committed 21296K, reserved 1069056K
  class space    used 2023K, capacity 2087K, committed 2176K, reserved 1048576K
Event: 7.336 GC heap after
Heap after GC invocations=21 (full 1):
 PSYoungGen      total 412672K, used 0K [0x00000000d6600000, 0x00000000f6c80000, 0x0000000100000000)
  eden space 404480K, 0% used [0x00000000d6600000,0x00000000d6600000,0x00000000ef100000)
  from space 8192K, 0% used [0x00000000f6480000,0x00000000f6480000,0x00000000f6c80000)
  to   space 31232K, 0% used [0x00000000f2f80000,0x00000000f2f80000,0x00000000f4e00000)
 ParOldGen       total 142336K, used 73600K [0x0000000083200000, 0x000000008bd00000, 0x00000000d6600000)
  object space 142336K, 51% used [0x0000000083200000,0x00000000879e0388,0x000000008bd00000)
 Metaspace       used 20836K, capacity 20992K, committed 21296K, reserved 1069056K
  class space    used 2023K, capacity 2087K, committed 2176K, reserved 1048576K
}

Deoptimization events (10 events):
Event: 10.699 Thread 0x0000000026056000 Uncommon trap: reason=array_check action=maybe_recompile pc=0x00000000032e5298 method=java.util.Arrays.fill([Ljava/lang/Object;IILjava/lang/Object;)V @ 20
Event: 10.716 Thread 0x0000000026057800 Uncommon trap: reason=array_check action=maybe_recompile pc=0x00000000032e5298 method=java.util.Arrays.fill([Ljava/lang/Object;IILjava/lang/Object;)V @ 20
Event: 10.716 Thread 0x0000000026056000 Uncommon trap: reason=array_check action=maybe_recompile pc=0x00000000032e5298 method=java.util.Arrays.fill([Ljava/lang/Object;IILjava/lang/Object;)V @ 20
Event: 10.716 Thread 0x0000000026055800 Uncommon trap: reason=array_check action=maybe_recompile pc=0x00000000032e5298 method=java.util.Arrays.fill([Ljava/lang/Object;IILjava/lang/Object;)V @ 20
Event: 11.048 Thread 0x0000000026052800 Uncommon trap: reason=unstable_if action=reinterpret pc=0x0000000003099254 method=org.jogamp.java3d.BHTree.aEncompassB(Lorg/jogamp/java3d/BoundingBox;Lorg/jogamp/java3d/BoundingBox;)Z @ 15
Event: 11.065 Thread 0x0000000026052800 Uncommon trap: reason=unstable_if action=reinterpret pc=0x0000000003069960 method=org.jogamp.java3d.BoundingBox.intersect(Lorg/jogamp/java3d/Bounds;)Z @ 66
Event: 11.085 Thread 0x000000001adeb800 Uncommon trap: reason=unstable_if action=reinterpret pc=0x0000000002e12294 method=org.jogamp.java3d.BoundingBox.intersect(Lorg/jogamp/java3d/CachedFrustum;)Z @ 51
Event: 11.211 Thread 0x000000001aa2a800 Uncommon trap: reason=class_check action=maybe_recompile pc=0x00000000030cea64 method=org.jogamp.java3d.RenderBin.lockGeometry()V @ 68
Event: 11.241 Thread 0x000000001aa2a800 Uncommon trap: reason=class_check action=maybe_recompile pc=0x00000000030cea64 method=org.jogamp.java3d.RenderBin.lockGeometry()V @ 68
Event: 14.797 Thread 0x000000001adeb800 Uncommon trap: reason=unstable_if action=reinterpret pc=0x0000000003386488 method=org.jogamp.java3d.RenderMolecule.updateAttributes(Lorg/jogamp/java3d/Canvas3D;I)V @ 33

Classes redefined (0 events):
No events

Internal exceptions (10 events):
Event: 5.844 Thread 0x0000000000ace000 Exception <a 'java/io/FileNotFoundException'> (0x00000000dac2ec28) thrown at [C:\re\workspace\8-2-build-windows-amd64-cygwin\jdk8u202\12323\hotspot\src\share\vm\prims\jni.cpp, line 710]
Event: 5.852 Thread 0x0000000000ace000 Exception <a 'java/io/FileNotFoundException'> (0x00000000db730c58) thrown at [C:\re\workspace\8-2-build-windows-amd64-cygwin\jdk8u202\12323\hotspot\src\share\vm\prims\jni.cpp, line 710]
Event: 5.861 Thread 0x0000000000ace000 Exception <a 'java/io/FileNotFoundException'> (0x00000000dc232c80) thrown at [C:\re\workspace\8-2-build-windows-amd64-cygwin\jdk8u202\12323\hotspot\src\share\vm\prims\jni.cpp, line 710]
Event: 5.869 Thread 0x0000000000ace000 Exception <a 'java/io/FileNotFoundException'> (0x00000000dcd34cb8) thrown at [C:\re\workspace\8-2-build-windows-amd64-cygwin\jdk8u202\12323\hotspot\src\share\vm\prims\jni.cpp, line 710]
Event: 5.877 Thread 0x0000000000ace000 Exception <a 'java/io/FileNotFoundException'> (0x00000000dd8377a8) thrown at [C:\re\workspace\8-2-build-windows-amd64-cygwin\jdk8u202\12323\hotspot\src\share\vm\prims\jni.cpp, line 710]
Event: 5.885 Thread 0x0000000000ace000 Exception <a 'java/io/FileNotFoundException'> (0x00000000de3397c0) thrown at [C:\re\workspace\8-2-build-windows-amd64-cygwin\jdk8u202\12323\hotspot\src\share\vm\prims\jni.cpp, line 710]
Event: 5.893 Thread 0x0000000000ace000 Exception <a 'java/io/FileNotFoundException'> (0x00000000dee3b7d8) thrown at [C:\re\workspace\8-2-build-windows-amd64-cygwin\jdk8u202\12323\hotspot\src\share\vm\prims\jni.cpp, line 710]
Event: 6.691 Thread 0x0000000000ace000 Exception <a 'java/io/FileNotFoundException'> (0x00000000dc1fec10) thrown at [C:\re\workspace\8-2-build-windows-amd64-cygwin\jdk8u202\12323\hotspot\src\share\vm\prims\jni.cpp, line 710]
Event: 6.740 Thread 0x0000000000ace000 Exception <a 'java/io/FileNotFoundException'> (0x00000000de938068) thrown at [C:\re\workspace\8-2-build-windows-amd64-cygwin\jdk8u202\12323\hotspot\src\share\vm\prims\jni.cpp, line 710]
Event: 6.816 Thread 0x0000000000ace000 Exception <a 'java/io/FileNotFoundException'> (0x00000000e1540d50) thrown at [C:\re\workspace\8-2-build-windows-amd64-cygwin\jdk8u202\12323\hotspot\src\share\vm\prims\jni.cpp, line 710]

Events (10 events):
Event: 15.725 loading class jogamp/opengl/egl/EGLGraphicsConfigurationFactory done
Event: 15.727 loading class com/jogamp/nativewindow/egl/EGLGraphicsDevice
Event: 15.727 loading class com/jogamp/nativewindow/egl/EGLGraphicsDevice done
Event: 15.728 loading class jogamp/opengl/egl/EGLDisplayUtil
Event: 15.728 loading class jogamp/opengl/egl/EGLDisplayUtil done
Event: 15.730 loading class com/jogamp/nativewindow/egl/EGLGraphicsDevice$EGLDisplayLifecycleCallback
Event: 15.730 loading class com/jogamp/nativewindow/egl/EGLGraphicsDevice$EGLDisplayLifecycleCallback done
Event: 15.731 loading class jogamp/opengl/egl/EGLDisplayUtil$1
Event: 15.731 loading class jogamp/opengl/egl/EGLDisplayUtil$1 done
Event: 15.731 Thread 0x0000000027dfc000 Thread exited: 0x0000000027dfc000


Dynamic libraries:
0x00007ff680440000 - 0x00007ff680477000 	C:\Program Files\Java\jre1.8.0_202\bin\javaw.exe
0x00007ff886c90000 - 0x00007ff886ea7000 	C:\WINDOWS\SYSTEM32\ntdll.dll
0x00007ff8860c0000 - 0x00007ff886184000 	C:\WINDOWS\System32\KERNEL32.DLL
0x00007ff884250000 - 0x00007ff884621000 	C:\WINDOWS\System32\KERNELBASE.dll
0x00007ff884960000 - 0x00007ff884a11000 	C:\WINDOWS\System32\ADVAPI32.dll
0x00007ff886700000 - 0x00007ff8867a7000 	C:\WINDOWS\System32\msvcrt.dll
0x00007ff8862a0000 - 0x00007ff886347000 	C:\WINDOWS\System32\sechost.dll
0x00007ff884040000 - 0x00007ff884068000 	C:\WINDOWS\System32\bcrypt.dll
0x00007ff885c60000 - 0x00007ff885d74000 	C:\WINDOWS\System32\RPCRT4.dll
0x00007ff884a40000 - 0x00007ff884bf1000 	C:\WINDOWS\System32\USER32.dll
0x00007ff883ef0000 - 0x00007ff883f16000 	C:\WINDOWS\System32\win32u.dll
0x00007ff8864c0000 - 0x00007ff8864e9000 	C:\WINDOWS\System32\GDI32.dll
0x00007ff883f20000 - 0x00007ff88403b000 	C:\WINDOWS\System32\gdi32full.dll
0x00007ff884070000 - 0x00007ff88410a000 	C:\WINDOWS\System32\msvcp_win.dll
0x00007ff883dd0000 - 0x00007ff883ee1000 	C:\WINDOWS\System32\ucrtbase.dll
0x00007ff86c600000 - 0x00007ff86c892000 	C:\WINDOWS\WinSxS\amd64_microsoft.windows.common-controls_6595b64144ccf1df_6.0.22621.4830_none_270fe7d773858e80\COMCTL32.dll
0x00007ff886630000 - 0x00007ff886661000 	C:\WINDOWS\System32\IMM32.DLL
0x00000000583a0000 - 0x0000000058472000 	C:\Program Files\Java\jre1.8.0_202\bin\msvcr100.dll
0x0000000057af0000 - 0x0000000058395000 	C:\Program Files\Java\jre1.8.0_202\bin\server\jvm.dll
0x00007ff884cf0000 - 0x00007ff884cf8000 	C:\WINDOWS\System32\PSAPI.DLL
0x00007ff87b9c0000 - 0x00007ff87b9c9000 	C:\WINDOWS\SYSTEM32\WSOCK32.dll
0x00007ff87da90000 - 0x00007ff87dac4000 	C:\WINDOWS\SYSTEM32\WINMM.dll
0x00007ff879ba0000 - 0x00007ff879baa000 	C:\WINDOWS\SYSTEM32\VERSION.dll
0x00007ff885f90000 - 0x00007ff886001000 	C:\WINDOWS\System32\WS2_32.dll
0x00007ff87b9b0000 - 0x00007ff87b9bf000 	C:\Program Files\Java\jre1.8.0_202\bin\verify.dll
0x00007ff87b980000 - 0x00007ff87b9a9000 	C:\Program Files\Java\jre1.8.0_202\bin\java.dll
0x00007ff85f250000 - 0x00007ff85f266000 	C:\Program Files\Java\jre1.8.0_202\bin\zip.dll
0x00007ff8853d0000 - 0x00007ff885c58000 	C:\WINDOWS\System32\SHELL32.dll
0x00007ff884110000 - 0x00007ff88424f000 	C:\WINDOWS\System32\wintypes.dll
0x00007ff8867b0000 - 0x00007ff886b40000 	C:\WINDOWS\System32\combase.dll
0x00007ff881ce0000 - 0x00007ff8825ed000 	C:\WINDOWS\SYSTEM32\windows.storage.dll
0x00007ff886b40000 - 0x00007ff886c4a000 	C:\WINDOWS\System32\SHCORE.dll
0x00007ff8864f0000 - 0x00007ff88654e000 	C:\WINDOWS\System32\shlwapi.dll
0x00007ff883d00000 - 0x00007ff883d2b000 	C:\WINDOWS\SYSTEM32\profapi.dll
0x00007ff852b20000 - 0x00007ff852cb9000 	C:\Program Files\Java\jre1.8.0_202\bin\awt.dll
0x00007ff886550000 - 0x00007ff886627000 	C:\WINDOWS\System32\OLEAUT32.dll
0x00007ff87d7e0000 - 0x00007ff87d877000 	C:\WINDOWS\SYSTEM32\apphelp.dll
0x00007ff881310000 - 0x00007ff88133b000 	C:\WINDOWS\system32\DWMAPI.DLL
0x00007ff881050000 - 0x00007ff881103000 	C:\WINDOWS\system32\uxtheme.dll
0x00007ff849f00000 - 0x00007ff84a000000 	C:\WINDOWS\system32\opengl32.dll
0x00007ff84a0d0000 - 0x00007ff84a0fd000 	C:\WINDOWS\SYSTEM32\GLU32.dll
0x00007ff8811a0000 - 0x00007ff8811d7000 	C:\WINDOWS\SYSTEM32\dxcore.dll
0x00007ff886360000 - 0x00007ff8864bd000 	C:\WINDOWS\System32\MSCTF.dll
0x00007ff885220000 - 0x00007ff8853c1000 	C:\WINDOWS\System32\ole32.dll
0x00007ff882ee0000 - 0x00007ff882ef8000 	C:\WINDOWS\SYSTEM32\kernel.appcore.dll
0x00007ff8847a0000 - 0x00007ff88481b000 	C:\WINDOWS\System32\bcryptPrimitives.dll
0x00007ff8835d0000 - 0x00007ff8835eb000 	C:\WINDOWS\SYSTEM32\CRYPTSP.dll
0x00007ff882e40000 - 0x00007ff882e77000 	C:\WINDOWS\system32\rsaenh.dll
0x00007ff883470000 - 0x00007ff883498000 	C:\WINDOWS\SYSTEM32\USERENV.dll
0x00007ff8835f0000 - 0x00007ff8835fc000 	C:\WINDOWS\SYSTEM32\CRYPTBASE.dll
0x00007ff85cfd0000 - 0x00007ff85cfea000 	C:\Program Files\Java\jre1.8.0_202\bin\net.dll
0x00007ff866bf0000 - 0x00007ff866de5000 	C:\WINDOWS\SYSTEM32\urlmon.dll
0x00007ff86dcf0000 - 0x00007ff86dfaf000 	C:\WINDOWS\SYSTEM32\iertutil.dll
0x00007ff882810000 - 0x00007ff88281c000 	C:\WINDOWS\SYSTEM32\netutils.dll
0x00007ff86dcc0000 - 0x00007ff86dce8000 	C:\WINDOWS\SYSTEM32\srvcli.dll
0x00007ff883360000 - 0x00007ff8833ca000 	C:\WINDOWS\system32\mswsock.dll
0x00007ff882890000 - 0x00007ff8828bd000 	C:\WINDOWS\SYSTEM32\IPHLPAPI.DLL
0x00007ff884d10000 - 0x00007ff884d19000 	C:\WINDOWS\System32\NSI.dll
0x00007ff87ed60000 - 0x00007ff87ed79000 	C:\WINDOWS\SYSTEM32\dhcpcsvc6.DLL
0x00007ff87eb80000 - 0x00007ff87eb9f000 	C:\WINDOWS\SYSTEM32\dhcpcsvc.DLL
0x00007ff8828c0000 - 0x00007ff8829c2000 	C:\WINDOWS\SYSTEM32\DNSAPI.dll
0x00007ff85cfb0000 - 0x00007ff85cfc2000 	C:\Program Files\Java\jre1.8.0_202\bin\nio.dll
0x00007ff85cf90000 - 0x00007ff85cfa3000 	C:\Users\noahm\AppData\Local\Temp\jogamp_0000\file_cache\jln9144465369274935999\jln3807138801439521540\natives\windows-amd64\gluegen_rt.dll
0x00007ff87b970000 - 0x00007ff87b977000 	C:\Program Files\Java\jre1.8.0_202\bin\jawt.dll
0x00007ff8705a0000 - 0x00007ff8705ad000 	C:\Users\noahm\AppData\Local\Temp\jogamp_0000\file_cache\jln9144465369274935999\jln3807138801439521540\natives\windows-amd64\nativewindow_awt.dll
0x00007ff85cf70000 - 0x00007ff85cf85000 	C:\Users\noahm\AppData\Local\Temp\jogamp_0000\file_cache\jln9144465369274935999\jln3807138801439521540\natives\windows-amd64\nativewindow_win32.dll
0x00007ff85ce50000 - 0x00007ff85ced3000 	C:\Users\noahm\AppData\Local\Temp\jogamp_0000\file_cache\jln9144465369274935999\jln3807138801439521540\natives\windows-amd64\jogl_desktop.dll
0x00007ff852ee0000 - 0x00007ff852f32000 	C:\Users\noahm\AppData\Local\Temp\jogamp_0000\file_cache\jln9144465369274935999\jln3807138801439521540\natives\windows-amd64\jogl_mobile.dll
0x00007ff87b270000 - 0x00007ff87b2b9000 	C:\WINDOWS\SYSTEM32\directxdatabasehelper.dll
0x00007ff886010000 - 0x00007ff8860c0000 	C:\WINDOWS\System32\clbcatq.dll
0x00007ff87e920000 - 0x00007ff87ea64000 	C:\Windows\System32\AppXDeploymentClient.dll
0x00007fffcfa70000 - 0x00007fffd095d000 	C:\WINDOWS\System32\DriverStore\FileRepository\iigd_dch.inf_amd64_56663c64bec44963\ig12icd64.dll
0x00007ff8811e0000 - 0x00007ff8812d7000 	C:\WINDOWS\system32\dxgi.dll
0x00007ff877810000 - 0x00007ff8779b7000 	C:\WINDOWS\System32\DriverStore\FileRepository\iigd_dch.inf_amd64_56663c64bec44963\igdgmm64.dll
0x00007ff802f70000 - 0x00007ff803361000 	C:\WINDOWS\System32\DriverStore\FileRepository\iigd_dch.inf_amd64_56663c64bec44963\igdml64.dll
0x00007ff874f20000 - 0x00007ff87780a000 	C:\WINDOWS\System32\DriverStore\FileRepository\iigd_dch.inf_amd64_56663c64bec44963\igc64.dll
0x00007ff882c40000 - 0x00007ff882c8d000 	C:\WINDOWS\SYSTEM32\powrprof.dll
0x00007ff882c20000 - 0x00007ff882c33000 	C:\WINDOWS\SYSTEM32\UMPDC.dll
0x00007ff852ad0000 - 0x00007ff852b17000 	C:\Program Files\Java\jre1.8.0_202\bin\fontmanager.dll
0x00007ff86f640000 - 0x00007ff86f783000 	C:\WINDOWS\SYSTEM32\textinputframework.dll
0x00007ff85ce10000 - 0x00007ff85ce41000 	C:\Program Files\Java\jre1.8.0_202\bin\jpeg.dll
0x00007ff849140000 - 0x00007ff849182000 	C:\Program Files\Java\jre1.8.0_202\bin\t2k.dll
0x00007ff87d1f0000 - 0x00007ff87d325000 	C:\WINDOWS\SYSTEM32\CoreMessaging.dll
0x00007ff87aad0000 - 0x00007ff87ae3c000 	C:\WINDOWS\SYSTEM32\CoreUIComponents.dll
0x00007ff880ab0000 - 0x00007ff880ce2000 	C:\WINDOWS\SYSTEM32\dbghelp.dll

VM Arguments:
jvm_args: -Dfile.encoding=UTF-8 -Dstdout.encoding=UTF-8 -Dstderr.encoding=UTF-8 
java_command: museum.Museum
java_class_path (initial): C:\Users\noahm\eclipse-workspace\Museum\bin;C:\jars4java3d\gluegen-rt.jar;C:\jars4java3d\java3d-core.jar;C:\jars4java3d\java3d-examples.jar;C:\jars4java3d\java3d-utils.jar;C:\jars4java3d\jogamp-fat.jar;C:\jars4java3d\jogamp-fat-test.jar;C:\jars4java3d\jogl-demos.jar;C:\jars4java3d\jogl-fonts-p0.jar;C:\jars4java3d\vecmath.jar
Launcher Type: SUN_STANDARD

Environment Variables:
JAVA_HOME=C:\Program Files\Eclipse Adoptium\jdk-17.0.12.7-hotspot\
PATH=C:\Program Files\Common Files\Oracle\Java\javapath;C:\Program Files (x86)\Common Files\Oracle\Java\java8path;C:\Program Files (x86)\Common Files\Oracle\Java\javapath;C:\WINDOWS\system32;C:\WINDOWS;C:\WINDOWS\System32\Wbem;C:\WINDOWS\System32\WindowsPowerShell\v1.0\;C:\WINDOWS\System32\OpenSSH\;C:\Program Files\Git\cmd;C:\Program Files\Microsoft SQL Server\150\Tools\Binn\;C:\Program Files\Microsoft SQL Server\Client SDK\ODBC\170\Tools\Binn\;C:\Program Files\dotnet\;C:\Users\noahm\AppData\Local\Programs\Python\Python311\Scripts\;C:\Users\noahm\AppData\Local\Programs\Python\Python311\;C:\MinGW\bin;C:\Users\noahm\AppData\Local\Microsoft\WindowsApps;C:\cygwin64;C:\Users\noahm\AppData\Local\Programs\Microsoft VS Code\bin;C:\Users\noahm\.dotnet\tools;C:\Users\noahm\AppData\Local\GitHubDesktop\bin
USERNAME=noahm
OS=Windows_NT
PROCESSOR_IDENTIFIER=Intel64 Family 6 Model 140 Stepping 1, GenuineIntel



---------------  S Y S T E M  ---------------

OS: Windows 10.0 , 64 bit Build 22621 (10.0.22621.4974)

CPU:total 8 (initial active 8) (4 cores per cpu, 2 threads per core) family 6 model 140 stepping 1, cmov, cx8, fxsr, mmx, sse, sse2, sse3, ssse3, sse4.1, sse4.2, popcnt, avx, avx2, aes, clmul, erms, 3dnowpref, lzcnt, ht, tsc, tscinvbit, bmi1, bmi2, adx

Memory: 4k page, physical 8179000k(1333632k free), swap 14732600k(4304456k free)

vm_info: Java HotSpot(TM) 64-Bit Server VM (25.202-b08) for windows-amd64 JRE (1.8.0_202-b08), built on Dec 15 2018 19:54:30 by "java_re" with MS VC++ 10.0 (VS2010)

time: Thu Mar 27 14:46:08 2025
timezone: Eastern Daylight Time
elapsed time: 16 seconds (0d 0h 0m 16s)

