#
# A fatal error has been detected by the Java Runtime Environment:
#
#  EXCEPTION_ACCESS_VIOLATION (0xc0000005) at pc=0x00007ffe6732ec52, pid=2400, tid=0x00000000000024bc
#
# JRE version: Java(TM) SE Runtime Environment (8.0_202-b08) (build 1.8.0_202-b08)
# Java VM: Java HotSpot(TM) 64-Bit Server VM (25.202-b08 mixed mode windows-amd64 compressed oops)
# Problematic frame:
# C  [ig12icd64.dll+0x16ec52]
#
# Failed to write core dump. Minidumps are not enabled by default on client versions of Windows
#
# If you would like to submit a bug report, please visit:
#   http://bugreport.java.com/bugreport/crash.jsp
# The crash happened outside the Java Virtual Machine in native code.
# See problematic frame for where to report the bug.
#

---------------  T H R E A D  ---------------

Current thread (0x000000001ad77000):  JavaThread "J3D-Renderer-1" daemon [_thread_in_native, id=9404, stack(0x0000000024ea0000,0x0000000024fa0000)]

siginfo: ExceptionCode=0xc0000005, reading address 0x00007ffe68179e5c

Registers:
RAX=0x0000000000007ffe, RBX=0x0000000024f9dc90, RCX=0x000000000019ff98, RDX=0x0000000024f9dea0
RSP=0x0000000024f9d988, RBP=0x0000000024f9da90, RSI=0x0000000000000001, RDI=0x0000000024f9dc90
R8 =0x0000000024f9dac0, R9 =0x0000000024f9dea0, R10=0x0000000000000100, R11=0x0000000024f9dd30
R12=0x0000000000000000, R13=0x0000000000000001, R14=0x00007ffe67fd9ea0, R15=0x0000000000000000
RIP=0x00007ffe6732ec52, EFLAGS=0x0000000000010202

Top of Stack: (sp=0x0000000024f9d988)
0x0000000024f9d988:   00007ffe6732d4b2 0000000024f9dea0
0x0000000024f9d998:   0000000024f9da90 0000000000000000
0x0000000024f9d9a8:   0000000000000000 0000000000000000
0x0000000024f9d9b8:   0000000024f9dbb0 0000000000000000
0x0000000024f9d9c8:   0000000000000f78 0000000000000001
0x0000000024f9d9d8:   00007ffe6722fc92 0000000000000000
0x0000000024f9d9e8:   00007ffe6722fec2 001000027a000004
0x0000000024f9d9f8:   0000000000000000 0000000000000000
0x0000000024f9da08:   0000000024f9db00 0000000024f9daf8
0x0000000024f9da18:   00000000392c6ce0 0000b249480a9706
0x0000000024f9da28:   0000000000000000 0000000000000000
0x0000000024f9da38:   000000001770f299 0000000023abace0
0x0000000024f9da48:   00007fff280ad69a 00000000010800bd
0x0000000024f9da58:   0000000000000050 00000000238afbc0
0x0000000024f9da68:   00000000000000c0 0000000023caa6b0
0x0000000024f9da78:   00007ffe6732d400 0000000000000000 

Instructions: (pc=0x00007ffe6732ec52)
0x00007ffe6732ec32:   31 08 41 89 40 44 42 8b 44 31 0c 41 89 40 48 42
0x00007ffe6732ec42:   8b 44 31 10 41 89 40 4c 48 63 43 78 48 6b c8 34
0x00007ffe6732ec52:   42 8b 44 31 24 41 89 40 50 42 8b 44 31 28 41 89
0x00007ffe6732ec62:   40 54 42 8b 44 31 2c 41 89 40 58 42 8b 44 31 30 


Register to memory mapping:

RAX=0x0000000000007ffe is an unknown value
RBX=0x0000000024f9dc90 is pointing into the stack for thread: 0x000000001ad77000
RCX=0x000000000019ff98 is an unknown value
RDX=0x0000000024f9dea0 is pointing into the stack for thread: 0x000000001ad77000
RSP=0x0000000024f9d988 is pointing into the stack for thread: 0x000000001ad77000
RBP=0x0000000024f9da90 is pointing into the stack for thread: 0x000000001ad77000
RSI=0x0000000000000001 is an unknown value
RDI=0x0000000024f9dc90 is pointing into the stack for thread: 0x000000001ad77000
R8 =0x0000000024f9dac0 is pointing into the stack for thread: 0x000000001ad77000
R9 =0x0000000024f9dea0 is pointing into the stack for thread: 0x000000001ad77000
R10=0x0000000000000100 is an unknown value
R11=0x0000000024f9dd30 is pointing into the stack for thread: 0x000000001ad77000
R12=0x0000000000000000 is an unknown value
R13=0x0000000000000001 is an unknown value
R14=0x00007ffe67fd9ea0 is an unknown value
R15=0x0000000000000000 is an unknown value


Stack: [0x0000000024ea0000,0x0000000024fa0000],  sp=0x0000000024f9d988,  free space=1014k
Native frames: (J=compiled Java code, j=interpreted, Vv=VM code, C=native code)
C  [ig12icd64.dll+0x16ec52]
C  [ig12icd64.dll+0x16d4b2]
C  [ig12icd64.dll+0x173049]
C  [ig12icd64.dll+0x318b75]
C  [ig12icd64.dll+0x3195d4]
C  [ig12icd64.dll+0x31cdab]
C  [ig12icd64.dll+0x9516a0]
C  [ig12icd64.dll+0xd2cc1]
C  [ig12icd64.dll+0xd4a38]
C  [ig12icd64.dll+0x337dae]
C  [jogl_desktop.dll+0x1325b]
C  0x00000000032b3528

Java frames: (J=compiled Java code, j=interpreted, Vv=VM code)
J 2628  jogamp.opengl.gl4.GL4bcImpl.dispatch_glMultiDrawArrays1(ILjava/lang/Object;IZLjava/lang/Object;IZIJ)V (0 bytes) @ 0x00000000032b34a2 [0x00000000032b3400+0xa2]
J 2627 C1 jogamp.opengl.gl4.GL4bcImpl.glMultiDrawArrays(I[II[III)V (172 bytes) @ 0x0000000003016dc4 [0x00000000030162c0+0xb04]
J 2578 C1 org.jogamp.java3d.JoglPipeline.executeGeometryArrayVA(Lorg/jogamp/java3d/Context;Lorg/jogamp/java3d/GeometryArrayRetained;IZZIIIILjava/nio/FloatBuffer;Ljava/nio/DoubleBuffer;ILjava/nio/FloatBuffer;Ljava/nio/ByteBuffer;ILjava/nio/FloatBuffer;I[I[I[Ljava/nio/FloatBuffer;I[II[II[Ljava/nio/FloatBuffer;I[II[I)V (826 bytes) @ 0x000000000330cd84 [0x000000000330a880+0x2504]
J 3133 C2 org.jogamp.java3d.JoglPipeline.executeVABuffer(Lorg/jogamp/java3d/Context;Lorg/jogamp/java3d/GeometryArrayRetained;IZZIIIILjava/nio/Buffer;ILjava/nio/Buffer;[F[BILjava/nio/FloatBuffer;I[I[I[Ljava/nio/FloatBuffer;I[II[II[Ljava/lang/Object;I)V (390 bytes) @ 0x0000000003441494 [0x0000000003441200+0x294]
J 3122 C2 org.jogamp.java3d.GeometryArrayRetained.execute(Lorg/jogamp/java3d/Canvas3D;Lorg/jogamp/java3d/RenderAtom;ZZFIZ)V (1965 bytes) @ 0x000000000345f964 [0x000000000345f5e0+0x384]
J 2800 C2 org.jogamp.java3d.VertexArrayRenderMethod.render(Lorg/jogamp/java3d/RenderMolecule;Lorg/jogamp/java3d/Canvas3D;Lorg/jogamp/java3d/RenderAtomListInfo;I)Z (202 bytes) @ 0x000000000327e72c [0x000000000327e2a0+0x48c]
J 2910 C2 org.jogamp.java3d.RenderMolecule.render(Lorg/jogamp/java3d/Canvas3D;II)Z (330 bytes) @ 0x0000000003254ec8 [0x0000000003254ce0+0x1e8]
J 3021 C2 org.jogamp.java3d.TextureBin.renderList(Lorg/jogamp/java3d/Canvas3D;ILorg/jogamp/java3d/RenderMolecule;)V (97 bytes) @ 0x00000000035703a4 [0x0000000003570320+0x84]
J 2861 C1 org.jogamp.java3d.AttributeBin.render(Lorg/jogamp/java3d/Canvas3D;)V (94 bytes) @ 0x0000000002fc75a4 [0x0000000002fc6d60+0x844]
J 2860 C1 org.jogamp.java3d.EnvironmentSet.render(Lorg/jogamp/java3d/Canvas3D;)V (29 bytes) @ 0x0000000002fc66d4 [0x0000000002fc64a0+0x234]
J 2370 C1 org.jogamp.java3d.Renderer.doWork(J)V (6541 bytes) @ 0x0000000003493704 [0x000000000347dc80+0x15a84]
j  org.jogamp.java3d.J3dThread.run()V+19
v  ~StubRoutines::call_stub

---------------  P R O C E S S  ---------------

Java Threads: ( => current thread )
  0x000000001cf0c000 JavaThread "J3D-InputDeviceScheduler-1" daemon [_thread_blocked, id=15176, stack(0x0000000034a70000,0x0000000034b70000)]
  0x000000001cf0f000 JavaThread "J3D-SoundSchedulerUpdateThread-1" daemon [_thread_blocked, id=10536, stack(0x0000000034970000,0x0000000034a70000)]
  0x000000001cf0e800 JavaThread "J3D-RenderStructureUpdateThread-1" daemon [_thread_blocked, id=8752, stack(0x0000000034870000,0x0000000034970000)]
  0x000000001cf0a800 JavaThread "J3D-BehaviorScheduler-1" daemon [_thread_blocked, id=1596, stack(0x0000000034770000,0x0000000034870000)]
  0x000000001cf0b800 JavaThread "J3D-TransformStructureUpdateThread-1" daemon [_thread_blocked, id=14604, stack(0x0000000034670000,0x0000000034770000)]
  0x000000001cf0a000 JavaThread "J3D-RenderingEnvironmentStructureUpdateThread-1" daemon [_thread_blocked, id=13788, stack(0x0000000034570000,0x0000000034670000)]
  0x000000001cf0d800 JavaThread "J3D-SoundStructureUpdateThread-1" daemon [_thread_blocked, id=14772, stack(0x0000000034470000,0x0000000034570000)]
  0x0000000019b0b800 JavaThread "J3D-GeometryStructureUpdateThread-1" daemon [_thread_blocked, id=17868, stack(0x0000000034370000,0x0000000034470000)]
  0x0000000025da6800 JavaThread "J3D-BehaviorStructureUpdateThread-1" daemon [_thread_blocked, id=3332, stack(0x0000000034270000,0x0000000034370000)]
  0x00000000028de000 JavaThread "DestroyJavaVM" [_thread_blocked, id=4620, stack(0x00000000028e0000,0x00000000029e0000)]
  0x00000000273a8800 JavaThread "AWT-EventQueue-0" [_thread_blocked, id=14636, stack(0x0000000033970000,0x0000000033a70000)]
  0x0000000026c50800 JavaThread "AWT-Shutdown" [_thread_blocked, id=9436, stack(0x0000000033870000,0x0000000033970000)]
  0x00000000274b5800 JavaThread "Thread-5" [_thread_blocked, id=17424, stack(0x0000000033770000,0x0000000033870000)]
=>0x000000001ad77000 JavaThread "J3D-Renderer-1" daemon [_thread_in_native, id=9404, stack(0x0000000024ea0000,0x0000000024fa0000)]
  0x000000001ad2e000 JavaThread "J3D-MasterControl-1" daemon [_thread_blocked, id=7524, stack(0x0000000024da0000,0x0000000024ea0000)]
  0x000000001ad2d000 JavaThread "J3D-NotificationThread" daemon [_thread_blocked, id=2776, stack(0x0000000024ca0000,0x0000000024da0000)]
  0x000000001aabb000 JavaThread "J3D-TimerThread" daemon [_thread_blocked, id=17736, stack(0x0000000024ba0000,0x0000000024ca0000)]
  0x000000001ce07800 JavaThread "J3D-RenderingAttributesStructureUpdateThread" daemon [_thread_blocked, id=4016, stack(0x0000000024aa0000,0x0000000024ba0000)]
  0x0000000019c4d800 JavaThread "Java2D Disposer" daemon [_thread_blocked, id=5288, stack(0x000000001afa0000,0x000000001b0a0000)]
  0x0000000019918000 JavaThread "Service Thread" daemon [_thread_blocked, id=16492, stack(0x000000001a450000,0x000000001a550000)]
  0x000000001988b000 JavaThread "C1 CompilerThread3" daemon [_thread_blocked, id=17468, stack(0x000000001a350000,0x000000001a450000)]
  0x0000000019885800 JavaThread "C2 CompilerThread2" daemon [_thread_blocked, id=10248, stack(0x000000001a250000,0x000000001a350000)]
  0x0000000019880800 JavaThread "C2 CompilerThread1" daemon [_thread_blocked, id=3772, stack(0x000000001a150000,0x000000001a250000)]
  0x0000000019879800 JavaThread "C2 CompilerThread0" daemon [_thread_blocked, id=9324, stack(0x000000001a050000,0x000000001a150000)]
  0x0000000019878000 JavaThread "Attach Listener" daemon [_thread_blocked, id=10016, stack(0x0000000019f50000,0x000000001a050000)]
  0x0000000019877000 JavaThread "Signal Dispatcher" daemon [_thread_blocked, id=14716, stack(0x0000000019e50000,0x0000000019f50000)]
  0x0000000002ad9800 JavaThread "Finalizer" daemon [_thread_blocked, id=18192, stack(0x0000000019c50000,0x0000000019d50000)]
  0x0000000002ad8000 JavaThread "Reference Handler" daemon [_thread_blocked, id=10104, stack(0x0000000019750000,0x0000000019850000)]

Other Threads:
  0x000000001797a000 VMThread [stack: 0x0000000019650000,0x0000000019750000] [id=5384]

VM state:at safepoint (normal execution)

VM Mutex/Monitor currently owned by a thread:  ([mutex/lock_event])
[0x00000000028dd630] Threads_lock - owner thread: 0x000000001797a000

heap address: 0x0000000083200000, size: 1998 MB, Compressed Oops mode: 32-bit
Narrow klass base: 0x0000000000000000, Narrow klass shift: 3
Compressed class space size: 1073741824 Address: 0x0000000100000000

Heap:
 PSYoungGen      total 454656K, used 275470K [0x00000000d6600000, 0x0000000100000000, 0x0000000100000000)
  eden space 227328K, 70% used [0x00000000d6600000,0x00000000e02ca278,0x00000000e4400000)
  from space 227328K, 50% used [0x00000000e4400000,0x00000000eb4395a0,0x00000000f2200000)
  to   space 227328K, 0% used [0x00000000f2200000,0x00000000f2200000,0x0000000100000000)
 ParOldGen       total 643072K, used 379217K [0x0000000083200000, 0x00000000aa600000, 0x00000000d6600000)
  object space 643072K, 58% used [0x0000000083200000,0x000000009a454628,0x00000000aa600000)
 Metaspace       used 22660K, capacity 22856K, committed 23296K, reserved 1071104K
  class space    used 2141K, capacity 2217K, committed 2304K, reserved 1048576K

Card table byte_map: [0x0000000011ea0000,0x0000000012290000] byte_map_base: 0x0000000011a87000

Marking Bits: (ParMarkBitMap*) 0x0000000051945ce0
 Begin Bits: [0x0000000012d30000, 0x0000000014c68000)
 End Bits:   [0x0000000014c68000, 0x0000000016ba0000)

Polling page: 0x0000000000fa0000

CodeCache: size=245760Kb used=11155Kb max_used=11182Kb free=234604Kb
 bounds [0x0000000002ae0000, 0x00000000035e0000, 0x0000000011ae0000]
 total_blobs=3474 nmethods=2532 adapters=853
 compilation: enabled

Compilation events (10 events):
Event: 31.500 Thread 0x000000001988b000 3136       3       java.util.Hashtable$Enumerator::hasMoreElements (53 bytes)
Event: 31.500 Thread 0x000000001988b000 nmethod 3136 0x0000000003445050 code [0x00000000034451c0, 0x0000000003445490]
Event: 31.500 Thread 0x000000001988b000 3135  s    3       java.util.Hashtable::containsKey (65 bytes)
Event: 31.501 Thread 0x000000001988b000 nmethod 3135 0x0000000003444610 code [0x00000000034447a0, 0x0000000003444dd8]
Event: 31.511 Thread 0x0000000019880800 3137       4       java.util.HashMap::clear (50 bytes)
Event: 31.512 Thread 0x0000000019880800 nmethod 3137 0x00000000033c5a10 code [0x00000000033c5b40, 0x00000000033c5c58]
Event: 31.513 Thread 0x000000001988b000 3138       3       java.util.jar.Attributes$Name::equals (39 bytes)
Event: 31.513 Thread 0x000000001988b000 nmethod 3138 0x0000000003443e90 code [0x0000000003444020, 0x00000000034444c8]
Event: 31.513 Thread 0x000000001988b000 3139       3       sun.misc.ASCIICaseInsensitiveComparator::compare (13 bytes)
Event: 31.513 Thread 0x000000001988b000 nmethod 3139 0x00000000034438d0 code [0x0000000003443a40, 0x0000000003443da8]

GC Heap History (10 events):
Event: 20.643 GC heap before
{Heap before GC invocations=43 (full 5):
 PSYoungGen      total 453120K, used 371540K [0x00000000d6600000, 0x00000000ff480000, 0x0000000100000000)
  eden space 249344K, 100% used [0x00000000d6600000,0x00000000e5980000,0x00000000e5980000)
  from space 203776K, 59% used [0x00000000f2480000,0x00000000f9bd5108,0x00000000feb80000)
  to   space 207872K, 0% used [0x00000000e5980000,0x00000000e5980000,0x00000000f2480000)
 ParOldGen       total 643072K, used 272974K [0x0000000083200000, 0x00000000aa600000, 0x00000000d6600000)
  object space 643072K, 42% used [0x0000000083200000,0x0000000093c93848,0x00000000aa600000)
 Metaspace       used 21008K, capacity 21208K, committed 21632K, reserved 1069056K
  class space    used 2057K, capacity 2119K, committed 2176K, reserved 1048576K
Event: 20.699 GC heap after
Heap after GC invocations=43 (full 5):
 PSYoungGen      total 457216K, used 160739K [0x00000000d6600000, 0x0000000100000000, 0x0000000100000000)
  eden space 249344K, 0% used [0x00000000d6600000,0x00000000d6600000,0x00000000e5980000)
  from space 207872K, 77% used [0x00000000e5980000,0x00000000ef678e88,0x00000000f2480000)
  to   space 224768K, 0% used [0x00000000f2480000,0x00000000f2480000,0x0000000100000000)
 ParOldGen       total 643072K, used 272974K [0x0000000083200000, 0x00000000aa600000, 0x00000000d6600000)
  object space 643072K, 42% used [0x0000000083200000,0x0000000093c93848,0x00000000aa600000)
 Metaspace       used 21008K, capacity 21208K, committed 21632K, reserved 1069056K
  class space    used 2057K, capacity 2119K, committed 2176K, reserved 1048576K
}
Event: 20.889 GC heap before
{Heap before GC invocations=44 (full 5):
 PSYoungGen      total 457216K, used 410083K [0x00000000d6600000, 0x0000000100000000, 0x0000000100000000)
  eden space 249344K, 100% used [0x00000000d6600000,0x00000000e5980000,0x00000000e5980000)
  from space 207872K, 77% used [0x00000000e5980000,0x00000000ef678e88,0x00000000f2480000)
  to   space 224768K, 0% used [0x00000000f2480000,0x00000000f2480000,0x0000000100000000)
 ParOldGen       total 643072K, used 272974K [0x0000000083200000, 0x00000000aa600000, 0x00000000d6600000)
  object space 643072K, 42% used [0x0000000083200000,0x0000000093c93848,0x00000000aa600000)
 Metaspace       used 21008K, capacity 21208K, committed 21632K, reserved 1069056K
  class space    used 2057K, capacity 2119K, committed 2176K, reserved 1048576K
Event: 20.964 GC heap after
Heap after GC invocations=44 (full 5):
 PSYoungGen      total 452096K, used 209345K [0x00000000d6600000, 0x0000000100000000, 0x0000000100000000)
  eden space 227328K, 0% used [0x00000000d6600000,0x00000000d6600000,0x00000000e4400000)
  from space 224768K, 93% used [0x00000000f2480000,0x00000000ff0f0490,0x0000000100000000)
  to   space 227328K, 0% used [0x00000000e4400000,0x00000000e4400000,0x00000000f2200000)
 ParOldGen       total 643072K, used 272974K [0x0000000083200000, 0x00000000aa600000, 0x00000000d6600000)
  object space 643072K, 42% used [0x0000000083200000,0x0000000093c93848,0x00000000aa600000)
 Metaspace       used 21008K, capacity 21208K, committed 21632K, reserved 1069056K
  class space    used 2057K, capacity 2119K, committed 2176K, reserved 1048576K
}
Event: 21.043 GC heap before
{Heap before GC invocations=45 (full 5):
 PSYoungGen      total 452096K, used 436673K [0x00000000d6600000, 0x0000000100000000, 0x0000000100000000)
  eden space 227328K, 100% used [0x00000000d6600000,0x00000000e4400000,0x00000000e4400000)
  from space 224768K, 93% used [0x00000000f2480000,0x00000000ff0f0490,0x0000000100000000)
  to   space 227328K, 0% used [0x00000000e4400000,0x00000000e4400000,0x00000000f2200000)
 ParOldGen       total 643072K, used 272974K [0x0000000083200000, 0x00000000aa600000, 0x00000000d6600000)
  object space 643072K, 42% used [0x0000000083200000,0x0000000093c93848,0x00000000aa600000)
 Metaspace       used 21008K, capacity 21208K, committed 21632K, reserved 1069056K
  class space    used 2057K, capacity 2119K, committed 2176K, reserved 1048576K
Event: 21.119 GC heap after
Heap after GC invocations=45 (full 5):
 PSYoungGen      total 454656K, used 190049K [0x00000000d6600000, 0x0000000100000000, 0x0000000100000000)
  eden space 227328K, 0% used [0x00000000d6600000,0x00000000d6600000,0x00000000e4400000)
  from space 227328K, 83% used [0x00000000e4400000,0x00000000efd985e8,0x00000000f2200000)
  to   space 227328K, 0% used [0x00000000f2200000,0x00000000f2200000,0x0000000100000000)
 ParOldGen       total 643072K, used 297933K [0x0000000083200000, 0x00000000aa600000, 0x00000000d6600000)
  object space 643072K, 46% used [0x0000000083200000,0x00000000954f3638,0x00000000aa600000)
 Metaspace       used 21008K, capacity 21208K, committed 21632K, reserved 1069056K
  class space    used 2057K, capacity 2119K, committed 2176K, reserved 1048576K
}
Event: 21.400 GC heap before
{Heap before GC invocations=46 (full 5):
 PSYoungGen      total 454656K, used 417377K [0x00000000d6600000, 0x0000000100000000, 0x0000000100000000)
  eden space 227328K, 100% used [0x00000000d6600000,0x00000000e4400000,0x00000000e4400000)
  from space 227328K, 83% used [0x00000000e4400000,0x00000000efd985e8,0x00000000f2200000)
  to   space 227328K, 0% used [0x00000000f2200000,0x00000000f2200000,0x0000000100000000)
 ParOldGen       total 643072K, used 297933K [0x0000000083200000, 0x00000000aa600000, 0x00000000d6600000)
  object space 643072K, 46% used [0x0000000083200000,0x00000000954f3638,0x00000000aa600000)
 Metaspace       used 21008K, capacity 21208K, committed 21632K, reserved 1069056K
  class space    used 2057K, capacity 2119K, committed 2176K, reserved 1048576K
Event: 21.480 GC heap after
Heap after GC invocations=46 (full 5):
 PSYoungGen      total 454656K, used 177227K [0x00000000d6600000, 0x0000000100000000, 0x0000000100000000)
  eden space 227328K, 0% used [0x00000000d6600000,0x00000000d6600000,0x00000000e4400000)
  from space 227328K, 77% used [0x00000000f2200000,0x00000000fcf12f78,0x0000000100000000)
  to   space 227328K, 0% used [0x00000000e4400000,0x00000000e4400000,0x00000000f2200000)
 ParOldGen       total 643072K, used 366367K [0x0000000083200000, 0x00000000aa600000, 0x00000000d6600000)
  object space 643072K, 56% used [0x0000000083200000,0x00000000997c7e90,0x00000000aa600000)
 Metaspace       used 21008K, capacity 21208K, committed 21632K, reserved 1069056K
  class space    used 2057K, capacity 2119K, committed 2176K, reserved 1048576K
}
Event: 21.818 GC heap before
{Heap before GC invocations=47 (full 5):
 PSYoungGen      total 454656K, used 404555K [0x00000000d6600000, 0x0000000100000000, 0x0000000100000000)
  eden space 227328K, 100% used [0x00000000d6600000,0x00000000e4400000,0x00000000e4400000)
  from space 227328K, 77% used [0x00000000f2200000,0x00000000fcf12f78,0x0000000100000000)
  to   space 227328K, 0% used [0x00000000e4400000,0x00000000e4400000,0x00000000f2200000)
 ParOldGen       total 643072K, used 366367K [0x0000000083200000, 0x00000000aa600000, 0x00000000d6600000)
  object space 643072K, 56% used [0x0000000083200000,0x00000000997c7e90,0x00000000aa600000)
 Metaspace       used 21008K, capacity 21208K, committed 21632K, reserved 1069056K
  class space    used 2057K, capacity 2119K, committed 2176K, reserved 1048576K
Event: 21.869 GC heap after
Heap after GC invocations=47 (full 5):
 PSYoungGen      total 454656K, used 114917K [0x00000000d6600000, 0x0000000100000000, 0x0000000100000000)
  eden space 227328K, 0% used [0x00000000d6600000,0x00000000d6600000,0x00000000e4400000)
  from space 227328K, 50% used [0x00000000e4400000,0x00000000eb4395a0,0x00000000f2200000)
  to   space 227328K, 0% used [0x00000000f2200000,0x00000000f2200000,0x0000000100000000)
 ParOldGen       total 643072K, used 379217K [0x0000000083200000, 0x00000000aa600000, 0x00000000d6600000)
  object space 643072K, 58% used [0x0000000083200000,0x000000009a454628,0x00000000aa600000)
 Metaspace       used 21008K, capacity 21208K, committed 21632K, reserved 1069056K
  class space    used 2057K, capacity 2119K, committed 2176K, reserved 1048576K
}

Deoptimization events (10 events):
Event: 24.367 Thread 0x000000001ad77000 Uncommon trap: reason=unstable_if action=reinterpret pc=0x00000000030e1330 method=org.jogamp.java3d.RenderMolecule.render(Lorg/jogamp/java3d/Canvas3D;II)Z @ 236
Event: 26.081 Thread 0x000000001cf0e800 Uncommon trap: reason=unstable_if action=reinterpret pc=0x0000000003284818 method=org.jogamp.java3d.BoundingBox.intersect(Lorg/jogamp/java3d/Bounds;)Z @ 258
Event: 26.098 Thread 0x000000001ad2e000 Uncommon trap: reason=class_check action=maybe_recompile pc=0x00000000032e5bc8 method=org.jogamp.java3d.RenderBin.lockGeometry()V @ 68
Event: 26.129 Thread 0x000000001ad2e000 Uncommon trap: reason=class_check action=maybe_recompile pc=0x00000000032e5bc8 method=org.jogamp.java3d.RenderBin.lockGeometry()V @ 68
Event: 26.134 Thread 0x000000001ad77000 Uncommon trap: reason=unstable_if action=reinterpret pc=0x0000000002f7c538 method=org.jogamp.java3d.BoundingBox.intersect(Lorg/jogamp/java3d/CachedFrustum;)Z @ 315
Event: 26.374 Thread 0x000000001cf0e800 Uncommon trap: reason=unstable_if action=reinterpret pc=0x00000000033e7ef4 method=org.jogamp.java3d.BHTree.aEncompassB(Lorg/jogamp/java3d/BoundingBox;Lorg/jogamp/java3d/BoundingBox;)Z @ 15
Event: 26.374 Thread 0x000000001cf0e800 Uncommon trap: reason=unstable_if action=reinterpret pc=0x000000000332c214 method=org.jogamp.java3d.BHTree.aEncompassB(Lorg/jogamp/java3d/BoundingBox;Lorg/jogamp/java3d/BoundingBox;)Z @ 15
Event: 26.374 Thread 0x000000001cf0e800 Uncommon trap: reason=unstable_if action=reinterpret pc=0x000000000355967c method=org.jogamp.java3d.BoundingBox.intersect(Lorg/jogamp/java3d/Bounds;)Z @ 66
Event: 26.986 Thread 0x000000001ad77000 Uncommon trap: reason=unstable_if action=reinterpret pc=0x000000000356ca90 method=org.jogamp.java3d.BoundingBox.intersect(Lorg/jogamp/java3d/CachedFrustum;)Z @ 351
Event: 29.878 Thread 0x000000001ad77000 Uncommon trap: reason=unstable_if action=reinterpret pc=0x00000000035a4380 method=org.jogamp.java3d.BoundingBox.intersect(Lorg/jogamp/java3d/CachedFrustum;)Z @ 33

Classes redefined (0 events):
No events

Internal exceptions (10 events):
Event: 10.649 Thread 0x00000000028de000 Exception <a 'java/io/FileNotFoundException'> (0x00000000e25f0bb0) thrown at [C:\re\workspace\8-2-build-windows-amd64-cygwin\jdk8u202\12323\hotspot\src\share\vm\prims\jni.cpp, line 710]
Event: 10.719 Thread 0x00000000028de000 Implicit null exception at 0x0000000002f2369d to 0x0000000002f23b15
Event: 10.728 Thread 0x00000000028de000 Exception <a 'java/io/FileNotFoundException'> (0x00000000e51dc258) thrown at [C:\re\workspace\8-2-build-windows-amd64-cygwin\jdk8u202\12323\hotspot\src\share\vm\prims\jni.cpp, line 710]
Event: 11.280 Thread 0x00000000028de000 Implicit null exception at 0x0000000002f14a2b to 0x0000000002f14c35
Event: 17.794 Thread 0x00000000028de000 Exception <a 'java/io/FileNotFoundException'> (0x00000000d7150520) thrown at [C:\re\workspace\8-2-build-windows-amd64-cygwin\jdk8u202\12323\hotspot\src\share\vm\prims\jni.cpp, line 710]
Event: 19.262 Thread 0x00000000028de000 Exception <a 'java/io/FileNotFoundException'> (0x00000000ddfd3bf0) thrown at [C:\re\workspace\8-2-build-windows-amd64-cygwin\jdk8u202\12323\hotspot\src\share\vm\prims\jni.cpp, line 710]
Event: 20.179 Thread 0x00000000028de000 Exception <a 'java/io/FileNotFoundException'> (0x00000000e31f4ba8) thrown at [C:\re\workspace\8-2-build-windows-amd64-cygwin\jdk8u202\12323\hotspot\src\share\vm\prims\jni.cpp, line 710]
Event: 20.191 Thread 0x00000000028de000 Exception <a 'java/io/FileNotFoundException'> (0x00000000e352f3a0) thrown at [C:\re\workspace\8-2-build-windows-amd64-cygwin\jdk8u202\12323\hotspot\src\share\vm\prims\jni.cpp, line 710]
Event: 21.792 Thread 0x00000000028de000 Exception <a 'java/io/FileNotFoundException'> (0x00000000e1f31798) thrown at [C:\re\workspace\8-2-build-windows-amd64-cygwin\jdk8u202\12323\hotspot\src\share\vm\prims\jni.cpp, line 710]
Event: 24.367 Thread 0x000000001ad77000 Implicit null exception at 0x000000000304f1d2 to 0x000000000304f40d

Events (10 events):
Event: 31.513 loading class jogamp/opengl/egl/EGLDisplayUtil
Event: 31.513 loading class jogamp/opengl/egl/EGLDisplayUtil done
Event: 31.513 loading class com/jogamp/nativewindow/egl/EGLGraphicsDevice$EGLDisplayLifecycleCallback
Event: 31.513 loading class com/jogamp/nativewindow/egl/EGLGraphicsDevice$EGLDisplayLifecycleCallback done
Event: 31.514 loading class jogamp/opengl/egl/EGLDisplayUtil$1
Event: 31.514 loading class jogamp/opengl/egl/EGLDisplayUtil$1 done
Event: 31.514 Thread 0x000000001cffa800 Thread exited: 0x000000001cffa800
Event: 31.530 Thread 0x000000001a8a3000 Thread exited: 0x000000001a8a3000
Event: 31.601 Thread 0x000000001cffb800 Thread exited: 0x000000001cffb800
Event: 31.601 Executing VM operation: Exit


Dynamic libraries:
0x00007ff706790000 - 0x00007ff7067c7000 	C:\Program Files\Java\jre1.8.0_202\bin\javaw.exe
0x00007fff28070000 - 0x00007fff28287000 	C:\WINDOWS\SYSTEM32\ntdll.dll
0x00007fff25f50000 - 0x00007fff26014000 	C:\WINDOWS\System32\KERNEL32.DLL
0x00007fff252d0000 - 0x00007fff256a1000 	C:\WINDOWS\System32\KERNELBASE.dll
0x00007fff27090000 - 0x00007fff27141000 	C:\WINDOWS\System32\ADVAPI32.dll
0x00007fff27f80000 - 0x00007fff28027000 	C:\WINDOWS\System32\msvcrt.dll
0x00007fff26040000 - 0x00007fff260e7000 	C:\WINDOWS\System32\sechost.dll
0x00007fff25d10000 - 0x00007fff25d38000 	C:\WINDOWS\System32\bcrypt.dll
0x00007fff261d0000 - 0x00007fff262e4000 	C:\WINDOWS\System32\RPCRT4.dll
0x00007fff275d0000 - 0x00007fff27781000 	C:\WINDOWS\System32\USER32.dll
0x00007fff25ab0000 - 0x00007fff25ad6000 	C:\WINDOWS\System32\win32u.dll
0x00007fff26f90000 - 0x00007fff26fb9000 	C:\WINDOWS\System32\GDI32.dll
0x00007fff25850000 - 0x00007fff2596b000 	C:\WINDOWS\System32\gdi32full.dll
0x00007fff257b0000 - 0x00007fff2584a000 	C:\WINDOWS\System32\msvcp_win.dll
0x00007fff251b0000 - 0x00007fff252c1000 	C:\WINDOWS\System32\ucrtbase.dll
0x00007fff13140000 - 0x00007fff133d2000 	C:\WINDOWS\WinSxS\amd64_microsoft.windows.common-controls_6595b64144ccf1df_6.0.22621.4830_none_270fe7d773858e80\COMCTL32.dll
0x00007fff26fd0000 - 0x00007fff27001000 	C:\WINDOWS\System32\IMM32.DLL
0x00000000519d0000 - 0x0000000051aa2000 	C:\Program Files\Java\jre1.8.0_202\bin\msvcr100.dll
0x0000000051120000 - 0x00000000519c5000 	C:\Program Files\Java\jre1.8.0_202\bin\server\jvm.dll
0x00007fff277a0000 - 0x00007fff277a8000 	C:\WINDOWS\System32\PSAPI.DLL
0x00007fff19850000 - 0x00007fff1985a000 	C:\WINDOWS\SYSTEM32\VERSION.dll
0x00007fff1f630000 - 0x00007fff1f664000 	C:\WINDOWS\SYSTEM32\WINMM.dll
0x00007fff1cac0000 - 0x00007fff1cac9000 	C:\WINDOWS\SYSTEM32\WSOCK32.dll
0x00007fff262f0000 - 0x00007fff26361000 	C:\WINDOWS\System32\WS2_32.dll
0x00007fff1c410000 - 0x00007fff1c41f000 	C:\Program Files\Java\jre1.8.0_202\bin\verify.dll
0x00007fff06810000 - 0x00007fff06839000 	C:\Program Files\Java\jre1.8.0_202\bin\java.dll
0x00007fff122b0000 - 0x00007fff122c6000 	C:\Program Files\Java\jre1.8.0_202\bin\zip.dll
0x00007fff26370000 - 0x00007fff26bf8000 	C:\WINDOWS\System32\SHELL32.dll
0x00007fff25970000 - 0x00007fff25aaf000 	C:\WINDOWS\System32\wintypes.dll
0x00007fff277b0000 - 0x00007fff27b40000 	C:\WINDOWS\System32\combase.dll
0x00007fff230c0000 - 0x00007fff239cd000 	C:\WINDOWS\SYSTEM32\windows.storage.dll
0x00007fff26c00000 - 0x00007fff26d0a000 	C:\WINDOWS\System32\SHCORE.dll
0x00007fff26f30000 - 0x00007fff26f8e000 	C:\WINDOWS\System32\shlwapi.dll
0x00007fff250e0000 - 0x00007fff2510b000 	C:\WINDOWS\SYSTEM32\profapi.dll
0x00007ffe91e70000 - 0x00007ffe92009000 	C:\Program Files\Java\jre1.8.0_202\bin\awt.dll
0x00007fff260f0000 - 0x00007fff261c7000 	C:\WINDOWS\System32\OLEAUT32.dll
0x00007fff1ebb0000 - 0x00007fff1ec47000 	C:\WINDOWS\SYSTEM32\apphelp.dll
0x00007fff226f0000 - 0x00007fff2271b000 	C:\WINDOWS\system32\DWMAPI.DLL
0x00007fff22430000 - 0x00007fff224e3000 	C:\WINDOWS\system32\uxtheme.dll
0x00007ffeeb1f0000 - 0x00007ffeeb2f0000 	C:\WINDOWS\system32\opengl32.dll
0x00007ffeeb5b0000 - 0x00007ffeeb5dd000 	C:\WINDOWS\SYSTEM32\GLU32.dll
0x00007fff22580000 - 0x00007fff225b7000 	C:\WINDOWS\SYSTEM32\dxcore.dll
0x00007fff27e00000 - 0x00007fff27f5d000 	C:\WINDOWS\System32\MSCTF.dll
0x00007fff25d90000 - 0x00007fff25f31000 	C:\WINDOWS\System32\ole32.dll
0x00007fff242c0000 - 0x00007fff242d8000 	C:\WINDOWS\SYSTEM32\kernel.appcore.dll
0x00007fff256b0000 - 0x00007fff2572b000 	C:\WINDOWS\System32\bcryptPrimitives.dll
0x00007fff249c0000 - 0x00007fff249db000 	C:\WINDOWS\SYSTEM32\CRYPTSP.dll
0x00007fff24220000 - 0x00007fff24257000 	C:\WINDOWS\system32\rsaenh.dll
0x00007fff24850000 - 0x00007fff24878000 	C:\WINDOWS\SYSTEM32\USERENV.dll
0x00007fff249b0000 - 0x00007fff249bc000 	C:\WINDOWS\SYSTEM32\CRYPTBASE.dll
0x00007fff12090000 - 0x00007fff120aa000 	C:\Program Files\Java\jre1.8.0_202\bin\net.dll
0x00007fff19b00000 - 0x00007fff19cf5000 	C:\WINDOWS\SYSTEM32\urlmon.dll
0x00007fff19580000 - 0x00007fff1983f000 	C:\WINDOWS\SYSTEM32\iertutil.dll
0x00007fff1a1f0000 - 0x00007fff1a218000 	C:\WINDOWS\SYSTEM32\srvcli.dll
0x00007fff23bf0000 - 0x00007fff23bfc000 	C:\WINDOWS\SYSTEM32\netutils.dll
0x00007fff24740000 - 0x00007fff247aa000 	C:\WINDOWS\system32\mswsock.dll
0x00007fff23c70000 - 0x00007fff23c9d000 	C:\WINDOWS\SYSTEM32\IPHLPAPI.DLL
0x00007fff26fc0000 - 0x00007fff26fc9000 	C:\WINDOWS\System32\NSI.dll
0x00007fff1f880000 - 0x00007fff1f899000 	C:\WINDOWS\SYSTEM32\dhcpcsvc6.DLL
0x00007fff1f860000 - 0x00007fff1f87f000 	C:\WINDOWS\SYSTEM32\dhcpcsvc.DLL
0x00007fff23cf0000 - 0x00007fff23df2000 	C:\WINDOWS\SYSTEM32\DNSAPI.dll
0x00007fff0e450000 - 0x00007fff0e462000 	C:\Program Files\Java\jre1.8.0_202\bin\nio.dll
0x00007fff0da60000 - 0x00007fff0da73000 	C:\Users\noahm\AppData\Local\Temp\jogamp_0000\file_cache\jln435523929236820460\jln6450230194978170857\natives\windows-amd64\gluegen_rt.dll
0x00007fff1c400000 - 0x00007fff1c407000 	C:\Program Files\Java\jre1.8.0_202\bin\jawt.dll
0x00007fff12ba0000 - 0x00007fff12bad000 	C:\Users\noahm\AppData\Local\Temp\jogamp_0000\file_cache\jln435523929236820460\jln6450230194978170857\natives\windows-amd64\nativewindow_awt.dll
0x00007ffef2d30000 - 0x00007ffef2d45000 	C:\Users\noahm\AppData\Local\Temp\jogamp_0000\file_cache\jln435523929236820460\jln6450230194978170857\natives\windows-amd64\nativewindow_win32.dll
0x00007ffef2a20000 - 0x00007ffef2aa3000 	C:\Users\noahm\AppData\Local\Temp\jogamp_0000\file_cache\jln435523929236820460\jln6450230194978170857\natives\windows-amd64\jogl_desktop.dll
0x00007ffef29c0000 - 0x00007ffef2a12000 	C:\Users\noahm\AppData\Local\Temp\jogamp_0000\file_cache\jln435523929236820460\jln6450230194978170857\natives\windows-amd64\jogl_mobile.dll
0x00007fff1aa80000 - 0x00007fff1aac9000 	C:\WINDOWS\SYSTEM32\directxdatabasehelper.dll
0x00007fff27bb0000 - 0x00007fff27c60000 	C:\WINDOWS\System32\clbcatq.dll
0x00007fff1eeb0000 - 0x00007fff1eff4000 	C:\Windows\System32\AppXDeploymentClient.dll
0x00007ffe671c0000 - 0x00007ffe680ad000 	C:\WINDOWS\System32\DriverStore\FileRepository\iigd_dch.inf_amd64_56663c64bec44963\ig12icd64.dll
0x00007fff225c0000 - 0x00007fff226b7000 	C:\WINDOWS\system32\dxgi.dll
0x00007fff175a0000 - 0x00007fff17747000 	C:\WINDOWS\System32\DriverStore\FileRepository\iigd_dch.inf_amd64_56663c64bec44963\igdgmm64.dll
0x00007ffec7380000 - 0x00007ffec7771000 	C:\WINDOWS\System32\DriverStore\FileRepository\iigd_dch.inf_amd64_56663c64bec44963\igdml64.dll
0x00007fff14ae0000 - 0x00007fff173ca000 	C:\WINDOWS\System32\DriverStore\FileRepository\iigd_dch.inf_amd64_56663c64bec44963\igc64.dll
0x00007fff24030000 - 0x00007fff2407d000 	C:\WINDOWS\SYSTEM32\powrprof.dll
0x00007fff24000000 - 0x00007fff24013000 	C:\WINDOWS\SYSTEM32\UMPDC.dll
0x00007ffef2970000 - 0x00007ffef29b7000 	C:\Program Files\Java\jre1.8.0_202\bin\fontmanager.dll
0x00007fff137c0000 - 0x00007fff13903000 	C:\WINDOWS\SYSTEM32\textinputframework.dll
0x00007ffef2c50000 - 0x00007ffef2c81000 	C:\Program Files\Java\jre1.8.0_202\bin\jpeg.dll
0x00007ffe6c6d0000 - 0x00007ffe6c91f000 	C:\Users\noahm\AppData\Local\Temp\jogamp_0000\file_cache\jln435523929236820460\jln6450230194978170857\natives\windows-amd64\OpenAL32.dll
0x00007ffef2d10000 - 0x00007ffef2d29000 	C:\Users\noahm\AppData\Local\Temp\jogamp_0000\file_cache\jln435523929236820460\jln6450230194978170857\natives\windows-amd64\joal.dll
0x00007fff12ed0000 - 0x00007fff12f6e000 	C:\WINDOWS\System32\MMDevApi.dll
0x00007fff24e70000 - 0x00007fff24e9c000 	C:\WINDOWS\System32\DEVOBJ.dll
0x00007fff24ea0000 - 0x00007fff24eee000 	C:\WINDOWS\SYSTEM32\cfgmgr32.dll
0x00007fff0c5d0000 - 0x00007fff0c7be000 	C:\WINDOWS\SYSTEM32\AUDIOSES.DLL
0x00007fff22a50000 - 0x00007fff22a65000 	C:\WINDOWS\SYSTEM32\resourcepolicyclient.dll
0x00007ffee5990000 - 0x00007ffee59d2000 	C:\Program Files\Java\jre1.8.0_202\bin\t2k.dll
0x00007ffece160000 - 0x00007ffece19e000 	C:\Program Files\Java\jre1.8.0_202\bin\lcms.dll
0x00007fff1e1a0000 - 0x00007fff1e2d5000 	C:\WINDOWS\SYSTEM32\CoreMessaging.dll
0x00007fff1a220000 - 0x00007fff1a58c000 	C:\WINDOWS\SYSTEM32\CoreUIComponents.dll
0x00007fff21e90000 - 0x00007fff220c2000 	C:\WINDOWS\SYSTEM32\dbghelp.dll

VM Arguments:
jvm_args: -Dfile.encoding=UTF-8 -Dstdout.encoding=UTF-8 -Dstderr.encoding=UTF-8 
java_command: museum.Museum
java_class_path (initial): C:\Users\noahm\eclipse-workspace\Museum\bin;C:\jars4java3d\gluegen-rt.jar;C:\jars4java3d\java3d-core.jar;C:\jars4java3d\java3d-examples.jar;C:\jars4java3d\java3d-utils.jar;C:\jars4java3d\jogamp-fat.jar;C:\jars4java3d\jogamp-fat-test.jar;C:\jars4java3d\jogl-demos.jar;C:\jars4java3d\jogl-fonts-p0.jar;C:\jars4java3d\vecmath.jar
Launcher Type: SUN_STANDARD

Environment Variables:
JAVA_HOME=C:\Program Files\Eclipse Adoptium\jdk-17.0.12.7-hotspot\
PATH=C:\Program Files\Common Files\Oracle\Java\javapath;C:\Program Files (x86)\Common Files\Oracle\Java\java8path;C:\Program Files (x86)\Common Files\Oracle\Java\javapath;C:\WINDOWS\system32;C:\WINDOWS;C:\WINDOWS\System32\Wbem;C:\WINDOWS\System32\WindowsPowerShell\v1.0\;C:\WINDOWS\System32\OpenSSH\;C:\Program Files\Git\cmd;C:\Program Files\Microsoft SQL Server\150\Tools\Binn\;C:\Program Files\Microsoft SQL Server\Client SDK\ODBC\170\Tools\Binn\;C:\Program Files\dotnet\;C:\Users\noahm\AppData\Local\Programs\Python\Python311\Scripts\;C:\Users\noahm\AppData\Local\Programs\Python\Python311\;C:\MinGW\bin;C:\Users\noahm\AppData\Local\Microsoft\WindowsApps;C:\cygwin64;C:\Users\noahm\AppData\Local\Programs\Microsoft VS Code\bin;C:\Users\noahm\.dotnet\tools;C:\Users\noahm\AppData\Local\GitHubDesktop\bin
USERNAME=noahm
OS=Windows_NT
PROCESSOR_IDENTIFIER=Intel64 Family 6 Model 140 Stepping 1, GenuineIntel



---------------  S Y S T E M  ---------------

OS: Windows 10.0 , 64 bit Build 22621 (10.0.22621.4974)

CPU:total 8 (initial active 8) (4 cores per cpu, 2 threads per core) family 6 model 140 stepping 1, cmov, cx8, fxsr, mmx, sse, sse2, sse3, ssse3, sse4.1, sse4.2, popcnt, avx, avx2, aes, clmul, erms, 3dnowpref, lzcnt, ht, tsc, tscinvbit, bmi1, bmi2, adx

Memory: 4k page, physical 8179000k(929852k free), swap 14732600k(2272660k free)

vm_info: Java HotSpot(TM) 64-Bit Server VM (25.202-b08) for windows-amd64 JRE (1.8.0_202-b08), built on Dec 15 2018 19:54:30 by "java_re" with MS VC++ 10.0 (VS2010)

time: Sun Mar 30 23:52:28 2025
timezone: Eastern Daylight Time
elapsed time: 31 seconds (0d 0h 0m 31s)

