#
# A fatal error has been detected by the Java Runtime Environment:
#
#  EXCEPTION_ACCESS_VIOLATION (0xc0000005) at pc=0x00007fff0be3ec52, pid=4080, tid=0x00000000000028e8
#
# JRE version: Java(TM) SE Runtime Environment (8.0_202-b08) (build 1.8.0_202-b08)
# Java VM: Java HotSpot(TM) 64-Bit Server VM (25.202-b08 mixed mode windows-amd64 compressed oops)
# Problematic frame:
# C  [ig12icd64.dll+0x16ec52]
#
# Failed to write core dump. Minidumps are not enabled by default on client versions of Windows
#
# If you would like to submit a bug report, please visit:
#   http://bugreport.java.com/bugreport/crash.jsp
# The crash happened outside the Java Virtual Machine in native code.
# See problematic frame for where to report the bug.
#

---------------  T H R E A D  ---------------

Current thread (0x000000001b1a2000):  JavaThread "J3D-Renderer-1" daemon [_thread_in_native, id=10472, stack(0x0000000025290000,0x0000000025390000)]

siginfo: ExceptionCode=0xc0000005, reading address 0x00007fff0cc89e90

Registers:
RAX=0x0000000000007fff, RBX=0x000000002538e4c0, RCX=0x000000000019ffcc, RDX=0x000000002538e6d0
RSP=0x000000002538e1b8, RBP=0x000000002538e2c0, RSI=0x0000000000000001, RDI=0x000000002538e4c0
R8 =0x000000002538e2f0, R9 =0x000000002538e6d0, R10=0x0000000000000080, R11=0x000000002538e560
R12=0x0000000000000000, R13=0x0000000000000001, R14=0x00007fff0cae9ea0, R15=0x0000000000000000
RIP=0x00007fff0be3ec52, EFLAGS=0x0000000000010206

Top of Stack: (sp=0x000000002538e1b8)
0x000000002538e1b8:   00007fff0be3d4b2 000000002538e6d0
0x000000002538e1c8:   000000002538e2c0 0000000000000000
0x000000002538e1d8:   0000000000000000 0000000000000000
0x000000002538e1e8:   000000002538e3e0 0000000000000000
0x000000002538e1f8:   0000000000000f78 0000000000000001
0x000000002538e208:   00007fff0bd3fc92 0000000000000000
0x000000002538e218:   00007fff0bd3fec2 001000027a000004
0x000000002538e228:   0000000000000000 0000000000000000
0x000000002538e238:   000000002538e330 000000002538e328
0x000000002538e248:   000000002427a0f0 000027cf3e19dd87
0x000000002538e258:   0000000000000000 0000000000000000
0x000000002538e268:   00000000b6adf299 0000000000eacb30
0x000000002538e278:   00007fffc5f4d69a 00000000009100ee
0x000000002538e288:   0000000000000050 00000000233e1000
0x000000002538e298:   00000000000000c0 000000001e055020
0x000000002538e2a8:   00007fff0be3d400 0000000000000000 

Instructions: (pc=0x00007fff0be3ec52)
0x00007fff0be3ec32:   31 08 41 89 40 44 42 8b 44 31 0c 41 89 40 48 42
0x00007fff0be3ec42:   8b 44 31 10 41 89 40 4c 48 63 43 78 48 6b c8 34
0x00007fff0be3ec52:   42 8b 44 31 24 41 89 40 50 42 8b 44 31 28 41 89
0x00007fff0be3ec62:   40 54 42 8b 44 31 2c 41 89 40 58 42 8b 44 31 30 


Register to memory mapping:

RAX=0x0000000000007fff is an unknown value
RBX=0x000000002538e4c0 is pointing into the stack for thread: 0x000000001b1a2000
RCX=0x000000000019ffcc is an unknown value
RDX=0x000000002538e6d0 is pointing into the stack for thread: 0x000000001b1a2000
RSP=0x000000002538e1b8 is pointing into the stack for thread: 0x000000001b1a2000
RBP=0x000000002538e2c0 is pointing into the stack for thread: 0x000000001b1a2000
RSI=0x0000000000000001 is an unknown value
RDI=0x000000002538e4c0 is pointing into the stack for thread: 0x000000001b1a2000
R8 =0x000000002538e2f0 is pointing into the stack for thread: 0x000000001b1a2000
R9 =0x000000002538e6d0 is pointing into the stack for thread: 0x000000001b1a2000
R10=0x0000000000000080 is an unknown value
R11=0x000000002538e560 is pointing into the stack for thread: 0x000000001b1a2000
R12=0x0000000000000000 is an unknown value
R13=0x0000000000000001 is an unknown value
R14=0x00007fff0cae9ea0 is an unknown value
R15=0x0000000000000000 is an unknown value


Stack: [0x0000000025290000,0x0000000025390000],  sp=0x000000002538e1b8,  free space=1016k
Native frames: (J=compiled Java code, j=interpreted, Vv=VM code, C=native code)
C  [ig12icd64.dll+0x16ec52]
C  [ig12icd64.dll+0x16d4b2]
C  [ig12icd64.dll+0x173049]
C  [ig12icd64.dll+0x318b75]
C  [ig12icd64.dll+0x3195d4]
C  [ig12icd64.dll+0x31cdab]
C  [ig12icd64.dll+0x9516a0]
C  [ig12icd64.dll+0xd2cc1]
C  [ig12icd64.dll+0xd4a38]
C  [ig12icd64.dll+0x337dae]
C  [jogl_desktop.dll+0x1325b]
C  0x00000000032fe628

Java frames: (J=compiled Java code, j=interpreted, Vv=VM code)
J 2216  jogamp.opengl.gl4.GL4bcImpl.dispatch_glMultiDrawArrays1(ILjava/lang/Object;IZLjava/lang/Object;IZIJ)V (0 bytes) @ 0x00000000032fe5a2 [0x00000000032fe500+0xa2]
J 2642 C2 org.jogamp.java3d.JoglPipeline.executeGeometryArrayVA(Lorg/jogamp/java3d/Context;Lorg/jogamp/java3d/GeometryArrayRetained;IZZIIIILjava/nio/FloatBuffer;Ljava/nio/DoubleBuffer;ILjava/nio/FloatBuffer;Ljava/nio/ByteBuffer;ILjava/nio/FloatBuffer;I[I[I[Ljava/nio/FloatBuffer;I[II[II[Ljava/nio/FloatBuffer;I[II[I)V (826 bytes) @ 0x0000000003948c84 [0x00000000039487e0+0x4a4]
J 2607 C2 org.jogamp.java3d.JoglPipeline.executeVABuffer(Lorg/jogamp/java3d/Context;Lorg/jogamp/java3d/GeometryArrayRetained;IZZIIIILjava/nio/Buffer;ILjava/nio/Buffer;[F[BILjava/nio/FloatBuffer;I[I[I[Ljava/nio/FloatBuffer;I[II[II[Ljava/lang/Object;I)V (390 bytes) @ 0x0000000003929dc8 [0x0000000003929a40+0x388]
J 2991 C2 org.jogamp.java3d.GeometryArrayRetained.execute(Lorg/jogamp/java3d/Canvas3D;Lorg/jogamp/java3d/RenderAtom;ZZFIZ)V (1965 bytes) @ 0x0000000003a4ceec [0x0000000003a4cba0+0x34c]
J 2983 C2 org.jogamp.java3d.VertexArrayRenderMethod.render(Lorg/jogamp/java3d/RenderMolecule;Lorg/jogamp/java3d/Canvas3D;Lorg/jogamp/java3d/RenderAtomListInfo;I)Z (202 bytes) @ 0x0000000003a4eccc [0x0000000003a4e820+0x4ac]
J 2984 C2 org.jogamp.java3d.RenderMolecule.render(Lorg/jogamp/java3d/Canvas3D;II)Z (330 bytes) @ 0x0000000003a54c78 [0x0000000003a54a80+0x1f8]
J 3349 C2 org.jogamp.java3d.RenderBin.renderOpaque(Lorg/jogamp/java3d/Canvas3D;)V (23 bytes) @ 0x00000000031115c8 [0x00000000031112a0+0x328]
J 3112 C2 org.jogamp.java3d.Renderer.doWork(J)V (6541 bytes) @ 0x0000000003ad5f08 [0x0000000003ad49c0+0x1548]
J 3392% C1 org.jogamp.java3d.J3dThread.run()V (37 bytes) @ 0x00000000033590e4 [0x0000000003358f00+0x1e4]
v  ~StubRoutines::call_stub

---------------  P R O C E S S  ---------------

Java Threads: ( => current thread )
  0x0000000019e61000 JavaThread "Thread-0" daemon [_thread_in_native, id=1196, stack(0x000000002f5e0000,0x000000002f6e0000)]
  0x00000000265af000 JavaThread "J3D-InputDeviceScheduler-1" daemon [_thread_blocked, id=5052, stack(0x0000000029bf0000,0x0000000029cf0000)]
  0x00000000265ad800 JavaThread "J3D-SoundSchedulerUpdateThread-1" daemon [_thread_blocked, id=3356, stack(0x0000000029af0000,0x0000000029bf0000)]
  0x00000000265ad000 JavaThread "J3D-RenderStructureUpdateThread-1" daemon [_thread_blocked, id=3348, stack(0x0000000025b90000,0x0000000025c90000)]
  0x00000000265ab800 JavaThread "J3D-BehaviorScheduler-1" daemon [_thread_blocked, id=13772, stack(0x0000000025a90000,0x0000000025b90000)]
  0x00000000265ae800 JavaThread "J3D-TransformStructureUpdateThread-1" daemon [_thread_blocked, id=8384, stack(0x0000000025990000,0x0000000025a90000)]
  0x00000000265b2000 JavaThread "J3D-RenderingEnvironmentStructureUpdateThread-1" daemon [_thread_blocked, id=14972, stack(0x0000000025890000,0x0000000025990000)]
  0x00000000265ac000 JavaThread "J3D-SoundStructureUpdateThread-1" daemon [_thread_blocked, id=8988, stack(0x0000000025790000,0x0000000025890000)]
  0x00000000265b0800 JavaThread "J3D-GeometryStructureUpdateThread-1" daemon [_thread_blocked, id=17344, stack(0x0000000025690000,0x0000000025790000)]
  0x00000000265b1800 JavaThread "J3D-BehaviorStructureUpdateThread-1" daemon [_thread_blocked, id=6760, stack(0x0000000025590000,0x0000000025690000)]
  0x00000000265b0000 JavaThread "DestroyJavaVM" [_thread_blocked, id=9632, stack(0x0000000002cc0000,0x0000000002dc0000)]
  0x000000001afa2000 JavaThread "AWT-EventQueue-0" [_thread_blocked, id=1404, stack(0x00000000291f0000,0x00000000292f0000)]
  0x000000001cfb7800 JavaThread "AWT-Shutdown" [_thread_blocked, id=5172, stack(0x000000001c110000,0x000000001c210000)]
  0x000000001d763800 JavaThread "Thread-5" [_thread_blocked, id=7828, stack(0x000000001b4b0000,0x000000001b5b0000)]
=>0x000000001b1a2000 JavaThread "J3D-Renderer-1" daemon [_thread_in_native, id=10472, stack(0x0000000025290000,0x0000000025390000)]
  0x000000001ceda000 JavaThread "J3D-MasterControl-1" daemon [_thread_blocked, id=14660, stack(0x0000000025190000,0x0000000025290000)]
  0x000000001aee2800 JavaThread "J3D-NotificationThread" daemon [_thread_blocked, id=17444, stack(0x0000000025090000,0x0000000025190000)]
  0x000000001b19f800 JavaThread "J3D-TimerThread" daemon [_thread_blocked, id=12016, stack(0x0000000024f90000,0x0000000025090000)]
  0x000000001aedc000 JavaThread "J3D-RenderingAttributesStructureUpdateThread" daemon [_thread_blocked, id=8380, stack(0x0000000024e90000,0x0000000024f90000)]
  0x000000001ac93000 JavaThread "AWT-Windows" daemon [_thread_in_native, id=16828, stack(0x000000001b5b0000,0x000000001b6b0000)]
  0x000000001ac8f800 JavaThread "Java2D Disposer" daemon [_thread_blocked, id=14296, stack(0x000000001b3a0000,0x000000001b4a0000)]
  0x0000000019cfa800 JavaThread "Service Thread" daemon [_thread_blocked, id=3488, stack(0x000000001a840000,0x000000001a940000)]
  0x0000000019c6d000 JavaThread "C1 CompilerThread3" daemon [_thread_blocked, id=8420, stack(0x000000001a740000,0x000000001a840000)]
  0x0000000019c69800 JavaThread "C2 CompilerThread2" daemon [_thread_blocked, id=16708, stack(0x000000001a640000,0x000000001a740000)]
  0x0000000019c5c800 JavaThread "C2 CompilerThread1" daemon [_thread_blocked, id=10848, stack(0x000000001a540000,0x000000001a640000)]
  0x0000000019c59800 JavaThread "C2 CompilerThread0" daemon [_thread_blocked, id=2184, stack(0x000000001a440000,0x000000001a540000)]
  0x0000000019c57800 JavaThread "Attach Listener" daemon [_thread_blocked, id=17204, stack(0x000000001a340000,0x000000001a440000)]
  0x0000000017d7e800 JavaThread "Signal Dispatcher" daemon [_thread_blocked, id=1568, stack(0x000000001a240000,0x000000001a340000)]
  0x0000000002ece000 JavaThread "Finalizer" daemon [_thread_blocked, id=6292, stack(0x000000001a030000,0x000000001a130000)]
  0x0000000002ec7000 JavaThread "Reference Handler" daemon [_thread_blocked, id=2996, stack(0x0000000019b30000,0x0000000019c30000)]

Other Threads:
  0x0000000017d6a000 VMThread [stack: 0x0000000019a30000,0x0000000019b30000] [id=17900]
  0x0000000019d15000 WatcherThread [stack: 0x000000001a940000,0x000000001aa40000] [id=2676]

VM state:not at safepoint (normal execution)

VM Mutex/Monitor currently owned by a thread: None

heap address: 0x0000000083200000, size: 1998 MB, Compressed Oops mode: 32-bit
Narrow klass base: 0x0000000000000000, Narrow klass shift: 3
Compressed class space size: 1073741824 Address: 0x0000000100000000

Heap:
 PSYoungGen      total 624128K, used 160830K [0x00000000d6600000, 0x0000000100000000, 0x0000000100000000)
  eden space 596992K, 26% used [0x00000000d6600000,0x00000000e030fba8,0x00000000fad00000)
  from space 27136K, 0% used [0x00000000fe580000,0x00000000fe580000,0x0000000100000000)
  to   space 42496K, 0% used [0x00000000fad00000,0x00000000fad00000,0x00000000fd680000)
 ParOldGen       total 124928K, used 60504K [0x0000000083200000, 0x000000008ac00000, 0x00000000d6600000)
  object space 124928K, 48% used [0x0000000083200000,0x0000000086d16238,0x000000008ac00000)
 Metaspace       used 22329K, capacity 22552K, committed 22912K, reserved 1071104K
  class space    used 2063K, capacity 2153K, committed 2176K, reserved 1048576K

Card table byte_map: [0x0000000012290000,0x0000000012680000] byte_map_base: 0x0000000011e77000

Marking Bits: (ParMarkBitMap*) 0x000000005f3e5ce0
 Begin Bits: [0x0000000013120000, 0x0000000015058000)
 End Bits:   [0x0000000015058000, 0x0000000016f90000)

Polling page: 0x0000000001460000

CodeCache: size=245760Kb used=11935Kb max_used=12339Kb free=233825Kb
 bounds [0x0000000002ed0000, 0x0000000003b00000, 0x0000000011ed0000]
 total_blobs=3661 nmethods=2729 adapters=843
 compilation: enabled

Compilation events (10 events):
Event: 126.653 Thread 0x0000000019c6d000 3393       3       org.jogamp.java3d.J3dThread::run (37 bytes)
Event: 126.653 Thread 0x0000000019c6d000 nmethod 3393 0x00000000031ebb10 code [0x00000000031ebcc0, 0x00000000031ec1d8]
Event: 128.384 Thread 0x0000000019c59800 3394       4       java.awt.geom.Rectangle2D::<init> (5 bytes)
Event: 128.385 Thread 0x0000000019c59800 nmethod 3394 0x000000000339f490 code [0x000000000339f5c0, 0x000000000339f618]
Event: 134.247 Thread 0x0000000019c6d000 3395       3       java.util.logging.LogManager$LoggerContext::ensureDefaultLogger (70 bytes)
Event: 134.247 Thread 0x0000000019c6d000 nmethod 3395 0x00000000030d4450 code [0x00000000030d4600, 0x00000000030d4e88]
Event: 134.247 Thread 0x0000000019c6d000 3397       3       java.util.Hashtable$Enumerator::hasMoreElements (53 bytes)
Event: 134.248 Thread 0x0000000019c6d000 nmethod 3397 0x00000000030ed490 code [0x00000000030ed600, 0x00000000030ed8d0]
Event: 134.248 Thread 0x0000000019c6d000 3396  s    3       java.util.Hashtable::containsKey (65 bytes)
Event: 134.249 Thread 0x0000000019c6d000 nmethod 3396 0x0000000003299f50 code [0x000000000329a0e0, 0x000000000329a718]

GC Heap History (10 events):
Event: 6.452 GC heap before
{Heap before GC invocations=15 (full 0):
 PSYoungGen      total 594944K, used 594515K [0x00000000d6600000, 0x00000000fe800000, 0x0000000100000000)
  eden space 592384K, 100% used [0x00000000d6600000,0x00000000fa880000,0x00000000fa880000)
  from space 2560K, 83% used [0x00000000fe580000,0x00000000fe794c60,0x00000000fe800000)
  to   space 13824K, 0% used [0x00000000fcd00000,0x00000000fcd00000,0x00000000fda80000)
 ParOldGen       total 86016K, used 21789K [0x0000000083200000, 0x0000000088600000, 0x00000000d6600000)
  object space 86016K, 25% used [0x0000000083200000,0x00000000847477b0,0x0000000088600000)
 Metaspace       used 19523K, capacity 19712K, committed 19968K, reserved 1067008K
  class space    used 1901K, capacity 1959K, committed 2048K, reserved 1048576K
Event: 6.467 GC heap after
Heap after GC invocations=15 (full 0):
 PSYoungGen      total 643584K, used 13814K [0x00000000d6600000, 0x0000000100000000, 0x0000000100000000)
  eden space 629760K, 0% used [0x00000000d6600000,0x00000000d6600000,0x00000000fcd00000)
  from space 13824K, 99% used [0x00000000fcd00000,0x00000000fda7db10,0x00000000fda80000)
  to   space 17408K, 0% used [0x00000000fef00000,0x00000000fef00000,0x0000000100000000)
 ParOldGen       total 86016K, used 25221K [0x0000000083200000, 0x0000000088600000, 0x00000000d6600000)
  object space 86016K, 29% used [0x0000000083200000,0x0000000084aa17b0,0x0000000088600000)
 Metaspace       used 19523K, capacity 19712K, committed 19968K, reserved 1067008K
  class space    used 1901K, capacity 1959K, committed 2048K, reserved 1048576K
}
Event: 6.805 GC heap before
{Heap before GC invocations=16 (full 0):
 PSYoungGen      total 643584K, used 643574K [0x00000000d6600000, 0x0000000100000000, 0x0000000100000000)
  eden space 629760K, 100% used [0x00000000d6600000,0x00000000fcd00000,0x00000000fcd00000)
  from space 13824K, 99% used [0x00000000fcd00000,0x00000000fda7db10,0x00000000fda80000)
  to   space 17408K, 0% used [0x00000000fef00000,0x00000000fef00000,0x0000000100000000)
 ParOldGen       total 86016K, used 25221K [0x0000000083200000, 0x0000000088600000, 0x00000000d6600000)
  object space 86016K, 29% used [0x0000000083200000,0x0000000084aa17b0,0x0000000088600000)
 Metaspace       used 19523K, capacity 19712K, committed 19968K, reserved 1067008K
  class space    used 1901K, capacity 1959K, committed 2048K, reserved 1048576K
Event: 6.845 GC heap after
Heap after GC invocations=16 (full 0):
 PSYoungGen      total 645120K, used 17388K [0x00000000d6600000, 0x0000000100000000, 0x0000000100000000)
  eden space 627712K, 0% used [0x00000000d6600000,0x00000000d6600000,0x00000000fcb00000)
  from space 17408K, 99% used [0x00000000fef00000,0x00000000ffffb348,0x0000000100000000)
  to   space 27136K, 0% used [0x00000000fcb00000,0x00000000fcb00000,0x00000000fe580000)
 ParOldGen       total 86016K, used 42295K [0x0000000083200000, 0x0000000088600000, 0x00000000d6600000)
  object space 86016K, 49% used [0x0000000083200000,0x0000000085b4ddd0,0x0000000088600000)
 Metaspace       used 19523K, capacity 19712K, committed 19968K, reserved 1067008K
  class space    used 1901K, capacity 1959K, committed 2048K, reserved 1048576K
}
Event: 7.169 GC heap before
{Heap before GC invocations=17 (full 0):
 PSYoungGen      total 645120K, used 645100K [0x00000000d6600000, 0x0000000100000000, 0x0000000100000000)
  eden space 627712K, 100% used [0x00000000d6600000,0x00000000fcb00000,0x00000000fcb00000)
  from space 17408K, 99% used [0x00000000fef00000,0x00000000ffffb348,0x0000000100000000)
  to   space 27136K, 0% used [0x00000000fcb00000,0x00000000fcb00000,0x00000000fe580000)
 ParOldGen       total 86016K, used 42295K [0x0000000083200000, 0x0000000088600000, 0x00000000d6600000)
  object space 86016K, 49% used [0x0000000083200000,0x0000000085b4ddd0,0x0000000088600000)
 Metaspace       used 19562K, capacity 19712K, committed 19968K, reserved 1067008K
  class space    used 1906K, capacity 1959K, committed 2048K, reserved 1048576K
Event: 7.194 GC heap after
Heap after GC invocations=17 (full 0):
 PSYoungGen      total 654848K, used 27113K [0x00000000d6600000, 0x0000000100000000, 0x0000000100000000)
  eden space 627712K, 0% used [0x00000000d6600000,0x00000000d6600000,0x00000000fcb00000)
  from space 27136K, 99% used [0x00000000fcb00000,0x00000000fe57a780,0x00000000fe580000)
  to   space 27136K, 0% used [0x00000000fe580000,0x00000000fe580000,0x0000000100000000)
 ParOldGen       total 86016K, used 65347K [0x0000000083200000, 0x0000000088600000, 0x00000000d6600000)
  object space 86016K, 75% used [0x0000000083200000,0x00000000871d0f00,0x0000000088600000)
 Metaspace       used 19562K, capacity 19712K, committed 19968K, reserved 1067008K
  class space    used 1906K, capacity 1959K, committed 2048K, reserved 1048576K
}
Event: 7.789 GC heap before
{Heap before GC invocations=18 (full 0):
 PSYoungGen      total 654848K, used 653220K [0x00000000d6600000, 0x0000000100000000, 0x0000000100000000)
  eden space 627712K, 99% used [0x00000000d6600000,0x00000000fc96e8e8,0x00000000fcb00000)
  from space 27136K, 99% used [0x00000000fcb00000,0x00000000fe57a780,0x00000000fe580000)
  to   space 27136K, 0% used [0x00000000fe580000,0x00000000fe580000,0x0000000100000000)
 ParOldGen       total 86016K, used 65347K [0x0000000083200000, 0x0000000088600000, 0x00000000d6600000)
  object space 86016K, 75% used [0x0000000083200000,0x00000000871d0f00,0x0000000088600000)
 Metaspace       used 20164K, capacity 20288K, committed 20480K, reserved 1067008K
  class space    used 1965K, capacity 2023K, committed 2048K, reserved 1048576K
Event: 7.832 GC heap after
Heap after GC invocations=18 (full 0):
 PSYoungGen      total 624128K, used 25597K [0x00000000d6600000, 0x0000000100000000, 0x0000000100000000)
  eden space 596992K, 0% used [0x00000000d6600000,0x00000000d6600000,0x00000000fad00000)
  from space 27136K, 94% used [0x00000000fe580000,0x00000000ffe7f778,0x0000000100000000)
  to   space 42496K, 0% used [0x00000000fad00000,0x00000000fad00000,0x00000000fd680000)
 ParOldGen       total 105984K, used 103287K [0x0000000083200000, 0x0000000089980000, 0x00000000d6600000)
  object space 105984K, 97% used [0x0000000083200000,0x00000000896ddca0,0x0000000089980000)
 Metaspace       used 20164K, capacity 20288K, committed 20480K, reserved 1067008K
  class space    used 1965K, capacity 2023K, committed 2048K, reserved 1048576K
}
Event: 7.832 GC heap before
{Heap before GC invocations=19 (full 1):
 PSYoungGen      total 624128K, used 25597K [0x00000000d6600000, 0x0000000100000000, 0x0000000100000000)
  eden space 596992K, 0% used [0x00000000d6600000,0x00000000d6600000,0x00000000fad00000)
  from space 27136K, 94% used [0x00000000fe580000,0x00000000ffe7f778,0x0000000100000000)
  to   space 42496K, 0% used [0x00000000fad00000,0x00000000fad00000,0x00000000fd680000)
 ParOldGen       total 105984K, used 103287K [0x0000000083200000, 0x0000000089980000, 0x00000000d6600000)
  object space 105984K, 97% used [0x0000000083200000,0x00000000896ddca0,0x0000000089980000)
 Metaspace       used 20164K, capacity 20288K, committed 20480K, reserved 1067008K
  class space    used 1965K, capacity 2023K, committed 2048K, reserved 1048576K
Event: 7.854 GC heap after
Heap after GC invocations=19 (full 1):
 PSYoungGen      total 624128K, used 0K [0x00000000d6600000, 0x0000000100000000, 0x0000000100000000)
  eden space 596992K, 0% used [0x00000000d6600000,0x00000000d6600000,0x00000000fad00000)
  from space 27136K, 0% used [0x00000000fe580000,0x00000000fe580000,0x0000000100000000)
  to   space 42496K, 0% used [0x00000000fad00000,0x00000000fad00000,0x00000000fd680000)
 ParOldGen       total 124928K, used 60504K [0x0000000083200000, 0x000000008ac00000, 0x00000000d6600000)
  object space 124928K, 48% used [0x0000000083200000,0x0000000086d16238,0x000000008ac00000)
 Metaspace       used 20164K, capacity 20288K, committed 20480K, reserved 1067008K
  class space    used 1965K, capacity 2023K, committed 2048K, reserved 1048576K
}

Deoptimization events (10 events):
Event: 43.171 Thread 0x000000001b1a2000 Uncommon trap: reason=unstable_if action=reinterpret pc=0x0000000003a6c3a0 method=org.jogamp.java3d.RenderMolecule.updateAttributes(Lorg/jogamp/java3d/Canvas3D;I)V @ 847
Event: 43.471 Thread 0x00000000265ad000 Uncommon trap: reason=unstable_if action=reinterpret pc=0x00000000032819f4 method=org.jogamp.java3d.BoundingBox.intersect(Lorg/jogamp/java3d/Bounds;)Z @ 120
Event: 43.471 Thread 0x00000000265ad000 Uncommon trap: reason=unstable_if action=reinterpret pc=0x000000000365a26c method=org.jogamp.java3d.BHTree.aEncompassB(Lorg/jogamp/java3d/BoundingBox;Lorg/jogamp/java3d/BoundingBox;)Z @ 87
Event: 43.471 Thread 0x00000000265ad000 Uncommon trap: reason=unstable_if action=reinterpret pc=0x000000000365a2a8 method=org.jogamp.java3d.BHTree.aEncompassB(Lorg/jogamp/java3d/BoundingBox;Lorg/jogamp/java3d/BoundingBox;)Z @ 87
Event: 43.488 Thread 0x000000001b1a2000 Uncommon trap: reason=unstable_if action=reinterpret pc=0x0000000003a8ea84 method=org.jogamp.java3d.BoundingBox.intersect(Lorg/jogamp/java3d/CachedFrustum;)Z @ 69
Event: 134.247 Thread 0x000000001b356000 Uncommon trap: reason=class_check action=maybe_recompile pc=0x00000000036fbe3c method=jogamp.opengl.GLDrawableImpl.lockSurface()I @ 4
Event: 134.247 Thread 0x000000001b356000 Uncommon trap: reason=class_check action=maybe_recompile pc=0x000000000332c2a0 method=jogamp.opengl.GLDrawableImpl.lockSurface()I @ 4
Event: 134.247 Thread 0x000000001b356000 Uncommon trap: reason=class_check action=maybe_recompile pc=0x000000000346d8a4 method=jogamp.opengl.GLDrawableImpl.getHandle()J @ 4
Event: 134.247 Thread 0x000000001b356000 Uncommon trap: reason=unstable_if action=reinterpret pc=0x0000000003439654 method=jogamp.opengl.GLContextImpl.release(Z)V @ 167
Event: 134.251 Thread 0x000000001b356000 Uncommon trap: reason=unstable_if action=reinterpret pc=0x00000000034b7680 method=com.jogamp.common.util.IntIntHashMap.put(II)I @ 21

Classes redefined (0 events):
No events

Internal exceptions (10 events):
Event: 6.389 Thread 0x0000000002cbe000 Exception <a 'java/io/FileNotFoundException'> (0x00000000f484bff8) thrown at [C:\re\workspace\8-2-build-windows-amd64-cygwin\jdk8u202\12323\hotspot\src\share\vm\prims\jni.cpp, line 710]
Event: 6.534 Thread 0x0000000002cbe000 Exception <a 'java/io/FileNotFoundException'> (0x00000000e1d72ee0) thrown at [C:\re\workspace\8-2-build-windows-amd64-cygwin\jdk8u202\12323\hotspot\src\share\vm\prims\jni.cpp, line 710]
Event: 6.677 Thread 0x0000000002cbe000 Exception <a 'java/io/FileNotFoundException'> (0x00000000f346ecd8) thrown at [C:\re\workspace\8-2-build-windows-amd64-cygwin\jdk8u202\12323\hotspot\src\share\vm\prims\jni.cpp, line 710]
Event: 6.872 Thread 0x0000000002cbe000 Exception <a 'java/io/FileNotFoundException'> (0x00000000de56d618) thrown at [C:\re\workspace\8-2-build-windows-amd64-cygwin\jdk8u202\12323\hotspot\src\share\vm\prims\jni.cpp, line 710]
Event: 7.033 Thread 0x0000000002cbe000 Exception <a 'java/io/FileNotFoundException'> (0x00000000efb42328) thrown at [C:\re\workspace\8-2-build-windows-amd64-cygwin\jdk8u202\12323\hotspot\src\share\vm\prims\jni.cpp, line 710]
Event: 7.203 Thread 0x0000000002cbe000 Exception <a 'java/io/FileNotFoundException'> (0x00000000daebfeb8) thrown at [C:\re\workspace\8-2-build-windows-amd64-cygwin\jdk8u202\12323\hotspot\src\share\vm\prims\jni.cpp, line 710]
Event: 7.219 Thread 0x0000000002cbe000 Exception <a 'java/io/FileNotFoundException'> (0x00000000dcc8a670) thrown at [C:\re\workspace\8-2-build-windows-amd64-cygwin\jdk8u202\12323\hotspot\src\share\vm\prims\jni.cpp, line 710]
Event: 7.280 Thread 0x0000000002cbe000 Exception <a 'java/io/FileNotFoundException'> (0x00000000defcced0) thrown at [C:\re\workspace\8-2-build-windows-amd64-cygwin\jdk8u202\12323\hotspot\src\share\vm\prims\jni.cpp, line 710]
Event: 20.165 Thread 0x000000001b1a2000 Implicit null exception at 0x0000000003a0cffd to 0x0000000003a0e4d1
Event: 134.251 Thread 0x000000001b356000 Implicit null exception at 0x00000000034b75e5 to 0x00000000034b7659

Events (10 events):
Event: 134.262 Thread 0x000000001b356000 Thread exited: 0x000000001b356000
Event: 134.263 loading class com/jogamp/nativewindow/egl/EGLGraphicsDevice
Event: 134.263 loading class com/jogamp/nativewindow/egl/EGLGraphicsDevice done
Event: 134.264 loading class jogamp/opengl/egl/EGLDisplayUtil
Event: 134.264 loading class jogamp/opengl/egl/EGLDisplayUtil done
Event: 134.265 loading class com/jogamp/nativewindow/egl/EGLGraphicsDevice$EGLDisplayLifecycleCallback
Event: 134.265 loading class com/jogamp/nativewindow/egl/EGLGraphicsDevice$EGLDisplayLifecycleCallback done
Event: 134.265 loading class jogamp/opengl/egl/EGLDisplayUtil$1
Event: 134.265 loading class jogamp/opengl/egl/EGLDisplayUtil$1 done
Event: 134.266 Thread 0x0000000019e67000 Thread exited: 0x0000000019e67000


Dynamic libraries:
0x00007ff701840000 - 0x00007ff701877000 	C:\Program Files\Java\jre1.8.0_202\bin\javaw.exe
0x00007fffc5f10000 - 0x00007fffc6127000 	C:\WINDOWS\SYSTEM32\ntdll.dll
0x00007fffc4ca0000 - 0x00007fffc4d64000 	C:\WINDOWS\System32\KERNEL32.DLL
0x00007fffc3050000 - 0x00007fffc3421000 	C:\WINDOWS\System32\KERNELBASE.dll
0x00007fffc40c0000 - 0x00007fffc4171000 	C:\WINDOWS\System32\ADVAPI32.dll
0x00007fffc42a0000 - 0x00007fffc4347000 	C:\WINDOWS\System32\msvcrt.dll
0x00007fffc3d30000 - 0x00007fffc3dd7000 	C:\WINDOWS\System32\sechost.dll
0x00007fffc3a70000 - 0x00007fffc3a98000 	C:\WINDOWS\System32\bcrypt.dll
0x00007fffc3de0000 - 0x00007fffc3ef4000 	C:\WINDOWS\System32\RPCRT4.dll
0x00007fffc5ba0000 - 0x00007fffc5d51000 	C:\WINDOWS\System32\USER32.dll
0x00007fffc3860000 - 0x00007fffc3886000 	C:\WINDOWS\System32\win32u.dll
0x00007fffc50d0000 - 0x00007fffc50f9000 	C:\WINDOWS\System32\GDI32.dll
0x00007fffc3430000 - 0x00007fffc354b000 	C:\WINDOWS\System32\gdi32full.dll
0x00007fffc3910000 - 0x00007fffc39aa000 	C:\WINDOWS\System32\msvcp_win.dll
0x00007fffc36c0000 - 0x00007fffc37d1000 	C:\WINDOWS\System32\ucrtbase.dll
0x00007fffabb30000 - 0x00007fffabdc2000 	C:\WINDOWS\WinSxS\amd64_microsoft.windows.common-controls_6595b64144ccf1df_6.0.22621.4830_none_270fe7d773858e80\COMCTL32.dll
0x00007fffc5020000 - 0x00007fffc5051000 	C:\WINDOWS\System32\IMM32.DLL
0x000000005f470000 - 0x000000005f542000 	C:\Program Files\Java\jre1.8.0_202\bin\msvcr100.dll
0x000000005ebc0000 - 0x000000005f465000 	C:\Program Files\Java\jre1.8.0_202\bin\server\jvm.dll
0x00007fffc43d0000 - 0x00007fffc43d8000 	C:\WINDOWS\System32\PSAPI.DLL
0x00007fffb8f60000 - 0x00007fffb8f6a000 	C:\WINDOWS\SYSTEM32\VERSION.dll
0x00007fffbd0c0000 - 0x00007fffbd0f4000 	C:\WINDOWS\SYSTEM32\WINMM.dll
0x00007fffbde60000 - 0x00007fffbde69000 	C:\WINDOWS\SYSTEM32\WSOCK32.dll
0x00007fffc3c00000 - 0x00007fffc3c71000 	C:\WINDOWS\System32\WS2_32.dll
0x00007fffbdc20000 - 0x00007fffbdc2f000 	C:\Program Files\Java\jre1.8.0_202\bin\verify.dll
0x00007fffa71e0000 - 0x00007fffa7209000 	C:\Program Files\Java\jre1.8.0_202\bin\java.dll
0x00007fffbd3a0000 - 0x00007fffbd3b6000 	C:\Program Files\Java\jre1.8.0_202\bin\zip.dll
0x00007fffc43e0000 - 0x00007fffc4c68000 	C:\WINDOWS\System32\SHELL32.dll
0x00007fffc3aa0000 - 0x00007fffc3bdf000 	C:\WINDOWS\System32\wintypes.dll
0x00007fffc5100000 - 0x00007fffc5490000 	C:\WINDOWS\System32\combase.dll
0x00007fffc0df0000 - 0x00007fffc16fd000 	C:\WINDOWS\SYSTEM32\windows.storage.dll
0x00007fffc5dc0000 - 0x00007fffc5eca000 	C:\WINDOWS\System32\SHCORE.dll
0x00007fffc4d70000 - 0x00007fffc4dce000 	C:\WINDOWS\System32\shlwapi.dll
0x00007fffc2f80000 - 0x00007fffc2fab000 	C:\WINDOWS\SYSTEM32\profapi.dll
0x00007fff0ec10000 - 0x00007fff0eda9000 	C:\Program Files\Java\jre1.8.0_202\bin\awt.dll
0x00007fffc5640000 - 0x00007fffc5717000 	C:\WINDOWS\System32\OLEAUT32.dll
0x00007fffbd020000 - 0x00007fffbd0b7000 	C:\WINDOWS\SYSTEM32\apphelp.dll
0x00007fffc0590000 - 0x00007fffc05bb000 	C:\WINDOWS\system32\DWMAPI.DLL
0x00007fffc02f0000 - 0x00007fffc03a3000 	C:\WINDOWS\system32\uxtheme.dll
0x00007fff89150000 - 0x00007fff89250000 	C:\WINDOWS\system32\opengl32.dll
0x00007fff890e0000 - 0x00007fff8910d000 	C:\WINDOWS\SYSTEM32\GLU32.dll
0x00007fffc0410000 - 0x00007fffc0447000 	C:\WINDOWS\SYSTEM32\dxcore.dll
0x00007fffc3f60000 - 0x00007fffc40bd000 	C:\WINDOWS\System32\MSCTF.dll
0x00007fffc5490000 - 0x00007fffc5631000 	C:\WINDOWS\System32\ole32.dll
0x00007fffc2160000 - 0x00007fffc2178000 	C:\WINDOWS\SYSTEM32\kernel.appcore.dll
0x00007fffc3890000 - 0x00007fffc390b000 	C:\WINDOWS\System32\bcryptPrimitives.dll
0x00007fffc2850000 - 0x00007fffc286b000 	C:\WINDOWS\SYSTEM32\CRYPTSP.dll
0x00007fffc20c0000 - 0x00007fffc20f7000 	C:\WINDOWS\system32\rsaenh.dll
0x00007fffc26f0000 - 0x00007fffc2718000 	C:\WINDOWS\SYSTEM32\USERENV.dll
0x00007fffc2870000 - 0x00007fffc287c000 	C:\WINDOWS\SYSTEM32\CRYPTBASE.dll
0x00007fffa3080000 - 0x00007fffa309a000 	C:\Program Files\Java\jre1.8.0_202\bin\net.dll
0x00007fffaada0000 - 0x00007fffaaf95000 	C:\WINDOWS\SYSTEM32\urlmon.dll
0x00007fffaaab0000 - 0x00007fffaad6f000 	C:\WINDOWS\SYSTEM32\iertutil.dll
0x00007fffc1ac0000 - 0x00007fffc1acc000 	C:\WINDOWS\SYSTEM32\netutils.dll
0x00007fffaad70000 - 0x00007fffaad98000 	C:\WINDOWS\SYSTEM32\srvcli.dll
0x00007fffc25e0000 - 0x00007fffc264a000 	C:\WINDOWS\system32\mswsock.dll
0x00007fffc1b10000 - 0x00007fffc1b3d000 	C:\WINDOWS\SYSTEM32\IPHLPAPI.DLL
0x00007fffc4c90000 - 0x00007fffc4c99000 	C:\WINDOWS\System32\NSI.dll
0x00007fffbdda0000 - 0x00007fffbddb9000 	C:\WINDOWS\SYSTEM32\dhcpcsvc6.DLL
0x00007fffbdd80000 - 0x00007fffbdd9f000 	C:\WINDOWS\SYSTEM32\dhcpcsvc.DLL
0x00007fffc1b40000 - 0x00007fffc1c42000 	C:\WINDOWS\SYSTEM32\DNSAPI.dll
0x00007fffa3060000 - 0x00007fffa3072000 	C:\Program Files\Java\jre1.8.0_202\bin\nio.dll
0x00007fffa3040000 - 0x00007fffa3053000 	C:\Users\noahm\AppData\Local\Temp\jogamp_0000\file_cache\jln3207022190371016080\jln8816208543795295568\natives\windows-amd64\gluegen_rt.dll
0x00007fffbdc10000 - 0x00007fffbdc17000 	C:\Program Files\Java\jre1.8.0_202\bin\jawt.dll
0x00007fffae560000 - 0x00007fffae56d000 	C:\Users\noahm\AppData\Local\Temp\jogamp_0000\file_cache\jln3207022190371016080\jln8816208543795295568\natives\windows-amd64\nativewindow_awt.dll
0x00007fff89de0000 - 0x00007fff89df5000 	C:\Users\noahm\AppData\Local\Temp\jogamp_0000\file_cache\jln3207022190371016080\jln8816208543795295568\natives\windows-amd64\nativewindow_win32.dll
0x00007fff66a20000 - 0x00007fff66aa3000 	C:\Users\noahm\AppData\Local\Temp\jogamp_0000\file_cache\jln3207022190371016080\jln8816208543795295568\natives\windows-amd64\jogl_desktop.dll
0x00007fff664f0000 - 0x00007fff66542000 	C:\Users\noahm\AppData\Local\Temp\jogamp_0000\file_cache\jln3207022190371016080\jln8816208543795295568\natives\windows-amd64\jogl_mobile.dll
0x00007fffba520000 - 0x00007fffba569000 	C:\WINDOWS\SYSTEM32\directxdatabasehelper.dll
0x00007fffc3c80000 - 0x00007fffc3d30000 	C:\WINDOWS\System32\clbcatq.dll
0x00007fffbe4f0000 - 0x00007fffbe634000 	C:\Windows\System32\AppXDeploymentClient.dll
0x00007fff0bcd0000 - 0x00007fff0cbbd000 	C:\WINDOWS\System32\DriverStore\FileRepository\iigd_dch.inf_amd64_56663c64bec44963\ig12icd64.dll
0x00007fffc0460000 - 0x00007fffc0557000 	C:\WINDOWS\system32\dxgi.dll
0x00007fffb6970000 - 0x00007fffb6b17000 	C:\WINDOWS\System32\DriverStore\FileRepository\iigd_dch.inf_amd64_56663c64bec44963\igdgmm64.dll
0x00007fff29040000 - 0x00007fff29431000 	C:\WINDOWS\System32\DriverStore\FileRepository\iigd_dch.inf_amd64_56663c64bec44963\igdml64.dll
0x00007fffb4040000 - 0x00007fffb692a000 	C:\WINDOWS\System32\DriverStore\FileRepository\iigd_dch.inf_amd64_56663c64bec44963\igc64.dll
0x00007fffc1ed0000 - 0x00007fffc1f1d000 	C:\WINDOWS\SYSTEM32\powrprof.dll
0x00007fffc1ea0000 - 0x00007fffc1eb3000 	C:\WINDOWS\SYSTEM32\UMPDC.dll
0x00007fff39cb0000 - 0x00007fff39cf7000 	C:\Program Files\Java\jre1.8.0_202\bin\fontmanager.dll
0x00007fffaefd0000 - 0x00007fffaf113000 	C:\WINDOWS\SYSTEM32\textinputframework.dll
0x00007fff668b0000 - 0x00007fff668e1000 	C:\Program Files\Java\jre1.8.0_202\bin\jpeg.dll
0x00007fff39c60000 - 0x00007fff39ca2000 	C:\Program Files\Java\jre1.8.0_202\bin\t2k.dll
0x00007fffbca40000 - 0x00007fffbcb75000 	C:\WINDOWS\SYSTEM32\CoreMessaging.dll
0x00007fffb98b0000 - 0x00007fffb9c1c000 	C:\WINDOWS\SYSTEM32\CoreUIComponents.dll
0x00007fff88840000 - 0x00007fff888ab000 	C:\WINDOWS\system32\Ninput.dll
0x00007fffbfd30000 - 0x00007fffbff62000 	C:\WINDOWS\SYSTEM32\dbghelp.dll

VM Arguments:
jvm_args: -Dfile.encoding=UTF-8 -Dstdout.encoding=UTF-8 -Dstderr.encoding=UTF-8 
java_command: museum.Museum
java_class_path (initial): C:\Users\noahm\eclipse-workspace\Museum\bin;C:\jars4java3d\gluegen-rt.jar;C:\jars4java3d\java3d-core.jar;C:\jars4java3d\java3d-examples.jar;C:\jars4java3d\java3d-utils.jar;C:\jars4java3d\jogamp-fat.jar;C:\jars4java3d\jogamp-fat-test.jar;C:\jars4java3d\jogl-demos.jar;C:\jars4java3d\jogl-fonts-p0.jar;C:\jars4java3d\vecmath.jar
Launcher Type: SUN_STANDARD

Environment Variables:
JAVA_HOME=C:\Program Files\Eclipse Adoptium\jdk-17.0.12.7-hotspot\
PATH=C:\Program Files\Common Files\Oracle\Java\javapath;C:\Program Files (x86)\Common Files\Oracle\Java\java8path;C:\Program Files (x86)\Common Files\Oracle\Java\javapath;C:\WINDOWS\system32;C:\WINDOWS;C:\WINDOWS\System32\Wbem;C:\WINDOWS\System32\WindowsPowerShell\v1.0\;C:\WINDOWS\System32\OpenSSH\;C:\Program Files\Git\cmd;C:\Program Files\Microsoft SQL Server\150\Tools\Binn\;C:\Program Files\Microsoft SQL Server\Client SDK\ODBC\170\Tools\Binn\;C:\Program Files\dotnet\;C:\Users\noahm\AppData\Local\Programs\Python\Python311\Scripts\;C:\Users\noahm\AppData\Local\Programs\Python\Python311\;C:\MinGW\bin;C:\Users\noahm\AppData\Local\Microsoft\WindowsApps;C:\cygwin64;C:\Users\noahm\AppData\Local\Programs\Microsoft VS Code\bin;C:\Users\noahm\.dotnet\tools;C:\Users\noahm\AppData\Local\GitHubDesktop\bin
USERNAME=noahm
OS=Windows_NT
PROCESSOR_IDENTIFIER=Intel64 Family 6 Model 140 Stepping 1, GenuineIntel



---------------  S Y S T E M  ---------------

OS: Windows 10.0 , 64 bit Build 22621 (10.0.22621.4974)

CPU:total 8 (initial active 8) (4 cores per cpu, 2 threads per core) family 6 model 140 stepping 1, cmov, cx8, fxsr, mmx, sse, sse2, sse3, ssse3, sse4.1, sse4.2, popcnt, avx, avx2, aes, clmul, erms, 3dnowpref, lzcnt, ht, tsc, tscinvbit, bmi1, bmi2, adx

Memory: 4k page, physical 8179000k(917896k free), swap 14732600k(2249116k free)

vm_info: Java HotSpot(TM) 64-Bit Server VM (25.202-b08) for windows-amd64 JRE (1.8.0_202-b08), built on Dec 15 2018 19:54:30 by "java_re" with MS VC++ 10.0 (VS2010)

time: Wed Mar 26 23:14:37 2025
timezone: Eastern Daylight Time
elapsed time: 134 seconds (0d 0h 2m 14s)

