#
# A fatal error has been detected by the Java Runtime Environment:
#
#  EXCEPTION_ACCESS_VIOLATION (0xc0000005) at pc=0x00007ffec64aec52, pid=8284, tid=0x000000000000155c
#
# JRE version: Java(TM) SE Runtime Environment (8.0_202-b08) (build 1.8.0_202-b08)
# Java VM: Java HotSpot(TM) 64-Bit Server VM (25.202-b08 mixed mode windows-amd64 compressed oops)
# Problematic frame:
# C  [ig12icd64.dll+0x16ec52]
#
# Failed to write core dump. Minidumps are not enabled by default on client versions of Windows
#
# If you would like to submit a bug report, please visit:
#   http://bugreport.java.com/bugreport/crash.jsp
# The crash happened outside the Java Virtual Machine in native code.
# See problematic frame for where to report the bug.
#

---------------  T H R E A D  ---------------

Current thread (0x000000001b8da000):  JavaThread "J3D-Renderer-1" daemon [_thread_in_native, id=5468, stack(0x0000000025fd0000,0x00000000260d0000)]

siginfo: ExceptionCode=0xc0000005, reading address 0x00007ffec72f9e5c

Registers:
RAX=0x0000000000007ffe, RBX=0x00000000260ceb80, RCX=0x000000000019ff98, RDX=0x00000000260ced90
RSP=0x00000000260ce878, RBP=0x00000000260ce980, RSI=0x0000000000000001, RDI=0x00000000260ceb80
R8 =0x00000000260ce9b0, R9 =0x00000000260ced90, R10=0x0000000000000140, R11=0x00000000260cec20
R12=0x0000000000000000, R13=0x0000000000000001, R14=0x00007ffec7159ea0, R15=0x0000000000000000
RIP=0x00007ffec64aec52, EFLAGS=0x0000000000010202

Top of Stack: (sp=0x00000000260ce878)
0x00000000260ce878:   00007ffec64ad4b2 00000000260ced90
0x00000000260ce888:   00000000260ce980 0000000000000000
0x00000000260ce898:   0000000000000000 0000000000000000
0x00000000260ce8a8:   00000000260ceaa0 0000000000000000
0x00000000260ce8b8:   0000000000000f78 0000000000000001
0x00000000260ce8c8:   00007ffec63afc92 0000000000000000
0x00000000260ce8d8:   00007ffec63afec2 001000027a000004
0x00000000260ce8e8:   0000000000000000 0000000000000000
0x00000000260ce8f8:   00000000260ce9f0 00000000260ce9e8
0x00000000260ce908:   0000000024ef9e80 0000da8e2261bea3
0x00000000260ce918:   0000000000000000 0000000000000000
0x00000000260ce928:   00000000458df299 0000000024ba8c40
0x00000000260ce938:   00007fff571ad69a 000000000165007f
0x00000000260ce948:   0000000000000050 0000000024aa5760
0x00000000260ce958:   00000000000000c0 0000000023f95f90
0x00000000260ce968:   00007ffec64ad400 0000000000000000 

Instructions: (pc=0x00007ffec64aec52)
0x00007ffec64aec32:   31 08 41 89 40 44 42 8b 44 31 0c 41 89 40 48 42
0x00007ffec64aec42:   8b 44 31 10 41 89 40 4c 48 63 43 78 48 6b c8 34
0x00007ffec64aec52:   42 8b 44 31 24 41 89 40 50 42 8b 44 31 28 41 89
0x00007ffec64aec62:   40 54 42 8b 44 31 2c 41 89 40 58 42 8b 44 31 30 


Register to memory mapping:

RAX=0x0000000000007ffe is an unknown value
RBX=0x00000000260ceb80 is pointing into the stack for thread: 0x000000001b8da000
RCX=0x000000000019ff98 is an unknown value
RDX=0x00000000260ced90 is pointing into the stack for thread: 0x000000001b8da000
RSP=0x00000000260ce878 is pointing into the stack for thread: 0x000000001b8da000
RBP=0x00000000260ce980 is pointing into the stack for thread: 0x000000001b8da000
RSI=0x0000000000000001 is an unknown value
RDI=0x00000000260ceb80 is pointing into the stack for thread: 0x000000001b8da000
R8 =0x00000000260ce9b0 is pointing into the stack for thread: 0x000000001b8da000
R9 =0x00000000260ced90 is pointing into the stack for thread: 0x000000001b8da000
R10=0x0000000000000140 is an unknown value
R11=0x00000000260cec20 is pointing into the stack for thread: 0x000000001b8da000
R12=0x0000000000000000 is an unknown value
R13=0x0000000000000001 is an unknown value
R14=0x00007ffec7159ea0 is an unknown value
R15=0x0000000000000000 is an unknown value


Stack: [0x0000000025fd0000,0x00000000260d0000],  sp=0x00000000260ce878,  free space=1018k
Native frames: (J=compiled Java code, j=interpreted, Vv=VM code, C=native code)
C  [ig12icd64.dll+0x16ec52]
C  [ig12icd64.dll+0x16d4b2]
C  [ig12icd64.dll+0x173049]
C  [ig12icd64.dll+0x318b75]
C  [ig12icd64.dll+0x3195d4]
C  [ig12icd64.dll+0x31cdab]
C  [ig12icd64.dll+0x9516a0]
C  [ig12icd64.dll+0xd2cc1]
C  [ig12icd64.dll+0xd4a38]
C  [ig12icd64.dll+0x337dae]
C  [jogl_desktop.dll+0x1325b]
C  0x00000000038de628

Java frames: (J=compiled Java code, j=interpreted, Vv=VM code)
J 2225  jogamp.opengl.gl4.GL4bcImpl.dispatch_glMultiDrawArrays1(ILjava/lang/Object;IZLjava/lang/Object;IZIJ)V (0 bytes) @ 0x00000000038de5a2 [0x00000000038de500+0xa2]
J 2701 C2 org.jogamp.java3d.JoglPipeline.executeGeometryArrayVA(Lorg/jogamp/java3d/Context;Lorg/jogamp/java3d/GeometryArrayRetained;IZZIIIILjava/nio/FloatBuffer;Ljava/nio/DoubleBuffer;ILjava/nio/FloatBuffer;Ljava/nio/ByteBuffer;ILjava/nio/FloatBuffer;I[I[I[Ljava/nio/FloatBuffer;I[II[II[Ljava/nio/FloatBuffer;I[II[I)V (826 bytes) @ 0x0000000003c53bf4 [0x0000000003c53740+0x4b4]
J 2649 C2 org.jogamp.java3d.JoglPipeline.executeVABuffer(Lorg/jogamp/java3d/Context;Lorg/jogamp/java3d/GeometryArrayRetained;IZZIIIILjava/nio/Buffer;ILjava/nio/Buffer;[F[BILjava/nio/FloatBuffer;I[I[I[Ljava/nio/FloatBuffer;I[II[II[Ljava/lang/Object;I)V (390 bytes) @ 0x0000000003f85b88 [0x0000000003f85800+0x388]
J 2646 C2 org.jogamp.java3d.GeometryArrayRetained.execute(Lorg/jogamp/java3d/Canvas3D;Lorg/jogamp/java3d/RenderAtom;ZZFIZ)V (1965 bytes) @ 0x0000000003f7fa2c [0x0000000003f7f660+0x3cc]
J 2584 C2 org.jogamp.java3d.VertexArrayRenderMethod.render(Lorg/jogamp/java3d/RenderMolecule;Lorg/jogamp/java3d/Canvas3D;Lorg/jogamp/java3d/RenderAtomListInfo;I)Z (202 bytes) @ 0x0000000003f3accc [0x0000000003f3a820+0x4ac]
J 2601 C2 org.jogamp.java3d.RenderMolecule.render(Lorg/jogamp/java3d/Canvas3D;II)Z (330 bytes) @ 0x0000000003f46f68 [0x0000000003f46d80+0x1e8]
J 3403 C2 org.jogamp.java3d.RenderBin.renderOpaque(Lorg/jogamp/java3d/Canvas3D;)V (23 bytes) @ 0x0000000003987cd8 [0x00000000039879a0+0x338]
J 3178 C2 org.jogamp.java3d.Renderer.doWork(J)V (6541 bytes) @ 0x00000000040f65f4 [0x00000000040f5d20+0x8d4]
J 3422% C1 org.jogamp.java3d.J3dThread.run()V (37 bytes) @ 0x00000000037390e4 [0x0000000003738f00+0x1e4]
v  ~StubRoutines::call_stub

---------------  P R O C E S S  ---------------

Java Threads: ( => current thread )
  0x0000000028b6d000 JavaThread "NativeWindowFactory_ShutdownHook" [_thread_blocked, id=10392, stack(0x00000000320f0000,0x00000000321f0000)]
  0x0000000028b6e000 JavaThread "Thread-0" daemon [_thread_in_native, id=10092, stack(0x000000002e3d0000,0x000000002e4d0000)]
  0x000000002871d800 JavaThread "J3D-InputDeviceScheduler-1" daemon [_thread_blocked, id=7656, stack(0x000000002a8a0000,0x000000002a9a0000)]
  0x0000000028719000 JavaThread "J3D-SoundSchedulerUpdateThread-1" daemon [_thread_blocked, id=4896, stack(0x000000002a7a0000,0x000000002a8a0000)]
  0x000000002871c000 JavaThread "J3D-RenderStructureUpdateThread-1" daemon [_thread_blocked, id=1780, stack(0x000000002a6a0000,0x000000002a7a0000)]
  0x000000002871d000 JavaThread "J3D-BehaviorScheduler-1" daemon [_thread_blocked, id=1708, stack(0x000000002a5a0000,0x000000002a6a0000)]
  0x000000002871a800 JavaThread "J3D-TransformStructureUpdateThread-1" daemon [_thread_blocked, id=2748, stack(0x000000002a4a0000,0x000000002a5a0000)]
  0x000000002871b800 JavaThread "J3D-RenderingEnvironmentStructureUpdateThread-1" daemon [_thread_blocked, id=14700, stack(0x000000002a3a0000,0x000000002a4a0000)]
  0x0000000028718800 JavaThread "J3D-SoundStructureUpdateThread-1" daemon [_thread_blocked, id=13688, stack(0x000000002a2a0000,0x000000002a3a0000)]
  0x000000002871f000 JavaThread "J3D-GeometryStructureUpdateThread-1" daemon [_thread_blocked, id=12320, stack(0x000000002a1a0000,0x000000002a2a0000)]
  0x000000002871a000 JavaThread "J3D-BehaviorStructureUpdateThread-1" daemon [_thread_blocked, id=14284, stack(0x000000002a0a0000,0x000000002a1a0000)]
  0x000000002871e800 JavaThread "DestroyJavaVM" [_thread_blocked, id=11432, stack(0x00000000032e0000,0x00000000033e0000)]
  0x000000001d7f7800 JavaThread "AWT-EventQueue-0" [_thread_blocked, id=5576, stack(0x00000000275a0000,0x00000000276a0000)]
  0x000000001a3af800 JavaThread "AWT-Shutdown" [_thread_blocked, id=1776, stack(0x000000001e420000,0x000000001e520000)]
  0x000000001d626800 JavaThread "Thread-5" [_thread_blocked, id=15580, stack(0x000000001bb20000,0x000000001bc20000)]
=>0x000000001b8da000 JavaThread "J3D-Renderer-1" daemon [_thread_in_native, id=5468, stack(0x0000000025fd0000,0x00000000260d0000)]
  0x000000001b614000 JavaThread "J3D-MasterControl-1" daemon [_thread_blocked, id=15544, stack(0x0000000025ed0000,0x0000000025fd0000)]
  0x000000001b613000 JavaThread "J3D-NotificationThread" daemon [_thread_blocked, id=10540, stack(0x0000000025dd0000,0x0000000025ed0000)]
  0x000000001b612800 JavaThread "J3D-TimerThread" daemon [_thread_blocked, id=10216, stack(0x0000000025cd0000,0x0000000025dd0000)]
  0x000000001b611800 JavaThread "J3D-RenderingAttributesStructureUpdateThread" daemon [_thread_blocked, id=9036, stack(0x0000000025bd0000,0x0000000025cd0000)]
  0x000000001b5f7000 JavaThread "main-SharedResourceRunner" daemon [_thread_in_native, id=5848, stack(0x000000001e920000,0x000000001ea20000)]
  0x000000001b26e800 JavaThread "AWT-Windows" daemon [_thread_in_native, id=16328, stack(0x000000001bc20000,0x000000001bd20000)]
  0x000000001b26b000 JavaThread "Java2D Disposer" daemon [_thread_blocked, id=15960, stack(0x000000001b9c0000,0x000000001bac0000)]
  0x000000001a338800 JavaThread "Service Thread" daemon [_thread_blocked, id=15904, stack(0x000000001ae70000,0x000000001af70000)]
  0x000000001a2a6800 JavaThread "C1 CompilerThread3" daemon [_thread_blocked, id=15964, stack(0x000000001ad70000,0x000000001ae70000)]
  0x000000001a29f000 JavaThread "C2 CompilerThread2" daemon [_thread_blocked, id=15480, stack(0x000000001ac70000,0x000000001ad70000)]
  0x000000001a29d800 JavaThread "C2 CompilerThread1" daemon [_thread_blocked, id=15956, stack(0x000000001ab70000,0x000000001ac70000)]
  0x000000001a29a800 JavaThread "C2 CompilerThread0" daemon [_thread_blocked, id=15952, stack(0x000000001aa70000,0x000000001ab70000)]
  0x000000001a299000 JavaThread "Attach Listener" daemon [_thread_blocked, id=4376, stack(0x000000001a970000,0x000000001aa70000)]
  0x000000001a298000 JavaThread "Signal Dispatcher" daemon [_thread_blocked, id=14848, stack(0x000000001a870000,0x000000001a970000)]
  0x000000001a290800 JavaThread "Finalizer" daemon [_thread_blocked, id=4724, stack(0x000000001a670000,0x000000001a770000)]
  0x00000000034d9000 JavaThread "Reference Handler" daemon [_thread_blocked, id=15980, stack(0x000000001a170000,0x000000001a270000)]

Other Threads:
  0x0000000018379800 VMThread [stack: 0x000000001a070000,0x000000001a170000] [id=15768]
  0x000000001a34e000 WatcherThread [stack: 0x000000001af70000,0x000000001b070000] [id=15896]

VM state:not at safepoint (normal execution)

VM Mutex/Monitor currently owned by a thread: None

heap address: 0x0000000083200000, size: 1998 MB, Compressed Oops mode: 32-bit
Narrow klass base: 0x0000000000000000, Narrow klass shift: 3
Compressed class space size: 1073741824 Address: 0x0000000100000000

Heap:
 PSYoungGen      total 646144K, used 138631K [0x00000000d6600000, 0x0000000100000000, 0x0000000100000000)
  eden space 636928K, 21% used [0x00000000d6600000,0x00000000ded61fa0,0x00000000fd400000)
  from space 9216K, 0% used [0x00000000fd400000,0x00000000fd400000,0x00000000fdd00000)
  to   space 10752K, 0% used [0x00000000ff580000,0x00000000ff580000,0x0000000100000000)
 ParOldGen       total 141312K, used 73309K [0x0000000083200000, 0x000000008bc00000, 0x00000000d6600000)
  object space 141312K, 51% used [0x0000000083200000,0x0000000087997620,0x000000008bc00000)
 Metaspace       used 22314K, capacity 22552K, committed 22912K, reserved 1071104K
  class space    used 2061K, capacity 2153K, committed 2176K, reserved 1048576K

Card table byte_map: [0x00000000128a0000,0x0000000012c90000] byte_map_base: 0x0000000012487000

Marking Bits: (ParMarkBitMap*) 0x0000000057575ce0
 Begin Bits: [0x0000000013730000, 0x0000000015668000)
 End Bits:   [0x0000000015668000, 0x00000000175a0000)

Polling page: 0x0000000001980000

CodeCache: size=245760Kb used=11376Kb max_used=12684Kb free=234383Kb
 bounds [0x00000000034e0000, 0x0000000004160000, 0x00000000124e0000]
 total_blobs=3648 nmethods=2720 adapters=840
 compilation: enabled

Compilation events (10 events):
Event: 180.986 Thread 0x000000001a29f000 3444       4       sun.awt.SunToolkit::getAppContext (42 bytes)
Event: 180.987 Thread 0x000000001a29f000 nmethod 3444 0x0000000003b69310 code [0x0000000003b69460, 0x0000000003b69558]
Event: 186.750 Thread 0x000000001a29d800 3445       4       org.jogamp.java3d.RenderBin::findTextureBin (130 bytes)
Event: 186.755 Thread 0x000000001a29d800 nmethod 3445 0x00000000038b2250 code [0x00000000038b2400, 0x00000000038b2ae0]
Event: 187.538 Thread 0x000000001a2a6800 3446       3       java.util.logging.LogManager$LoggerContext::ensureDefaultLogger (70 bytes)
Event: 187.538 Thread 0x000000001a2a6800 nmethod 3446 0x0000000003e63010 code [0x0000000003e631c0, 0x0000000003e63a48]
Event: 187.538 Thread 0x000000001a2a6800 3448       3       java.util.Hashtable$Enumerator::hasMoreElements (53 bytes)
Event: 187.539 Thread 0x000000001a2a6800 nmethod 3448 0x0000000003c4a7d0 code [0x0000000003c4a940, 0x0000000003c4ac10]
Event: 187.539 Thread 0x000000001a2a6800 3447  s    3       java.util.Hashtable::containsKey (65 bytes)
Event: 187.539 Thread 0x000000001a2a6800 nmethod 3447 0x00000000039eed90 code [0x00000000039eef20, 0x00000000039ef558]

GC Heap History (10 events):
Event: 5.935 GC heap before
{Heap before GC invocations=14 (full 0):
 PSYoungGen      total 642048K, used 641675K [0x00000000d6600000, 0x00000000ff600000, 0x0000000100000000)
  eden space 640000K, 100% used [0x00000000d6600000,0x00000000fd700000,0x00000000fd700000)
  from space 2048K, 81% used [0x00000000fe200000,0x00000000fe3a2e08,0x00000000fe400000)
  to   space 10240K, 0% used [0x00000000fec00000,0x00000000fec00000,0x00000000ff600000)
 ParOldGen       total 86016K, used 12378K [0x0000000083200000, 0x0000000088600000, 0x00000000d6600000)
  object space 86016K, 14% used [0x0000000083200000,0x0000000083e16b68,0x0000000088600000)
 Metaspace       used 19488K, capacity 19648K, committed 19968K, reserved 1067008K
  class space    used 1901K, capacity 1959K, committed 2048K, reserved 1048576K
Event: 5.937 GC heap after
Heap after GC invocations=14 (full 0):
 PSYoungGen      total 611328K, used 1161K [0x00000000d6600000, 0x00000000fed80000, 0x0000000100000000)
  eden space 609792K, 0% used [0x00000000d6600000,0x00000000d6600000,0x00000000fb980000)
  from space 1536K, 75% used [0x00000000fec00000,0x00000000fed224f0,0x00000000fed80000)
  to   space 10240K, 0% used [0x00000000fd980000,0x00000000fd980000,0x00000000fe380000)
 ParOldGen       total 86016K, used 12578K [0x0000000083200000, 0x0000000088600000, 0x00000000d6600000)
  object space 86016K, 14% used [0x0000000083200000,0x0000000083e48b68,0x0000000088600000)
 Metaspace       used 19488K, capacity 19648K, committed 19968K, reserved 1067008K
  class space    used 1901K, capacity 1959K, committed 2048K, reserved 1048576K
}
Event: 6.431 GC heap before
{Heap before GC invocations=15 (full 0):
 PSYoungGen      total 611328K, used 610953K [0x00000000d6600000, 0x00000000fed80000, 0x0000000100000000)
  eden space 609792K, 100% used [0x00000000d6600000,0x00000000fb980000,0x00000000fb980000)
  from space 1536K, 75% used [0x00000000fec00000,0x00000000fed224f0,0x00000000fed80000)
  to   space 10240K, 0% used [0x00000000fd980000,0x00000000fd980000,0x00000000fe380000)
 ParOldGen       total 86016K, used 12578K [0x0000000083200000, 0x0000000088600000, 0x00000000d6600000)
  object space 86016K, 14% used [0x0000000083200000,0x0000000083e48b68,0x0000000088600000)
 Metaspace       used 19530K, capacity 19712K, committed 19968K, reserved 1067008K
  class space    used 1901K, capacity 1959K, committed 2048K, reserved 1048576K
Event: 6.433 GC heap after
Heap after GC invocations=15 (full 0):
 PSYoungGen      total 582656K, used 1336K [0x00000000d6600000, 0x00000000fec80000, 0x0000000100000000)
  eden space 581120K, 0% used [0x00000000d6600000,0x00000000d6600000,0x00000000f9d80000)
  from space 1536K, 86% used [0x00000000fd980000,0x00000000fdace0c8,0x00000000fdb00000)
  to   space 9728K, 0% used [0x00000000fe300000,0x00000000fe300000,0x00000000fec80000)
 ParOldGen       total 86016K, used 12978K [0x0000000083200000, 0x0000000088600000, 0x00000000d6600000)
  object space 86016K, 15% used [0x0000000083200000,0x0000000083eacb68,0x0000000088600000)
 Metaspace       used 19530K, capacity 19712K, committed 19968K, reserved 1067008K
  class space    used 1901K, capacity 1959K, committed 2048K, reserved 1048576K
}
Event: 6.940 GC heap before
{Heap before GC invocations=16 (full 0):
 PSYoungGen      total 582656K, used 582456K [0x00000000d6600000, 0x00000000fec80000, 0x0000000100000000)
  eden space 581120K, 100% used [0x00000000d6600000,0x00000000f9d80000,0x00000000f9d80000)
  from space 1536K, 86% used [0x00000000fd980000,0x00000000fdace0c8,0x00000000fdb00000)
  to   space 9728K, 0% used [0x00000000fe300000,0x00000000fe300000,0x00000000fec80000)
 ParOldGen       total 86016K, used 12978K [0x0000000083200000, 0x0000000088600000, 0x00000000d6600000)
  object space 86016K, 15% used [0x0000000083200000,0x0000000083eacb68,0x0000000088600000)
 Metaspace       used 19563K, capacity 19712K, committed 19968K, reserved 1067008K
  class space    used 1905K, capacity 1959K, committed 2048K, reserved 1048576K
Event: 6.943 GC heap after
Heap after GC invocations=16 (full 0):
 PSYoungGen      total 557056K, used 2767K [0x00000000d6600000, 0x00000000fe600000, 0x0000000100000000)
  eden space 553984K, 0% used [0x00000000d6600000,0x00000000d6600000,0x00000000f8300000)
  from space 3072K, 90% used [0x00000000fe300000,0x00000000fe5b3d48,0x00000000fe600000)
  to   space 9216K, 0% used [0x00000000fd400000,0x00000000fd400000,0x00000000fdd00000)
 ParOldGen       total 86016K, used 13428K [0x0000000083200000, 0x0000000088600000, 0x00000000d6600000)
  object space 86016K, 15% used [0x0000000083200000,0x0000000083f1d2c8,0x0000000088600000)
 Metaspace       used 19563K, capacity 19712K, committed 19968K, reserved 1067008K
  class space    used 1905K, capacity 1959K, committed 2048K, reserved 1048576K
}
Event: 7.486 GC heap before
{Heap before GC invocations=17 (full 0):
 PSYoungGen      total 557056K, used 324432K [0x00000000d6600000, 0x00000000fe600000, 0x0000000100000000)
  eden space 553984K, 58% used [0x00000000d6600000,0x00000000ea0203e8,0x00000000f8300000)
  from space 3072K, 90% used [0x00000000fe300000,0x00000000fe5b3d48,0x00000000fe600000)
  to   space 9216K, 0% used [0x00000000fd400000,0x00000000fd400000,0x00000000fdd00000)
 ParOldGen       total 86016K, used 13428K [0x0000000083200000, 0x0000000088600000, 0x00000000d6600000)
  object space 86016K, 15% used [0x0000000083200000,0x0000000083f1d2c8,0x0000000088600000)
 Metaspace       used 20811K, capacity 21056K, committed 21552K, reserved 1069056K
  class space    used 2015K, capacity 2087K, committed 2176K, reserved 1048576K
Event: 7.501 GC heap after
Heap after GC invocations=17 (full 0):
 PSYoungGen      total 646144K, used 8973K [0x00000000d6600000, 0x0000000100000000, 0x0000000100000000)
  eden space 636928K, 0% used [0x00000000d6600000,0x00000000d6600000,0x00000000fd400000)
  from space 9216K, 97% used [0x00000000fd400000,0x00000000fdcc3550,0x00000000fdd00000)
  to   space 10752K, 0% used [0x00000000ff580000,0x00000000ff580000,0x0000000100000000)
 ParOldGen       total 86016K, used 74078K [0x0000000083200000, 0x0000000088600000, 0x00000000d6600000)
  object space 86016K, 86% used [0x0000000083200000,0x0000000087a57b00,0x0000000088600000)
 Metaspace       used 20811K, capacity 21056K, committed 21552K, reserved 1069056K
  class space    used 2015K, capacity 2087K, committed 2176K, reserved 1048576K
}
Event: 7.501 GC heap before
{Heap before GC invocations=18 (full 1):
 PSYoungGen      total 646144K, used 8973K [0x00000000d6600000, 0x0000000100000000, 0x0000000100000000)
  eden space 636928K, 0% used [0x00000000d6600000,0x00000000d6600000,0x00000000fd400000)
  from space 9216K, 97% used [0x00000000fd400000,0x00000000fdcc3550,0x00000000fdd00000)
  to   space 10752K, 0% used [0x00000000ff580000,0x00000000ff580000,0x0000000100000000)
 ParOldGen       total 86016K, used 74078K [0x0000000083200000, 0x0000000088600000, 0x00000000d6600000)
  object space 86016K, 86% used [0x0000000083200000,0x0000000087a57b00,0x0000000088600000)
 Metaspace       used 20811K, capacity 21056K, committed 21552K, reserved 1069056K
  class space    used 2015K, capacity 2087K, committed 2176K, reserved 1048576K
Event: 7.537 GC heap after
Heap after GC invocations=18 (full 1):
 PSYoungGen      total 646144K, used 0K [0x00000000d6600000, 0x0000000100000000, 0x0000000100000000)
  eden space 636928K, 0% used [0x00000000d6600000,0x00000000d6600000,0x00000000fd400000)
  from space 9216K, 0% used [0x00000000fd400000,0x00000000fd400000,0x00000000fdd00000)
  to   space 10752K, 0% used [0x00000000ff580000,0x00000000ff580000,0x0000000100000000)
 ParOldGen       total 141312K, used 73309K [0x0000000083200000, 0x000000008bc00000, 0x00000000d6600000)
  object space 141312K, 51% used [0x0000000083200000,0x0000000087997620,0x000000008bc00000)
 Metaspace       used 20811K, capacity 21056K, committed 21552K, reserved 1069056K
  class space    used 2015K, capacity 2087K, committed 2176K, reserved 1048576K
}

Deoptimization events (10 events):
Event: 127.565 Thread 0x000000001b8da000 Uncommon trap: reason=unstable_if action=reinterpret pc=0x0000000003ecf4d0 method=org.jogamp.java3d.BoundingBox.intersect(Lorg/jogamp/java3d/CachedFrustum;)Z @ 33
Event: 129.629 Thread 0x000000001b614000 Uncommon trap: reason=unstable_if action=reinterpret pc=0x0000000004158e50 method=org.jogamp.java3d.RenderMolecule.updateObject()V @ 4
Event: 187.536 Thread 0x000000001b26e800 Uncommon trap: reason=class_check action=maybe_recompile pc=0x0000000003b69518 method=sun.awt.SunToolkit.getAppContext(Ljava/lang/Object;)Lsun/awt/AppContext; @ 11
Event: 187.536 Thread 0x000000001b26e800 Uncommon trap: reason=class_check action=maybe_recompile pc=0x0000000003b69518 method=sun.awt.SunToolkit.getAppContext(Ljava/lang/Object;)Lsun/awt/AppContext; @ 11
Event: 187.536 Thread 0x000000001d7f7800 Uncommon trap: reason=class_check action=maybe_recompile pc=0x0000000003e07cac method=java.awt.EventQueue.coalesceEvent(Ljava/awt/AWTEvent;I)Z @ 32
Event: 187.538 Thread 0x000000001b5f7000 Uncommon trap: reason=class_check action=maybe_recompile pc=0x00000000039abefc method=jogamp.opengl.GLDrawableImpl.lockSurface()I @ 4
Event: 187.538 Thread 0x000000001b5f7000 Uncommon trap: reason=class_check action=maybe_recompile pc=0x000000000392c960 method=jogamp.opengl.GLDrawableImpl.lockSurface()I @ 4
Event: 187.538 Thread 0x000000001b5f7000 Uncommon trap: reason=class_check action=maybe_recompile pc=0x000000000391c324 method=jogamp.opengl.GLDrawableImpl.getHandle()J @ 4
Event: 187.539 Thread 0x000000001b5f7000 Uncommon trap: reason=unstable_if action=reinterpret pc=0x00000000040dd954 method=jogamp.opengl.GLContextImpl.release(Z)V @ 167
Event: 187.549 Thread 0x000000001b5f7000 Uncommon trap: reason=unstable_if action=reinterpret pc=0x0000000003de1ec0 method=com.jogamp.common.util.IntIntHashMap.put(II)I @ 21

Classes redefined (0 events):
No events

Internal exceptions (10 events):
Event: 6.215 Thread 0x000000000323e000 Exception <a 'java/io/FileNotFoundException'> (0x00000000ed97baa0) thrown at [C:\re\workspace\8-2-build-windows-amd64-cygwin\jdk8u202\12323\hotspot\src\share\vm\prims\jni.cpp, line 710]
Event: 6.223 Thread 0x000000000323e000 Exception <a 'java/io/FileNotFoundException'> (0x00000000ee47dac0) thrown at [C:\re\workspace\8-2-build-windows-amd64-cygwin\jdk8u202\12323\hotspot\src\share\vm\prims\jni.cpp, line 710]
Event: 6.231 Thread 0x000000000323e000 Exception <a 'java/io/FileNotFoundException'> (0x00000000eef7fae8) thrown at [C:\re\workspace\8-2-build-windows-amd64-cygwin\jdk8u202\12323\hotspot\src\share\vm\prims\jni.cpp, line 710]
Event: 6.239 Thread 0x000000000323e000 Exception <a 'java/io/FileNotFoundException'> (0x00000000efa81b00) thrown at [C:\re\workspace\8-2-build-windows-amd64-cygwin\jdk8u202\12323\hotspot\src\share\vm\prims\jni.cpp, line 710]
Event: 6.247 Thread 0x000000000323e000 Exception <a 'java/io/FileNotFoundException'> (0x00000000f05853b8) thrown at [C:\re\workspace\8-2-build-windows-amd64-cygwin\jdk8u202\12323\hotspot\src\share\vm\prims\jni.cpp, line 710]
Event: 6.255 Thread 0x000000000323e000 Exception <a 'java/io/FileNotFoundException'> (0x00000000f10873c0) thrown at [C:\re\workspace\8-2-build-windows-amd64-cygwin\jdk8u202\12323\hotspot\src\share\vm\prims\jni.cpp, line 710]
Event: 6.932 Thread 0x000000000323e000 Exception <a 'java/io/FileNotFoundException'> (0x00000000f92d6600) thrown at [C:\re\workspace\8-2-build-windows-amd64-cygwin\jdk8u202\12323\hotspot\src\share\vm\prims\jni.cpp, line 710]
Event: 6.992 Thread 0x000000000323e000 Exception <a 'java/io/FileNotFoundException'> (0x00000000d82f6758) thrown at [C:\re\workspace\8-2-build-windows-amd64-cygwin\jdk8u202\12323\hotspot\src\share\vm\prims\jni.cpp, line 710]
Event: 7.065 Thread 0x000000000323e000 Exception <a 'java/io/FileNotFoundException'> (0x00000000daef3c88) thrown at [C:\re\workspace\8-2-build-windows-amd64-cygwin\jdk8u202\12323\hotspot\src\share\vm\prims\jni.cpp, line 710]
Event: 187.549 Thread 0x000000001b5f7000 Implicit null exception at 0x0000000003de1e25 to 0x0000000003de1e99

Events (10 events):
Event: 187.538 Thread 0x0000000028b6b000 Thread exited: 0x0000000028b6b000
Event: 187.539 Thread 0x000000001a2a6800 flushing nmethod 0x000000000407bc50
Event: 187.539 Thread 0x000000001a2a6800 flushing nmethod 0x0000000004086110
Event: 187.539 Thread 0x000000001a2a6800 flushing nmethod 0x000000000409d910
Event: 187.539 Thread 0x000000001b5f7000 Uncommon trap: trap_request=0xffffff65 fr.pc=0x00000000040dd954
Event: 187.539 Thread 0x000000001b5f7000 DEOPT PACKING pc=0x00000000040dd954 sp=0x000000001ea1ecf0
Event: 187.539 Thread 0x000000001b5f7000 DEOPT UNPACKING pc=0x000000000352583b sp=0x000000001ea1ecf0 mode 2
Event: 187.549 Thread 0x000000001b5f7000 Uncommon trap: trap_request=0xffffff65 fr.pc=0x0000000003de1ec0
Event: 187.549 Thread 0x000000001b5f7000 DEOPT PACKING pc=0x0000000003de1ec0 sp=0x000000001ea1eb90
Event: 187.549 Thread 0x000000001b5f7000 DEOPT UNPACKING pc=0x000000000352583b sp=0x000000001ea1eb00 mode 2


Dynamic libraries:
0x00007ff7b9840000 - 0x00007ff7b9877000 	C:\Program Files\Java\jre1.8.0_202\bin\javaw.exe
0x00007fff57170000 - 0x00007fff57387000 	C:\WINDOWS\SYSTEM32\ntdll.dll
0x00007fff562e0000 - 0x00007fff563a4000 	C:\WINDOWS\System32\KERNEL32.DLL
0x00007fff54780000 - 0x00007fff54b51000 	C:\WINDOWS\System32\KERNELBASE.dll
0x00007fff56a00000 - 0x00007fff56ab1000 	C:\WINDOWS\System32\ADVAPI32.dll
0x00007fff55660000 - 0x00007fff55707000 	C:\WINDOWS\System32\msvcrt.dll
0x00007fff557a0000 - 0x00007fff55847000 	C:\WINDOWS\System32\sechost.dll
0x00007fff54420000 - 0x00007fff54448000 	C:\WINDOWS\System32\bcrypt.dll
0x00007fff551d0000 - 0x00007fff552e4000 	C:\WINDOWS\System32\RPCRT4.dll
0x00007fff56d60000 - 0x00007fff56f11000 	C:\WINDOWS\System32\USER32.dll
0x00007fff546d0000 - 0x00007fff546f6000 	C:\WINDOWS\System32\win32u.dll
0x00007fff55300000 - 0x00007fff55329000 	C:\WINDOWS\System32\GDI32.dll
0x00007fff54d20000 - 0x00007fff54e3b000 	C:\WINDOWS\System32\gdi32full.dll
0x00007fff54c80000 - 0x00007fff54d1a000 	C:\WINDOWS\System32\msvcp_win.dll
0x00007fff54b60000 - 0x00007fff54c71000 	C:\WINDOWS\System32\ucrtbase.dll
0x00007fff3dcd0000 - 0x00007fff3df62000 	C:\WINDOWS\WinSxS\amd64_microsoft.windows.common-controls_6595b64144ccf1df_6.0.22621.4830_none_270fe7d773858e80\COMCTL32.dll
0x00007fff55950000 - 0x00007fff55981000 	C:\WINDOWS\System32\IMM32.DLL
0x0000000057600000 - 0x00000000576d2000 	C:\Program Files\Java\jre1.8.0_202\bin\msvcr100.dll
0x0000000056d50000 - 0x00000000575f5000 	C:\Program Files\Java\jre1.8.0_202\bin\server\jvm.dll
0x00007fff552f0000 - 0x00007fff552f8000 	C:\WINDOWS\System32\PSAPI.DLL
0x00007fff4a0f0000 - 0x00007fff4a0fa000 	C:\WINDOWS\SYSTEM32\VERSION.dll
0x00007fff4e370000 - 0x00007fff4e3a4000 	C:\WINDOWS\SYSTEM32\WINMM.dll
0x00007fff4f0d0000 - 0x00007fff4f0d9000 	C:\WINDOWS\SYSTEM32\WSOCK32.dll
0x00007fff56ba0000 - 0x00007fff56c11000 	C:\WINDOWS\System32\WS2_32.dll
0x00007fff4f0c0000 - 0x00007fff4f0cf000 	C:\Program Files\Java\jre1.8.0_202\bin\verify.dll
0x00007fff4f090000 - 0x00007fff4f0b9000 	C:\Program Files\Java\jre1.8.0_202\bin\java.dll
0x00007fff4e580000 - 0x00007fff4e596000 	C:\Program Files\Java\jre1.8.0_202\bin\zip.dll
0x00007fff559f0000 - 0x00007fff56278000 	C:\WINDOWS\System32\SHELL32.dll
0x00007fff544d0000 - 0x00007fff5460f000 	C:\WINDOWS\System32\wintypes.dll
0x00007fff54e40000 - 0x00007fff551d0000 	C:\WINDOWS\System32\combase.dll
0x00007fff521c0000 - 0x00007fff52acd000 	C:\WINDOWS\SYSTEM32\windows.storage.dll
0x00007fff56c20000 - 0x00007fff56d2a000 	C:\WINDOWS\System32\SHCORE.dll
0x00007fff56280000 - 0x00007fff562de000 	C:\WINDOWS\System32\shlwapi.dll
0x00007fff541e0000 - 0x00007fff5420b000 	C:\WINDOWS\SYSTEM32\profapi.dll
0x00007ffed8840000 - 0x00007ffed89d9000 	C:\Program Files\Java\jre1.8.0_202\bin\awt.dll
0x00007fff56ac0000 - 0x00007fff56b97000 	C:\WINDOWS\System32\OLEAUT32.dll
0x00007fff4dfb0000 - 0x00007fff4e047000 	C:\WINDOWS\SYSTEM32\apphelp.dll
0x00007fff517f0000 - 0x00007fff5181b000 	C:\WINDOWS\system32\DWMAPI.DLL
0x00007fff51580000 - 0x00007fff51633000 	C:\WINDOWS\system32\uxtheme.dll
0x00007fff1c340000 - 0x00007fff1c440000 	C:\WINDOWS\system32\opengl32.dll
0x00007fff1ceb0000 - 0x00007fff1cedd000 	C:\WINDOWS\SYSTEM32\GLU32.dll
0x00007fff51680000 - 0x00007fff516b7000 	C:\WINDOWS\SYSTEM32\dxcore.dll
0x00007fff55500000 - 0x00007fff5565d000 	C:\WINDOWS\System32\MSCTF.dll
0x00007fff563d0000 - 0x00007fff56571000 	C:\WINDOWS\System32\ole32.dll
0x00007fff533c0000 - 0x00007fff533d8000 	C:\WINDOWS\SYSTEM32\kernel.appcore.dll
0x00007fff54450000 - 0x00007fff544cb000 	C:\WINDOWS\System32\bcryptPrimitives.dll
0x00007fff53ab0000 - 0x00007fff53acb000 	C:\WINDOWS\SYSTEM32\CRYPTSP.dll
0x00007fff53320000 - 0x00007fff53357000 	C:\WINDOWS\system32\rsaenh.dll
0x00007fff53930000 - 0x00007fff53958000 	C:\WINDOWS\SYSTEM32\USERENV.dll
0x00007fff53ad0000 - 0x00007fff53adc000 	C:\WINDOWS\SYSTEM32\CRYPTBASE.dll
0x00007fff4e560000 - 0x00007fff4e57a000 	C:\Program Files\Java\jre1.8.0_202\bin\net.dll
0x00007fff46040000 - 0x00007fff46235000 	C:\WINDOWS\SYSTEM32\urlmon.dll
0x00007fff45a40000 - 0x00007fff45cff000 	C:\WINDOWS\SYSTEM32\iertutil.dll
0x00007fff45e60000 - 0x00007fff45e88000 	C:\WINDOWS\SYSTEM32\srvcli.dll
0x00007fff52cf0000 - 0x00007fff52cfc000 	C:\WINDOWS\SYSTEM32\netutils.dll
0x00007fff53840000 - 0x00007fff538aa000 	C:\WINDOWS\system32\mswsock.dll
0x00007fff52d70000 - 0x00007fff52d9d000 	C:\WINDOWS\SYSTEM32\IPHLPAPI.DLL
0x00007fff56f20000 - 0x00007fff56f29000 	C:\WINDOWS\System32\NSI.dll
0x00007fff4f250000 - 0x00007fff4f269000 	C:\WINDOWS\SYSTEM32\dhcpcsvc6.DLL
0x00007fff4f0e0000 - 0x00007fff4f0ff000 	C:\WINDOWS\SYSTEM32\dhcpcsvc.DLL
0x00007fff52df0000 - 0x00007fff52ef2000 	C:\WINDOWS\SYSTEM32\DNSAPI.dll
0x00007fff4e540000 - 0x00007fff4e552000 	C:\Program Files\Java\jre1.8.0_202\bin\nio.dll
0x00007fff4e520000 - 0x00007fff4e533000 	C:\Users\noahm\AppData\Local\Temp\jogamp_0000\file_cache\jln7367219476484844562\jln4123931354136889099\natives\windows-amd64\gluegen_rt.dll
0x00007fff4f080000 - 0x00007fff4f087000 	C:\Program Files\Java\jre1.8.0_202\bin\jawt.dll
0x00007fff4e510000 - 0x00007fff4e51d000 	C:\Users\noahm\AppData\Local\Temp\jogamp_0000\file_cache\jln7367219476484844562\jln4123931354136889099\natives\windows-amd64\nativewindow_awt.dll
0x00007fff3e010000 - 0x00007fff3e025000 	C:\Users\noahm\AppData\Local\Temp\jogamp_0000\file_cache\jln7367219476484844562\jln4123931354136889099\natives\windows-amd64\nativewindow_win32.dll
0x00007fff3c620000 - 0x00007fff3c6a3000 	C:\Users\noahm\AppData\Local\Temp\jogamp_0000\file_cache\jln7367219476484844562\jln4123931354136889099\natives\windows-amd64\jogl_desktop.dll
0x00007fff3c5c0000 - 0x00007fff3c612000 	C:\Users\noahm\AppData\Local\Temp\jogamp_0000\file_cache\jln7367219476484844562\jln4123931354136889099\natives\windows-amd64\jogl_mobile.dll
0x00007fff4b600000 - 0x00007fff4b649000 	C:\WINDOWS\SYSTEM32\directxdatabasehelper.dll
0x00007fff55850000 - 0x00007fff55900000 	C:\WINDOWS\System32\clbcatq.dll
0x00007fff4f100000 - 0x00007fff4f244000 	C:\Windows\System32\AppXDeploymentClient.dll
0x00007ffec6340000 - 0x00007ffec722d000 	C:\WINDOWS\System32\DriverStore\FileRepository\iigd_dch.inf_amd64_56663c64bec44963\ig12icd64.dll
0x00007fff516c0000 - 0x00007fff517b7000 	C:\WINDOWS\system32\dxgi.dll
0x00007fff45770000 - 0x00007fff45917000 	C:\WINDOWS\System32\DriverStore\FileRepository\iigd_dch.inf_amd64_56663c64bec44963\igdgmm64.dll
0x00007ffed8440000 - 0x00007ffed8831000 	C:\WINDOWS\System32\DriverStore\FileRepository\iigd_dch.inf_amd64_56663c64bec44963\igdml64.dll
0x00007fff42e80000 - 0x00007fff4576a000 	C:\WINDOWS\System32\DriverStore\FileRepository\iigd_dch.inf_amd64_56663c64bec44963\igc64.dll
0x00007fff531c0000 - 0x00007fff5320d000 	C:\WINDOWS\SYSTEM32\powrprof.dll
0x00007fff53120000 - 0x00007fff53133000 	C:\WINDOWS\SYSTEM32\UMPDC.dll
0x00007fff3c350000 - 0x00007fff3c397000 	C:\Program Files\Java\jre1.8.0_202\bin\fontmanager.dll
0x00007fff3e070000 - 0x00007fff3e1b3000 	C:\WINDOWS\SYSTEM32\textinputframework.dll
0x00007fff3b5f0000 - 0x00007fff3b621000 	C:\Program Files\Java\jre1.8.0_202\bin\jpeg.dll
0x00007fff3b5a0000 - 0x00007fff3b5e2000 	C:\Program Files\Java\jre1.8.0_202\bin\t2k.dll
0x00007fff4db20000 - 0x00007fff4dc55000 	C:\WINDOWS\SYSTEM32\CoreMessaging.dll
0x00007fff4aff0000 - 0x00007fff4b35c000 	C:\WINDOWS\SYSTEM32\CoreUIComponents.dll
0x00007fff50f90000 - 0x00007fff511c2000 	C:\WINDOWS\SYSTEM32\dbghelp.dll

VM Arguments:
jvm_args: -Dfile.encoding=UTF-8 -Dstdout.encoding=UTF-8 -Dstderr.encoding=UTF-8 
java_command: museum.Museum
java_class_path (initial): C:\Users\noahm\eclipse-workspace\Museum\bin;C:\jars4java3d\gluegen-rt.jar;C:\jars4java3d\java3d-core.jar;C:\jars4java3d\java3d-examples.jar;C:\jars4java3d\java3d-utils.jar;C:\jars4java3d\jogamp-fat.jar;C:\jars4java3d\jogamp-fat-test.jar;C:\jars4java3d\jogl-demos.jar;C:\jars4java3d\jogl-fonts-p0.jar;C:\jars4java3d\vecmath.jar
Launcher Type: SUN_STANDARD

Environment Variables:
JAVA_HOME=C:\Program Files\Eclipse Adoptium\jdk-17.0.12.7-hotspot\
PATH=C:\Program Files\Common Files\Oracle\Java\javapath;C:\Program Files (x86)\Common Files\Oracle\Java\java8path;C:\Program Files (x86)\Common Files\Oracle\Java\javapath;C:\WINDOWS\system32;C:\WINDOWS;C:\WINDOWS\System32\Wbem;C:\WINDOWS\System32\WindowsPowerShell\v1.0\;C:\WINDOWS\System32\OpenSSH\;C:\Program Files\Git\cmd;C:\Program Files\Microsoft SQL Server\150\Tools\Binn\;C:\Program Files\Microsoft SQL Server\Client SDK\ODBC\170\Tools\Binn\;C:\Program Files\dotnet\;C:\Users\noahm\AppData\Local\Programs\Python\Python311\Scripts\;C:\Users\noahm\AppData\Local\Programs\Python\Python311\;C:\MinGW\bin;C:\Users\noahm\AppData\Local\Microsoft\WindowsApps;C:\cygwin64;C:\Users\noahm\AppData\Local\Programs\Microsoft VS Code\bin;C:\Users\noahm\.dotnet\tools;C:\Users\noahm\AppData\Local\GitHubDesktop\bin
USERNAME=noahm
OS=Windows_NT
PROCESSOR_IDENTIFIER=Intel64 Family 6 Model 140 Stepping 1, GenuineIntel



---------------  S Y S T E M  ---------------

OS: Windows 10.0 , 64 bit Build 22621 (10.0.22621.4974)

CPU:total 8 (initial active 8) (4 cores per cpu, 2 threads per core) family 6 model 140 stepping 1, cmov, cx8, fxsr, mmx, sse, sse2, sse3, ssse3, sse4.1, sse4.2, popcnt, avx, avx2, aes, clmul, erms, 3dnowpref, lzcnt, ht, tsc, tscinvbit, bmi1, bmi2, adx

Memory: 4k page, physical 8179000k(1717160k free), swap 14732600k(6178972k free)

vm_info: Java HotSpot(TM) 64-Bit Server VM (25.202-b08) for windows-amd64 JRE (1.8.0_202-b08), built on Dec 15 2018 19:54:30 by "java_re" with MS VC++ 10.0 (VS2010)

time: Fri Mar 28 12:02:39 2025
timezone: Eastern Daylight Time
elapsed time: 187 seconds (0d 0h 3m 7s)

