#
# A fatal error has been detected by the Java Runtime Environment:
#
#  EXCEPTION_ACCESS_VIOLATION (0xc0000005) at pc=0x00007ffb3240ec52, pid=15348, tid=0x0000000000001828
#
# JRE version: Java(TM) SE Runtime Environment (8.0_202-b08) (build 1.8.0_202-b08)
# Java VM: Java HotSpot(TM) 64-Bit Server VM (25.202-b08 mixed mode windows-amd64 compressed oops)
# Problematic frame:
# C  [ig12icd64.dll+0x16ec52]
#
# Failed to write core dump. Minidumps are not enabled by default on client versions of Windows
#
# If you would like to submit a bug report, please visit:
#   http://bugreport.java.com/bugreport/crash.jsp
# The crash happened outside the Java Virtual Machine in native code.
# See problematic frame for where to report the bug.
#

---------------  T H R E A D  ---------------

Current thread (0x000000001cd4e800):  JavaThread "J3D-Renderer-1" daemon [_thread_in_native, id=6184, stack(0x0000000025290000,0x0000000025390000)]

siginfo: ExceptionCode=0xc0000005, reading address 0x00007ffb33259dc0

Registers:
RAX=0x0000000000007ffb, RBX=0x000000002538eac0, RCX=0x000000000019fefc, RDX=0x000000002538ecd0
RSP=0x000000002538e7b8, RBP=0x000000002538e8c0, RSI=0x0000000000000001, RDI=0x000000002538eac0
R8 =0x000000002538e8f0, R9 =0x000000002538ecd0, R10=0x0000000000000080, R11=0x000000002538eb60
R12=0x0000000000000000, R13=0x0000000000000001, R14=0x00007ffb330b9ea0, R15=0x0000000000000000
RIP=0x00007ffb3240ec52, EFLAGS=0x0000000000010206

Top of Stack: (sp=0x000000002538e7b8)
0x000000002538e7b8:   00007ffb3240d4b2 000000002538ecd0
0x000000002538e7c8:   000000002538e8c0 0000000000000000
0x000000002538e7d8:   0000000000000000 0000000000000000
0x000000002538e7e8:   000000002538e9e0 0000000000000000
0x000000002538e7f8:   0000000000000f78 0000000000000001
0x000000002538e808:   00007ffb3230fc92 0000000000000000
0x000000002538e818:   00007ffb3230fec2 001000027a000004
0x000000002538e828:   0000000000000000 0000000000000000
0x000000002538e838:   000000002538e930 000000002538e928
0x000000002538e848:   0000000024459990 000035a9b1e3c1fc
0x000000002538e858:   0000000000000000 0000000000000000
0x000000002538e868:   000000007feff299 0000000000000065
0x000000002538e878:   00007ffb9110d69a 0000000000af007e
0x000000002538e888:   0000000000000050 000000002404af60
0x000000002538e898:   00000000000000c0 0000000023277a70
0x000000002538e8a8:   00007ffb3240d400 0000000000000000 

Instructions: (pc=0x00007ffb3240ec52)
0x00007ffb3240ec32:   31 08 41 89 40 44 42 8b 44 31 0c 41 89 40 48 42
0x00007ffb3240ec42:   8b 44 31 10 41 89 40 4c 48 63 43 78 48 6b c8 34
0x00007ffb3240ec52:   42 8b 44 31 24 41 89 40 50 42 8b 44 31 28 41 89
0x00007ffb3240ec62:   40 54 42 8b 44 31 2c 41 89 40 58 42 8b 44 31 30 


Register to memory mapping:

RAX=0x0000000000007ffb is an unknown value
RBX=0x000000002538eac0 is pointing into the stack for thread: 0x000000001cd4e800
RCX=0x000000000019fefc is an unknown value
RDX=0x000000002538ecd0 is pointing into the stack for thread: 0x000000001cd4e800
RSP=0x000000002538e7b8 is pointing into the stack for thread: 0x000000001cd4e800
RBP=0x000000002538e8c0 is pointing into the stack for thread: 0x000000001cd4e800
RSI=0x0000000000000001 is an unknown value
RDI=0x000000002538eac0 is pointing into the stack for thread: 0x000000001cd4e800
R8 =0x000000002538e8f0 is pointing into the stack for thread: 0x000000001cd4e800
R9 =0x000000002538ecd0 is pointing into the stack for thread: 0x000000001cd4e800
R10=0x0000000000000080 is an unknown value
R11=0x000000002538eb60 is pointing into the stack for thread: 0x000000001cd4e800
R12=0x0000000000000000 is an unknown value
R13=0x0000000000000001 is an unknown value
R14=0x00007ffb330b9ea0 is an unknown value
R15=0x0000000000000000 is an unknown value


Stack: [0x0000000025290000,0x0000000025390000],  sp=0x000000002538e7b8,  free space=1017k
Native frames: (J=compiled Java code, j=interpreted, Vv=VM code, C=native code)
C  [ig12icd64.dll+0x16ec52]
C  [ig12icd64.dll+0x16d4b2]
C  [ig12icd64.dll+0x173049]
C  [ig12icd64.dll+0x318b75]
C  [ig12icd64.dll+0x3195d4]
C  [ig12icd64.dll+0x31cdab]
C  [ig12icd64.dll+0x9516a0]
C  [ig12icd64.dll+0xd2cc1]
C  [ig12icd64.dll+0xd4a38]
C  [ig12icd64.dll+0x337dae]
C  [jogl_desktop.dll+0x1325b]
C  0x0000000002b2cda8

Java frames: (J=compiled Java code, j=interpreted, Vv=VM code)
J 2219  jogamp.opengl.gl4.GL4bcImpl.dispatch_glMultiDrawArrays1(ILjava/lang/Object;IZLjava/lang/Object;IZIJ)V (0 bytes) @ 0x0000000002b2cd22 [0x0000000002b2cc80+0xa2]
J 2759 C2 org.jogamp.java3d.JoglPipeline.executeGeometryArrayVA(Lorg/jogamp/java3d/Context;Lorg/jogamp/java3d/GeometryArrayRetained;IZZIIIILjava/nio/FloatBuffer;Ljava/nio/DoubleBuffer;ILjava/nio/FloatBuffer;Ljava/nio/ByteBuffer;ILjava/nio/FloatBuffer;I[I[I[Ljava/nio/FloatBuffer;I[II[II[Ljava/nio/FloatBuffer;I[II[I)V (826 bytes) @ 0x00000000032bec34 [0x00000000032be780+0x4b4]
J 2758 C2 org.jogamp.java3d.JoglPipeline.executeVABuffer(Lorg/jogamp/java3d/Context;Lorg/jogamp/java3d/GeometryArrayRetained;IZZIIIILjava/nio/Buffer;ILjava/nio/Buffer;[F[BILjava/nio/FloatBuffer;I[I[I[Ljava/nio/FloatBuffer;I[II[II[Ljava/lang/Object;I)V (390 bytes) @ 0x00000000032b7748 [0x00000000032b73c0+0x388]
J 2747 C2 org.jogamp.java3d.GeometryArrayRetained.execute(Lorg/jogamp/java3d/Canvas3D;Lorg/jogamp/java3d/RenderAtom;ZZFIZ)V (1965 bytes) @ 0x00000000032aa048 [0x00000000032a9ce0+0x368]
J 2710 C2 org.jogamp.java3d.VertexArrayRenderMethod.render(Lorg/jogamp/java3d/RenderMolecule;Lorg/jogamp/java3d/Canvas3D;Lorg/jogamp/java3d/RenderAtomListInfo;I)Z (202 bytes) @ 0x0000000003250b8c [0x00000000032506e0+0x4ac]
J 2720 C2 org.jogamp.java3d.RenderMolecule.render(Lorg/jogamp/java3d/Canvas3D;II)Z (330 bytes) @ 0x0000000003269a24 [0x0000000003269840+0x1e4]
J 3414 C2 org.jogamp.java3d.RenderBin.renderOpaque(Lorg/jogamp/java3d/Canvas3D;)V (23 bytes) @ 0x0000000002c5a898 [0x0000000002c5a560+0x338]
J 3177 C2 org.jogamp.java3d.Renderer.doWork(J)V (6541 bytes) @ 0x0000000003463828 [0x00000000034622a0+0x1588]
J 3421% C1 org.jogamp.java3d.J3dThread.run()V (37 bytes) @ 0x0000000003012c64 [0x0000000003012a80+0x1e4]
v  ~StubRoutines::call_stub

---------------  P R O C E S S  ---------------

Java Threads: ( => current thread )
  0x000000002793f000 JavaThread "Thread-0" daemon [_thread_in_native, id=2600, stack(0x0000000029e70000,0x0000000029f70000)]
  0x000000002793a800 JavaThread "J3D-InputDeviceScheduler-1" daemon [_thread_blocked, id=2532, stack(0x0000000029b00000,0x0000000029c00000)]
  0x0000000027938800 JavaThread "J3D-SoundSchedulerUpdateThread-1" daemon [_thread_blocked, id=1292, stack(0x0000000029a00000,0x0000000029b00000)]
  0x000000002793b800 JavaThread "J3D-RenderStructureUpdateThread-1" daemon [_thread_blocked, id=15496, stack(0x0000000029900000,0x0000000029a00000)]
  0x00000000195c6800 JavaThread "J3D-BehaviorScheduler-1" daemon [_thread_blocked, id=13952, stack(0x0000000029800000,0x0000000029900000)]
  0x00000000195c6000 JavaThread "J3D-TransformStructureUpdateThread-1" daemon [_thread_blocked, id=16604, stack(0x0000000029700000,0x0000000029800000)]
  0x00000000195cc800 JavaThread "J3D-RenderingEnvironmentStructureUpdateThread-1" daemon [_thread_blocked, id=11964, stack(0x0000000029600000,0x0000000029700000)]
  0x00000000195cc000 JavaThread "J3D-SoundStructureUpdateThread-1" daemon [_thread_blocked, id=7872, stack(0x0000000029500000,0x0000000029600000)]
  0x00000000195cb000 JavaThread "J3D-GeometryStructureUpdateThread-1" daemon [_thread_blocked, id=7016, stack(0x0000000029400000,0x0000000029500000)]
  0x00000000195ca800 JavaThread "J3D-BehaviorStructureUpdateThread-1" daemon [_thread_blocked, id=292, stack(0x0000000029300000,0x0000000029400000)]
  0x00000000195c9800 JavaThread "DestroyJavaVM" [_thread_blocked, id=19008, stack(0x0000000002620000,0x0000000002720000)]
  0x000000001d874800 JavaThread "AWT-EventQueue-0" [_thread_blocked, id=10520, stack(0x0000000028a00000,0x0000000028b00000)]
  0x000000001ac9a000 JavaThread "AWT-Shutdown" [_thread_blocked, id=10056, stack(0x000000001c700000,0x000000001c800000)]
  0x000000001a569800 JavaThread "Thread-5" [_thread_blocked, id=15916, stack(0x000000001add0000,0x000000001aed0000)]
=>0x000000001cd4e800 JavaThread "J3D-Renderer-1" daemon [_thread_in_native, id=6184, stack(0x0000000025290000,0x0000000025390000)]
  0x000000001cd4d800 JavaThread "J3D-MasterControl-1" daemon [_thread_blocked, id=15796, stack(0x0000000025190000,0x0000000025290000)]
  0x000000001ce09000 JavaThread "J3D-NotificationThread" daemon [_thread_blocked, id=10052, stack(0x0000000025090000,0x0000000025190000)]
  0x000000001ce8b000 JavaThread "J3D-TimerThread" daemon [_thread_blocked, id=14408, stack(0x0000000024f90000,0x0000000025090000)]
  0x000000001ce8a800 JavaThread "J3D-RenderingAttributesStructureUpdateThread" daemon [_thread_blocked, id=16124, stack(0x0000000024e90000,0x0000000024f90000)]
  0x000000001a5c0800 JavaThread "AWT-Windows" daemon [_thread_in_native, id=852, stack(0x000000001aed0000,0x000000001afd0000)]
  0x000000001a5bd800 JavaThread "Java2D Disposer" daemon [_thread_blocked, id=18928, stack(0x000000001acd0000,0x000000001add0000)]
  0x0000000019657000 JavaThread "Service Thread" daemon [_thread_blocked, id=17940, stack(0x000000001a180000,0x000000001a280000)]
  0x00000000195c7800 JavaThread "C1 CompilerThread3" daemon [_thread_blocked, id=13012, stack(0x000000001a080000,0x000000001a180000)]
  0x00000000195b3800 JavaThread "C2 CompilerThread2" daemon [_thread_blocked, id=18864, stack(0x0000000019f80000,0x000000001a080000)]
  0x00000000195ae000 JavaThread "C2 CompilerThread1" daemon [_thread_blocked, id=20272, stack(0x0000000019e80000,0x0000000019f80000)]
  0x00000000195ab000 JavaThread "C2 CompilerThread0" daemon [_thread_blocked, id=10660, stack(0x0000000019d80000,0x0000000019e80000)]
  0x00000000195a9800 JavaThread "Attach Listener" daemon [_thread_blocked, id=6716, stack(0x0000000019c80000,0x0000000019d80000)]
  0x00000000195a8000 JavaThread "Signal Dispatcher" daemon [_thread_blocked, id=13892, stack(0x0000000019b80000,0x0000000019c80000)]
  0x00000000195a0800 JavaThread "Finalizer" daemon [_thread_blocked, id=12004, stack(0x0000000019980000,0x0000000019a80000)]
  0x00000000176bd800 JavaThread "Reference Handler" daemon [_thread_blocked, id=4608, stack(0x0000000019480000,0x0000000019580000)]

Other Threads:
  0x00000000176b9800 VMThread [stack: 0x0000000019380000,0x0000000019480000] [id=4952]
  0x0000000019668800 WatcherThread [stack: 0x000000001a280000,0x000000001a380000] [id=19936]

VM state:not at safepoint (normal execution)

VM Mutex/Monitor currently owned by a thread: None

heap address: 0x0000000083200000, size: 1998 MB, Compressed Oops mode: 32-bit
Narrow klass base: 0x0000000000000000, Narrow klass shift: 3
Compressed class space size: 1073741824 Address: 0x0000000100000000

Heap:
 PSYoungGen      total 623616K, used 176904K [0x00000000d6600000, 0x0000000100000000, 0x0000000100000000)
  eden space 614400K, 28% used [0x00000000d6600000,0x00000000e12c2330,0x00000000fbe00000)
  from space 9216K, 0% used [0x00000000fed80000,0x00000000fed80000,0x00000000ff680000)
  to   space 33792K, 0% used [0x00000000fbe00000,0x00000000fbe00000,0x00000000fdf00000)
 ParOldGen       total 140288K, used 73295K [0x0000000083200000, 0x000000008bb00000, 0x00000000d6600000)
  object space 140288K, 52% used [0x0000000083200000,0x0000000087993e20,0x000000008bb00000)
 Metaspace       used 22355K, capacity 22552K, committed 22912K, reserved 1071104K
  class space    used 2064K, capacity 2153K, committed 2176K, reserved 1048576K

Card table byte_map: [0x0000000011be0000,0x0000000011fd0000] byte_map_base: 0x00000000117c7000

Marking Bits: (ParMarkBitMap*) 0x0000000058325ce0
 Begin Bits: [0x0000000012a70000, 0x00000000149a8000)
 End Bits:   [0x00000000149a8000, 0x00000000168e0000)

Polling page: 0x0000000000cb0000

CodeCache: size=245760Kb used=11432Kb max_used=13013Kb free=234327Kb
 bounds [0x0000000002820000, 0x0000000003510000, 0x0000000011820000]
 total_blobs=3631 nmethods=2702 adapters=841
 compilation: enabled

Compilation events (10 events):
Event: 248.333 Thread 0x00000000195ab000 nmethod 3446 0x0000000002cd3c50 code [0x0000000002cd3e00, 0x0000000002cd4490]
Event: 248.349 Thread 0x00000000195b3800 nmethod 3444 0x00000000033e8050 code [0x00000000033e82a0, 0x00000000033e9598]
Event: 254.988 Thread 0x00000000195c7800 3447       3       java.util.logging.LogManager$LoggerContext::ensureDefaultLogger (70 bytes)
Event: 254.988 Thread 0x00000000195c7800 nmethod 3447 0x00000000029db7d0 code [0x00000000029db980, 0x00000000029dc208]
Event: 254.988 Thread 0x00000000195c7800 3449       3       java.util.Hashtable$Enumerator::hasMoreElements (53 bytes)
Event: 254.989 Thread 0x00000000195c7800 nmethod 3449 0x0000000002bd7bd0 code [0x0000000002bd7d40, 0x0000000002bd8010]
Event: 254.989 Thread 0x00000000195c7800 3448  s    3       java.util.Hashtable::containsKey (65 bytes)
Event: 254.989 Thread 0x00000000195c7800 nmethod 3448 0x0000000002c03410 code [0x0000000002c035a0, 0x0000000002c03bd8]
Event: 255.005 Thread 0x00000000195ae000 3450       4       java.util.zip.ZipFile::getZipEntry (251 bytes)
Event: 255.005 Thread 0x00000000195ab000 3451       4       java.util.zip.ZipCoder::toString (190 bytes)

GC Heap History (10 events):
Event: 5.625 GC heap before
{Heap before GC invocations=13 (full 0):
 PSYoungGen      total 670208K, used 661726K [0x00000000d6600000, 0x00000000fff00000, 0x0000000100000000)
  eden space 660480K, 100% used [0x00000000d6600000,0x00000000feb00000,0x00000000feb00000)
  from space 9728K, 12% used [0x00000000ff580000,0x00000000ff6b7880,0x00000000fff00000)
  to   space 10240K, 0% used [0x00000000feb00000,0x00000000feb00000,0x00000000ff500000)
 ParOldGen       total 86016K, used 12058K [0x0000000083200000, 0x0000000088600000, 0x00000000d6600000)
  object space 86016K, 14% used [0x0000000083200000,0x0000000083dc69d8,0x0000000088600000)
 Metaspace       used 19497K, capacity 19648K, committed 19968K, reserved 1067008K
  class space    used 1901K, capacity 1959K, committed 2048K, reserved 1048576K
Event: 5.629 GC heap after
Heap after GC invocations=13 (full 0):
 PSYoungGen      total 670720K, used 2405K [0x00000000d6600000, 0x0000000100000000, 0x0000000100000000)
  eden space 660480K, 0% used [0x00000000d6600000,0x00000000d6600000,0x00000000feb00000)
  from space 10240K, 23% used [0x00000000feb00000,0x00000000fed59600,0x00000000ff500000)
  to   space 10240K, 0% used [0x00000000ff600000,0x00000000ff600000,0x0000000100000000)
 ParOldGen       total 86016K, used 12298K [0x0000000083200000, 0x0000000088600000, 0x00000000d6600000)
  object space 86016K, 14% used [0x0000000083200000,0x0000000083e029d8,0x0000000088600000)
 Metaspace       used 19497K, capacity 19648K, committed 19968K, reserved 1067008K
  class space    used 1901K, capacity 1959K, committed 2048K, reserved 1048576K
}
Event: 6.135 GC heap before
{Heap before GC invocations=14 (full 0):
 PSYoungGen      total 670720K, used 662885K [0x00000000d6600000, 0x0000000100000000, 0x0000000100000000)
  eden space 660480K, 100% used [0x00000000d6600000,0x00000000feb00000,0x00000000feb00000)
  from space 10240K, 23% used [0x00000000feb00000,0x00000000fed59600,0x00000000ff500000)
  to   space 10240K, 0% used [0x00000000ff600000,0x00000000ff600000,0x0000000100000000)
 ParOldGen       total 86016K, used 12298K [0x0000000083200000, 0x0000000088600000, 0x00000000d6600000)
  object space 86016K, 14% used [0x0000000083200000,0x0000000083e029d8,0x0000000088600000)
 Metaspace       used 19508K, capacity 19712K, committed 19968K, reserved 1067008K
  class space    used 1901K, capacity 1959K, committed 2048K, reserved 1048576K
Event: 6.136 GC heap after
Heap after GC invocations=14 (full 0):
 PSYoungGen      total 670720K, used 832K [0x00000000d6600000, 0x00000000fff00000, 0x0000000100000000)
  eden space 661504K, 0% used [0x00000000d6600000,0x00000000d6600000,0x00000000fec00000)
  from space 9216K, 9% used [0x00000000ff600000,0x00000000ff6d0000,0x00000000fff00000)
  to   space 9728K, 0% used [0x00000000fec00000,0x00000000fec00000,0x00000000ff580000)
 ParOldGen       total 86016K, used 12650K [0x0000000083200000, 0x0000000088600000, 0x00000000d6600000)
  object space 86016K, 14% used [0x0000000083200000,0x0000000083e5a9d8,0x0000000088600000)
 Metaspace       used 19508K, capacity 19712K, committed 19968K, reserved 1067008K
  class space    used 1901K, capacity 1959K, committed 2048K, reserved 1048576K
}
Event: 6.719 GC heap before
{Heap before GC invocations=15 (full 0):
 PSYoungGen      total 670720K, used 662336K [0x00000000d6600000, 0x00000000fff00000, 0x0000000100000000)
  eden space 661504K, 100% used [0x00000000d6600000,0x00000000fec00000,0x00000000fec00000)
  from space 9216K, 9% used [0x00000000ff600000,0x00000000ff6d0000,0x00000000fff00000)
  to   space 9728K, 0% used [0x00000000fec00000,0x00000000fec00000,0x00000000ff580000)
 ParOldGen       total 86016K, used 12650K [0x0000000083200000, 0x0000000088600000, 0x00000000d6600000)
  object space 86016K, 14% used [0x0000000083200000,0x0000000083e5a9d8,0x0000000088600000)
 Metaspace       used 19567K, capacity 19712K, committed 19968K, reserved 1067008K
  class space    used 1905K, capacity 1959K, committed 2048K, reserved 1048576K
Event: 6.721 GC heap after
Heap after GC invocations=15 (full 0):
 PSYoungGen      total 631808K, used 1404K [0x00000000d6600000, 0x00000000ff680000, 0x0000000100000000)
  eden space 630272K, 0% used [0x00000000d6600000,0x00000000d6600000,0x00000000fcd80000)
  from space 1536K, 91% used [0x00000000fec00000,0x00000000fed5f320,0x00000000fed80000)
  to   space 9216K, 0% used [0x00000000fed80000,0x00000000fed80000,0x00000000ff680000)
 ParOldGen       total 86016K, used 13050K [0x0000000083200000, 0x0000000088600000, 0x00000000d6600000)
  object space 86016K, 15% used [0x0000000083200000,0x0000000083ebe9d8,0x0000000088600000)
 Metaspace       used 19567K, capacity 19712K, committed 19968K, reserved 1067008K
  class space    used 1905K, capacity 1959K, committed 2048K, reserved 1048576K
}
Event: 7.461 GC heap before
{Heap before GC invocations=16 (full 0):
 PSYoungGen      total 631808K, used 572176K [0x00000000d6600000, 0x00000000ff680000, 0x0000000100000000)
  eden space 630272K, 90% used [0x00000000d6600000,0x00000000f9364df8,0x00000000fcd80000)
  from space 1536K, 91% used [0x00000000fec00000,0x00000000fed5f320,0x00000000fed80000)
  to   space 9216K, 0% used [0x00000000fed80000,0x00000000fed80000,0x00000000ff680000)
 ParOldGen       total 86016K, used 13050K [0x0000000083200000, 0x0000000088600000, 0x00000000d6600000)
  object space 86016K, 15% used [0x0000000083200000,0x0000000083ebe9d8,0x0000000088600000)
 Metaspace       used 20815K, capacity 20992K, committed 21296K, reserved 1069056K
  class space    used 2016K, capacity 2087K, committed 2176K, reserved 1048576K
Event: 7.483 GC heap after
Heap after GC invocations=16 (full 0):
 PSYoungGen      total 623616K, used 9205K [0x00000000d6600000, 0x0000000100000000, 0x0000000100000000)
  eden space 614400K, 0% used [0x00000000d6600000,0x00000000d6600000,0x00000000fbe00000)
  from space 9216K, 99% used [0x00000000fed80000,0x00000000ff67d7f8,0x00000000ff680000)
  to   space 33792K, 0% used [0x00000000fbe00000,0x00000000fbe00000,0x00000000fdf00000)
 ParOldGen       total 86016K, used 73723K [0x0000000083200000, 0x0000000088600000, 0x00000000d6600000)
  object space 86016K, 85% used [0x0000000083200000,0x00000000879fee18,0x0000000088600000)
 Metaspace       used 20815K, capacity 20992K, committed 21296K, reserved 1069056K
  class space    used 2016K, capacity 2087K, committed 2176K, reserved 1048576K
}
Event: 7.483 GC heap before
{Heap before GC invocations=17 (full 1):
 PSYoungGen      total 623616K, used 9205K [0x00000000d6600000, 0x0000000100000000, 0x0000000100000000)
  eden space 614400K, 0% used [0x00000000d6600000,0x00000000d6600000,0x00000000fbe00000)
  from space 9216K, 99% used [0x00000000fed80000,0x00000000ff67d7f8,0x00000000ff680000)
  to   space 33792K, 0% used [0x00000000fbe00000,0x00000000fbe00000,0x00000000fdf00000)
 ParOldGen       total 86016K, used 73723K [0x0000000083200000, 0x0000000088600000, 0x00000000d6600000)
  object space 86016K, 85% used [0x0000000083200000,0x00000000879fee18,0x0000000088600000)
 Metaspace       used 20815K, capacity 20992K, committed 21296K, reserved 1069056K
  class space    used 2016K, capacity 2087K, committed 2176K, reserved 1048576K
Event: 7.516 GC heap after
Heap after GC invocations=17 (full 1):
 PSYoungGen      total 623616K, used 0K [0x00000000d6600000, 0x0000000100000000, 0x0000000100000000)
  eden space 614400K, 0% used [0x00000000d6600000,0x00000000d6600000,0x00000000fbe00000)
  from space 9216K, 0% used [0x00000000fed80000,0x00000000fed80000,0x00000000ff680000)
  to   space 33792K, 0% used [0x00000000fbe00000,0x00000000fbe00000,0x00000000fdf00000)
 ParOldGen       total 140288K, used 73295K [0x0000000083200000, 0x000000008bb00000, 0x00000000d6600000)
  object space 140288K, 52% used [0x0000000083200000,0x0000000087993e20,0x000000008bb00000)
 Metaspace       used 20815K, capacity 20992K, committed 21296K, reserved 1069056K
  class space    used 2016K, capacity 2087K, committed 2176K, reserved 1048576K
}

Deoptimization events (10 events):
Event: 139.211 Thread 0x000000001cd4d800 Uncommon trap: reason=unstable_if action=reinterpret pc=0x0000000002efd108 method=org.jogamp.java3d.RenderMolecule.updateObject()V @ 4
Event: 159.194 Thread 0x000000001cd4d800 Uncommon trap: reason=unstable_if action=reinterpret pc=0x0000000002d6f220 method=org.jogamp.java3d.RenderMolecule.updateObject()V @ 106
Event: 254.986 Thread 0x000000001a5c0800 Uncommon trap: reason=class_check action=maybe_recompile pc=0x0000000002974098 method=sun.awt.SunToolkit.getAppContext(Ljava/lang/Object;)Lsun/awt/AppContext; @ 11
Event: 254.986 Thread 0x000000001a5c0800 Uncommon trap: reason=class_check action=maybe_recompile pc=0x0000000002974098 method=sun.awt.SunToolkit.getAppContext(Ljava/lang/Object;)Lsun/awt/AppContext; @ 11
Event: 254.987 Thread 0x000000001d874800 Uncommon trap: reason=class_check action=maybe_recompile pc=0x00000000034d6c10 method=java.awt.EventQueue.coalesceEvent(Ljava/awt/AWTEvent;I)Z @ 32
Event: 254.988 Thread 0x000000001a99f800 Uncommon trap: reason=class_check action=maybe_recompile pc=0x0000000002df673c method=jogamp.opengl.GLDrawableImpl.lockSurface()I @ 4
Event: 254.988 Thread 0x000000001a99f800 Uncommon trap: reason=class_check action=maybe_recompile pc=0x0000000002caeaa0 method=jogamp.opengl.GLDrawableImpl.lockSurface()I @ 4
Event: 254.988 Thread 0x000000001a99f800 Uncommon trap: reason=class_check action=maybe_recompile pc=0x0000000002e62a64 method=jogamp.opengl.GLDrawableImpl.getHandle()J @ 4
Event: 254.988 Thread 0x000000001a99f800 Uncommon trap: reason=unstable_if action=reinterpret pc=0x0000000003254d94 method=jogamp.opengl.GLContextImpl.release(Z)V @ 167
Event: 254.992 Thread 0x000000001a99f800 Uncommon trap: reason=unstable_if action=reinterpret pc=0x0000000002f37000 method=com.jogamp.common.util.IntIntHashMap.put(II)I @ 21

Classes redefined (0 events):
No events

Internal exceptions (10 events):
Event: 6.207 Thread 0x000000000253e000 Exception <a 'java/io/FileNotFoundException'> (0x00000000dc81bb40) thrown at [C:\re\workspace\8-2-build-windows-amd64-cygwin\jdk8u202\12323\hotspot\src\share\vm\prims\jni.cpp, line 710]
Event: 6.216 Thread 0x000000000253e000 Exception <a 'java/io/FileNotFoundException'> (0x00000000dd323920) thrown at [C:\re\workspace\8-2-build-windows-amd64-cygwin\jdk8u202\12323\hotspot\src\share\vm\prims\jni.cpp, line 710]
Event: 6.224 Thread 0x000000000253e000 Exception <a 'java/io/FileNotFoundException'> (0x00000000dde29258) thrown at [C:\re\workspace\8-2-build-windows-amd64-cygwin\jdk8u202\12323\hotspot\src\share\vm\prims\jni.cpp, line 710]
Event: 6.232 Thread 0x000000000253e000 Exception <a 'java/io/FileNotFoundException'> (0x00000000de92b288) thrown at [C:\re\workspace\8-2-build-windows-amd64-cygwin\jdk8u202\12323\hotspot\src\share\vm\prims\jni.cpp, line 710]
Event: 6.240 Thread 0x000000000253e000 Exception <a 'java/io/FileNotFoundException'> (0x00000000df42d290) thrown at [C:\re\workspace\8-2-build-windows-amd64-cygwin\jdk8u202\12323\hotspot\src\share\vm\prims\jni.cpp, line 710]
Event: 6.248 Thread 0x000000000253e000 Exception <a 'java/io/FileNotFoundException'> (0x00000000dff2f2a8) thrown at [C:\re\workspace\8-2-build-windows-amd64-cygwin\jdk8u202\12323\hotspot\src\share\vm\prims\jni.cpp, line 710]
Event: 6.916 Thread 0x000000000253e000 Exception <a 'java/io/FileNotFoundException'> (0x00000000e4f0c8a8) thrown at [C:\re\workspace\8-2-build-windows-amd64-cygwin\jdk8u202\12323\hotspot\src\share\vm\prims\jni.cpp, line 710]
Event: 6.966 Thread 0x000000000253e000 Exception <a 'java/io/FileNotFoundException'> (0x00000000e7646af0) thrown at [C:\re\workspace\8-2-build-windows-amd64-cygwin\jdk8u202\12323\hotspot\src\share\vm\prims\jni.cpp, line 710]
Event: 7.036 Thread 0x000000000253e000 Exception <a 'java/io/FileNotFoundException'> (0x00000000ea244000) thrown at [C:\re\workspace\8-2-build-windows-amd64-cygwin\jdk8u202\12323\hotspot\src\share\vm\prims\jni.cpp, line 710]
Event: 254.992 Thread 0x000000001a99f800 Implicit null exception at 0x0000000002f36f65 to 0x0000000002f36fd9

Events (10 events):
Event: 255.000 loading class jogamp/opengl/egl/EGLGraphicsConfigurationFactory done
Event: 255.002 loading class com/jogamp/nativewindow/egl/EGLGraphicsDevice
Event: 255.002 loading class com/jogamp/nativewindow/egl/EGLGraphicsDevice done
Event: 255.003 loading class jogamp/opengl/egl/EGLDisplayUtil
Event: 255.003 loading class jogamp/opengl/egl/EGLDisplayUtil done
Event: 255.004 loading class com/jogamp/nativewindow/egl/EGLGraphicsDevice$EGLDisplayLifecycleCallback
Event: 255.004 loading class com/jogamp/nativewindow/egl/EGLGraphicsDevice$EGLDisplayLifecycleCallback done
Event: 255.005 loading class jogamp/opengl/egl/EGLDisplayUtil$1
Event: 255.005 loading class jogamp/opengl/egl/EGLDisplayUtil$1 done
Event: 255.007 Thread 0x0000000027940800 Thread exited: 0x0000000027940800


Dynamic libraries:
0x00007ff739200000 - 0x00007ff739237000 	C:\Program Files\Java\jre1.8.0_202\bin\javaw.exe
0x00007ffb910d0000 - 0x00007ffb912e7000 	C:\WINDOWS\SYSTEM32\ntdll.dll
0x00007ffb904c0000 - 0x00007ffb90584000 	C:\WINDOWS\System32\KERNEL32.DLL
0x00007ffb8e730000 - 0x00007ffb8eb01000 	C:\WINDOWS\System32\KERNELBASE.dll
0x00007ffb8f240000 - 0x00007ffb8f2f1000 	C:\WINDOWS\System32\ADVAPI32.dll
0x00007ffb90f50000 - 0x00007ffb90ff7000 	C:\WINDOWS\System32\msvcrt.dll
0x00007ffb907c0000 - 0x00007ffb90867000 	C:\WINDOWS\System32\sechost.dll
0x00007ffb8e520000 - 0x00007ffb8e548000 	C:\WINDOWS\System32\bcrypt.dll
0x00007ffb908f0000 - 0x00007ffb90a04000 	C:\WINDOWS\System32\RPCRT4.dll
0x00007ffb8f080000 - 0x00007ffb8f231000 	C:\WINDOWS\System32\USER32.dll
0x00007ffb8e210000 - 0x00007ffb8e236000 	C:\WINDOWS\System32\win32u.dll
0x00007ffb90e90000 - 0x00007ffb90eb9000 	C:\WINDOWS\System32\GDI32.dll
0x00007ffb8e400000 - 0x00007ffb8e51b000 	C:\WINDOWS\System32\gdi32full.dll
0x00007ffb8ed00000 - 0x00007ffb8ed9a000 	C:\WINDOWS\System32\msvcp_win.dll
0x00007ffb8e610000 - 0x00007ffb8e721000 	C:\WINDOWS\System32\ucrtbase.dll
0x00007ffb77b70000 - 0x00007ffb77e02000 	C:\WINDOWS\WinSxS\amd64_microsoft.windows.common-controls_6595b64144ccf1df_6.0.22621.4830_none_270fe7d773858e80\COMCTL32.dll
0x00007ffb90590000 - 0x00007ffb905c1000 	C:\WINDOWS\System32\IMM32.DLL
0x00000000583b0000 - 0x0000000058482000 	C:\Program Files\Java\jre1.8.0_202\bin\msvcr100.dll
0x0000000057b00000 - 0x00000000583a5000 	C:\Program Files\Java\jre1.8.0_202\bin\server\jvm.dll
0x00007ffb8f410000 - 0x00007ffb8f418000 	C:\WINDOWS\System32\PSAPI.DLL
0x00007ffb88400000 - 0x00007ffb88434000 	C:\WINDOWS\SYSTEM32\WINMM.dll
0x00007ffb77470000 - 0x00007ffb77479000 	C:\WINDOWS\SYSTEM32\WSOCK32.dll
0x00007ffb881f0000 - 0x00007ffb881fa000 	C:\WINDOWS\SYSTEM32\VERSION.dll
0x00007ffb90870000 - 0x00007ffb908e1000 	C:\WINDOWS\System32\WS2_32.dll
0x00007ffb86320000 - 0x00007ffb8632f000 	C:\Program Files\Java\jre1.8.0_202\bin\verify.dll
0x00007ffb85e50000 - 0x00007ffb85e79000 	C:\Program Files\Java\jre1.8.0_202\bin\java.dll
0x00007ffb85db0000 - 0x00007ffb85dc6000 	C:\Program Files\Java\jre1.8.0_202\bin\zip.dll
0x00007ffb8fc30000 - 0x00007ffb904b8000 	C:\WINDOWS\System32\SHELL32.dll
0x00007ffb8e240000 - 0x00007ffb8e37f000 	C:\WINDOWS\System32\wintypes.dll
0x00007ffb8f7c0000 - 0x00007ffb8fb50000 	C:\WINDOWS\System32\combase.dll
0x00007ffb8c120000 - 0x00007ffb8ca2d000 	C:\WINDOWS\SYSTEM32\windows.storage.dll
0x00007ffb8f300000 - 0x00007ffb8f40a000 	C:\WINDOWS\System32\SHCORE.dll
0x00007ffb91020000 - 0x00007ffb9107e000 	C:\WINDOWS\System32\shlwapi.dll
0x00007ffb8e140000 - 0x00007ffb8e16b000 	C:\WINDOWS\SYSTEM32\profapi.dll
0x00007ffb5b820000 - 0x00007ffb5b9b9000 	C:\Program Files\Java\jre1.8.0_202\bin\awt.dll
0x00007ffb905d0000 - 0x00007ffb906a7000 	C:\WINDOWS\System32\OLEAUT32.dll
0x00007ffb88230000 - 0x00007ffb882c7000 	C:\WINDOWS\SYSTEM32\apphelp.dll
0x00007ffb8b750000 - 0x00007ffb8b77b000 	C:\WINDOWS\system32\DWMAPI.DLL
0x00007ffb8b4b0000 - 0x00007ffb8b563000 	C:\WINDOWS\system32\uxtheme.dll
0x00007ffb549e0000 - 0x00007ffb54ae0000 	C:\WINDOWS\system32\opengl32.dll
0x00007ffb54ca0000 - 0x00007ffb54ccd000 	C:\WINDOWS\SYSTEM32\GLU32.dll
0x00007ffb8b5e0000 - 0x00007ffb8b617000 	C:\WINDOWS\SYSTEM32\dxcore.dll
0x00007ffb8f420000 - 0x00007ffb8f57d000 	C:\WINDOWS\System32\MSCTF.dll
0x00007ffb8f610000 - 0x00007ffb8f7b1000 	C:\WINDOWS\System32\ole32.dll
0x00007ffb8d320000 - 0x00007ffb8d338000 	C:\WINDOWS\SYSTEM32\kernel.appcore.dll
0x00007ffb8e380000 - 0x00007ffb8e3fb000 	C:\WINDOWS\System32\bcryptPrimitives.dll
0x00007ffb8da10000 - 0x00007ffb8da2b000 	C:\WINDOWS\SYSTEM32\CRYPTSP.dll
0x00007ffb8d280000 - 0x00007ffb8d2b7000 	C:\WINDOWS\system32\rsaenh.dll
0x00007ffb8d890000 - 0x00007ffb8d8b8000 	C:\WINDOWS\SYSTEM32\USERENV.dll
0x00007ffb8da30000 - 0x00007ffb8da3c000 	C:\WINDOWS\SYSTEM32\CRYPTBASE.dll
0x00007ffb85d90000 - 0x00007ffb85daa000 	C:\Program Files\Java\jre1.8.0_202\bin\net.dll
0x00007ffb7d2a0000 - 0x00007ffb7d495000 	C:\WINDOWS\SYSTEM32\urlmon.dll
0x00007ffb7cfb0000 - 0x00007ffb7d26f000 	C:\WINDOWS\SYSTEM32\iertutil.dll
0x00007ffb7d270000 - 0x00007ffb7d298000 	C:\WINDOWS\SYSTEM32\srvcli.dll
0x00007ffb8cc80000 - 0x00007ffb8cc8c000 	C:\WINDOWS\SYSTEM32\netutils.dll
0x00007ffb8d7a0000 - 0x00007ffb8d80a000 	C:\WINDOWS\system32\mswsock.dll
0x00007ffb8cd10000 - 0x00007ffb8cd3d000 	C:\WINDOWS\SYSTEM32\IPHLPAPI.DLL
0x00007ffb8f580000 - 0x00007ffb8f589000 	C:\WINDOWS\System32\NSI.dll
0x00007ffb88310000 - 0x00007ffb88329000 	C:\WINDOWS\SYSTEM32\dhcpcsvc6.DLL
0x00007ffb882f0000 - 0x00007ffb8830f000 	C:\WINDOWS\SYSTEM32\dhcpcsvc.DLL
0x00007ffb8cd80000 - 0x00007ffb8ce82000 	C:\WINDOWS\SYSTEM32\DNSAPI.dll
0x00007ffb85d70000 - 0x00007ffb85d82000 	C:\Program Files\Java\jre1.8.0_202\bin\nio.dll
0x00007ffb85d50000 - 0x00007ffb85d63000 	C:\Users\noahm\AppData\Local\Temp\jogamp_0000\file_cache\jln3166017362765356728\jln2357013709736978827\natives\windows-amd64\gluegen_rt.dll
0x00007ffb86310000 - 0x00007ffb86317000 	C:\Program Files\Java\jre1.8.0_202\bin\jawt.dll
0x00007ffb85e40000 - 0x00007ffb85e4d000 	C:\Users\noahm\AppData\Local\Temp\jogamp_0000\file_cache\jln3166017362765356728\jln2357013709736978827\natives\windows-amd64\nativewindow_awt.dll
0x00007ffb85d30000 - 0x00007ffb85d45000 	C:\Users\noahm\AppData\Local\Temp\jogamp_0000\file_cache\jln3166017362765356728\jln2357013709736978827\natives\windows-amd64\nativewindow_win32.dll
0x00007ffb66a30000 - 0x00007ffb66ab3000 	C:\Users\noahm\AppData\Local\Temp\jogamp_0000\file_cache\jln3166017362765356728\jln2357013709736978827\natives\windows-amd64\jogl_desktop.dll
0x00007ffb77e50000 - 0x00007ffb77ea2000 	C:\Users\noahm\AppData\Local\Temp\jogamp_0000\file_cache\jln3166017362765356728\jln2357013709736978827\natives\windows-amd64\jogl_mobile.dll
0x00007ffb85630000 - 0x00007ffb85679000 	C:\WINDOWS\SYSTEM32\directxdatabasehelper.dll
0x00007ffb90710000 - 0x00007ffb907c0000 	C:\WINDOWS\System32\clbcatq.dll
0x00007ffb88b90000 - 0x00007ffb88cd4000 	C:\Windows\System32\AppXDeploymentClient.dll
0x00007ffb322a0000 - 0x00007ffb3318d000 	C:\WINDOWS\System32\DriverStore\FileRepository\iigd_dch.inf_amd64_56663c64bec44963\ig12icd64.dll
0x00007ffb8b620000 - 0x00007ffb8b717000 	C:\WINDOWS\system32\dxgi.dll
0x00007ffb7fd90000 - 0x00007ffb7ff37000 	C:\WINDOWS\System32\DriverStore\FileRepository\iigd_dch.inf_amd64_56663c64bec44963\igdgmm64.dll
0x00007ffae9a30000 - 0x00007ffae9e21000 	C:\WINDOWS\System32\DriverStore\FileRepository\iigd_dch.inf_amd64_56663c64bec44963\igdml64.dll
0x00007ffb7d4a0000 - 0x00007ffb7fd8a000 	C:\WINDOWS\System32\DriverStore\FileRepository\iigd_dch.inf_amd64_56663c64bec44963\igc64.dll
0x00007ffb8d080000 - 0x00007ffb8d0cd000 	C:\WINDOWS\SYSTEM32\powrprof.dll
0x00007ffb8d060000 - 0x00007ffb8d073000 	C:\WINDOWS\SYSTEM32\UMPDC.dll
0x00007ffb77780000 - 0x00007ffb777c7000 	C:\Program Files\Java\jre1.8.0_202\bin\fontmanager.dll
0x00007ffb77fd0000 - 0x00007ffb78113000 	C:\WINDOWS\SYSTEM32\textinputframework.dll
0x00007ffb75eb0000 - 0x00007ffb75ee1000 	C:\Program Files\Java\jre1.8.0_202\bin\jpeg.dll
0x00007ffb75b40000 - 0x00007ffb75b82000 	C:\Program Files\Java\jre1.8.0_202\bin\t2k.dll
0x00007ffb87e00000 - 0x00007ffb87f35000 	C:\WINDOWS\SYSTEM32\CoreMessaging.dll
0x00007ffb85000000 - 0x00007ffb8536c000 	C:\WINDOWS\SYSTEM32\CoreUIComponents.dll
0x00007ffb8aef0000 - 0x00007ffb8b122000 	C:\WINDOWS\SYSTEM32\dbghelp.dll

VM Arguments:
jvm_args: -Dfile.encoding=UTF-8 -Dstdout.encoding=UTF-8 -Dstderr.encoding=UTF-8 
java_command: museum.Museum
java_class_path (initial): C:\Users\noahm\eclipse-workspace\Museum\bin;C:\jars4java3d\gluegen-rt.jar;C:\jars4java3d\java3d-core.jar;C:\jars4java3d\java3d-examples.jar;C:\jars4java3d\java3d-utils.jar;C:\jars4java3d\jogamp-fat.jar;C:\jars4java3d\jogamp-fat-test.jar;C:\jars4java3d\jogl-demos.jar;C:\jars4java3d\jogl-fonts-p0.jar;C:\jars4java3d\vecmath.jar
Launcher Type: SUN_STANDARD

Environment Variables:
JAVA_HOME=C:\Program Files\Eclipse Adoptium\jdk-17.0.12.7-hotspot\
PATH=C:\Program Files\Common Files\Oracle\Java\javapath;C:\Program Files (x86)\Common Files\Oracle\Java\java8path;C:\Program Files (x86)\Common Files\Oracle\Java\javapath;C:\WINDOWS\system32;C:\WINDOWS;C:\WINDOWS\System32\Wbem;C:\WINDOWS\System32\WindowsPowerShell\v1.0\;C:\WINDOWS\System32\OpenSSH\;C:\Program Files\Git\cmd;C:\Program Files\Microsoft SQL Server\150\Tools\Binn\;C:\Program Files\Microsoft SQL Server\Client SDK\ODBC\170\Tools\Binn\;C:\Program Files\dotnet\;C:\Users\noahm\AppData\Local\Programs\Python\Python311\Scripts\;C:\Users\noahm\AppData\Local\Programs\Python\Python311\;C:\MinGW\bin;C:\Users\noahm\AppData\Local\Microsoft\WindowsApps;C:\cygwin64;C:\Users\noahm\AppData\Local\Programs\Microsoft VS Code\bin;C:\Users\noahm\.dotnet\tools;C:\Users\noahm\AppData\Local\GitHubDesktop\bin
USERNAME=noahm
OS=Windows_NT
PROCESSOR_IDENTIFIER=Intel64 Family 6 Model 140 Stepping 1, GenuineIntel



---------------  S Y S T E M  ---------------

OS: Windows 10.0 , 64 bit Build 22621 (10.0.22621.4974)

CPU:total 8 (initial active 8) (4 cores per cpu, 2 threads per core) family 6 model 140 stepping 1, cmov, cx8, fxsr, mmx, sse, sse2, sse3, ssse3, sse4.1, sse4.2, popcnt, avx, avx2, aes, clmul, erms, 3dnowpref, lzcnt, ht, tsc, tscinvbit, bmi1, bmi2, adx

Memory: 4k page, physical 8179000k(935588k free), swap 14732600k(2540628k free)

vm_info: Java HotSpot(TM) 64-Bit Server VM (25.202-b08) for windows-amd64 JRE (1.8.0_202-b08), built on Dec 15 2018 19:54:30 by "java_re" with MS VC++ 10.0 (VS2010)

time: Thu Mar 27 22:09:25 2025
timezone: Eastern Daylight Time
elapsed time: 255 seconds (0d 0h 4m 15s)

